14:30:00.470 INFO  o.a.coyote.http11.Http11Processor - Error parsing HTTP request header
 Note: further occurrences of HTTP request parsing errors will be logged at DEBUG level.
java.lang.IllegalArgumentException: Invalid character found in method name. HTTP method names must be tokens
	at org.apache.coyote.http11.Http11InputBuffer.parseRequestLine(Http11InputBuffer.java:418)
	at org.apache.coyote.http11.Http11Processor.service(Http11Processor.java:260)
	at org.apache.coyote.AbstractProcessorLight.process(AbstractProcessorLight.java:65)
	at org.apache.coyote.AbstractProtocol$ConnectionHandler.process(AbstractProtocol.java:868)
	at org.apache.tomcat.util.net.NioEndpoint$SocketProcessor.doRun(NioEndpoint.java:1594)
	at org.apache.tomcat.util.net.SocketProcessorBase.run(SocketProcessorBase.java:49)
	at java.util.concurrent.ThreadPoolExecutor.runWorker(Unknown Source)
	at java.util.concurrent.ThreadPoolExecutor$Worker.run(Unknown Source)
	at org.apache.tomcat.util.threads.TaskThread$WrappingRunnable.run(TaskThread.java:61)
	at java.lang.Thread.run(Unknown Source)
21:32:26.819 INFO  x.myblog.controller.BaseController - {"id":null,"title":"0505Test","keyWord":null,"user":"xuecl","digest":null,"oprate":"save"}
21:32:26.928 INFO  x.myblog.controller.BaseController - 输入参数 {"id":null,"title":"0505Test","keyWord":null,"user":"xuecl","digest":null,"oprate":"save"}
21:32:26.929 ERROR x.myblog.controller.BaseController - null
21:32:27.000 ERROR x.myblog.controller.BaseController - xuecl.myblog.controller.BaseController.baseController(BaseController.java:50)
sun.reflect.NativeMethodAccessorImpl.invoke0(Native Method)
sun.reflect.NativeMethodAccessorImpl.invoke(Unknown Source)
sun.reflect.DelegatingMethodAccessorImpl.invoke(Unknown Source)
java.lang.reflect.Method.invoke(Unknown Source)
org.springframework.web.method.support.InvocableHandlerMethod.doInvoke(InvocableHandlerMethod.java:190)
org.springframework.web.method.support.InvocableHandlerMethod.invokeForRequest(InvocableHandlerMethod.java:138)
org.springframework.web.servlet.mvc.method.annotation.ServletInvocableHandlerMethod.invokeAndHandle(ServletInvocableHandlerMethod.java:105)
org.springframework.web.servlet.mvc.method.annotation.RequestMappingHandlerAdapter.invokeHandlerMethod(RequestMappingHandlerAdapter.java:879)
org.springframework.web.servlet.mvc.method.annotation.RequestMappingHandlerAdapter.handleInternal(RequestMappingHandlerAdapter.java:793)
org.springframework.web.servlet.mvc.method.AbstractHandlerMethodAdapter.handle(AbstractHandlerMethodAdapter.java:87)
org.springframework.web.servlet.DispatcherServlet.doDispatch(DispatcherServlet.java:1040)
org.springframework.web.servlet.DispatcherServlet.doService(DispatcherServlet.java:943)
org.springframework.web.servlet.FrameworkServlet.processRequest(FrameworkServlet.java:1006)
org.springframework.web.servlet.FrameworkServlet.doPost(FrameworkServlet.java:909)
javax.servlet.http.HttpServlet.service(HttpServlet.java:660)
org.springframework.web.servlet.FrameworkServlet.service(FrameworkServlet.java:883)
javax.servlet.http.HttpServlet.service(HttpServlet.java:741)
org.apache.catalina.core.ApplicationFilterChain.internalDoFilter(ApplicationFilterChain.java:231)
org.apache.catalina.core.ApplicationFilterChain.doFilter(ApplicationFilterChain.java:166)
org.apache.tomcat.websocket.server.WsFilter.doFilter(WsFilter.java:53)
org.apache.catalina.core.ApplicationFilterChain.internalDoFilter(ApplicationFilterChain.java:193)
org.apache.catalina.core.ApplicationFilterChain.doFilter(ApplicationFilterChain.java:166)
xuecl.myblog.filter.AddAllowOriginHttpHeaderFilter.doFilter(AddAllowOriginHttpHeaderFilter.java:28)
org.apache.catalina.core.ApplicationFilterChain.internalDoFilter(ApplicationFilterChain.java:193)
org.apache.catalina.core.ApplicationFilterChain.doFilter(ApplicationFilterChain.java:166)
org.springframework.web.filter.RequestContextFilter.doFilterInternal(RequestContextFilter.java:100)
org.springframework.web.filter.OncePerRequestFilter.doFilter(OncePerRequestFilter.java:119)
org.apache.catalina.core.ApplicationFilterChain.internalDoFilter(ApplicationFilterChain.java:193)
org.apache.catalina.core.ApplicationFilterChain.doFilter(ApplicationFilterChain.java:166)
org.springframework.web.filter.FormContentFilter.doFilterInternal(FormContentFilter.java:93)
org.springframework.web.filter.OncePerRequestFilter.doFilter(OncePerRequestFilter.java:119)
org.apache.catalina.core.ApplicationFilterChain.internalDoFilter(ApplicationFilterChain.java:193)
org.apache.catalina.core.ApplicationFilterChain.doFilter(ApplicationFilterChain.java:166)
org.springframework.web.filter.CharacterEncodingFilter.doFilterInternal(CharacterEncodingFilter.java:201)
org.springframework.web.filter.OncePerRequestFilter.doFilter(OncePerRequestFilter.java:119)
org.apache.catalina.core.ApplicationFilterChain.internalDoFilter(ApplicationFilterChain.java:193)
org.apache.catalina.core.ApplicationFilterChain.doFilter(ApplicationFilterChain.java:166)
org.apache.catalina.core.StandardWrapperValve.invoke(StandardWrapperValve.java:202)
org.apache.catalina.core.StandardContextValve.invoke(StandardContextValve.java:96)
org.apache.catalina.authenticator.AuthenticatorBase.invoke(AuthenticatorBase.java:541)
org.apache.catalina.core.StandardHostValve.invoke(StandardHostValve.java:139)
org.apache.catalina.valves.ErrorReportValve.invoke(ErrorReportValve.java:92)
org.apache.catalina.core.StandardEngineValve.invoke(StandardEngineValve.java:74)
org.apache.catalina.connector.CoyoteAdapter.service(CoyoteAdapter.java:343)
org.apache.coyote.http11.Http11Processor.service(Http11Processor.java:373)
org.apache.coyote.AbstractProcessorLight.process(AbstractProcessorLight.java:65)
org.apache.coyote.AbstractProtocol$ConnectionHandler.process(AbstractProtocol.java:868)
org.apache.tomcat.util.net.NioEndpoint$SocketProcessor.doRun(NioEndpoint.java:1594)
org.apache.tomcat.util.net.SocketProcessorBase.run(SocketProcessorBase.java:49)
java.util.concurrent.ThreadPoolExecutor.runWorker(Unknown Source)
java.util.concurrent.ThreadPoolExecutor$Worker.run(Unknown Source)
org.apache.tomcat.util.threads.TaskThread$WrappingRunnable.run(TaskThread.java:61)
java.lang.Thread.run(Unknown Source)

21:32:27.163 ERROR o.a.c.c.C.[.[.[.[dispatcherServlet] - Servlet.service() for servlet [dispatcherServlet] in context with path [] threw exception [Request processing failed; nested exception is java.lang.NullPointerException] with root cause
java.lang.NullPointerException: null
	at xuecl.myblog.controller.BaseController.baseController(BaseController.java:72)
	at sun.reflect.NativeMethodAccessorImpl.invoke0(Native Method)
	at sun.reflect.NativeMethodAccessorImpl.invoke(Unknown Source)
	at sun.reflect.DelegatingMethodAccessorImpl.invoke(Unknown Source)
	at java.lang.reflect.Method.invoke(Unknown Source)
	at org.springframework.web.method.support.InvocableHandlerMethod.doInvoke(InvocableHandlerMethod.java:190)
	at org.springframework.web.method.support.InvocableHandlerMethod.invokeForRequest(InvocableHandlerMethod.java:138)
	at org.springframework.web.servlet.mvc.method.annotation.ServletInvocableHandlerMethod.invokeAndHandle(ServletInvocableHandlerMethod.java:105)
	at org.springframework.web.servlet.mvc.method.annotation.RequestMappingHandlerAdapter.invokeHandlerMethod(RequestMappingHandlerAdapter.java:879)
	at org.springframework.web.servlet.mvc.method.annotation.RequestMappingHandlerAdapter.handleInternal(RequestMappingHandlerAdapter.java:793)
	at org.springframework.web.servlet.mvc.method.AbstractHandlerMethodAdapter.handle(AbstractHandlerMethodAdapter.java:87)
	at org.springframework.web.servlet.DispatcherServlet.doDispatch(DispatcherServlet.java:1040)
	at org.springframework.web.servlet.DispatcherServlet.doService(DispatcherServlet.java:943)
	at org.springframework.web.servlet.FrameworkServlet.processRequest(FrameworkServlet.java:1006)
	at org.springframework.web.servlet.FrameworkServlet.doPost(FrameworkServlet.java:909)
	at javax.servlet.http.HttpServlet.service(HttpServlet.java:660)
	at org.springframework.web.servlet.FrameworkServlet.service(FrameworkServlet.java:883)
	at javax.servlet.http.HttpServlet.service(HttpServlet.java:741)
	at org.apache.catalina.core.ApplicationFilterChain.internalDoFilter(ApplicationFilterChain.java:231)
	at org.apache.catalina.core.ApplicationFilterChain.doFilter(ApplicationFilterChain.java:166)
	at org.apache.tomcat.websocket.server.WsFilter.doFilter(WsFilter.java:53)
	at org.apache.catalina.core.ApplicationFilterChain.internalDoFilter(ApplicationFilterChain.java:193)
	at org.apache.catalina.core.ApplicationFilterChain.doFilter(ApplicationFilterChain.java:166)
	at xuecl.myblog.filter.AddAllowOriginHttpHeaderFilter.doFilter(AddAllowOriginHttpHeaderFilter.java:28)
	at org.apache.catalina.core.ApplicationFilterChain.internalDoFilter(ApplicationFilterChain.java:193)
	at org.apache.catalina.core.ApplicationFilterChain.doFilter(ApplicationFilterChain.java:166)
	at org.springframework.web.filter.RequestContextFilter.doFilterInternal(RequestContextFilter.java:100)
	at org.springframework.web.filter.OncePerRequestFilter.doFilter(OncePerRequestFilter.java:119)
	at org.apache.catalina.core.ApplicationFilterChain.internalDoFilter(ApplicationFilterChain.java:193)
	at org.apache.catalina.core.ApplicationFilterChain.doFilter(ApplicationFilterChain.java:166)
	at org.springframework.web.filter.FormContentFilter.doFilterInternal(FormContentFilter.java:93)
	at org.springframework.web.filter.OncePerRequestFilter.doFilter(OncePerRequestFilter.java:119)
	at org.apache.catalina.core.ApplicationFilterChain.internalDoFilter(ApplicationFilterChain.java:193)
	at org.apache.catalina.core.ApplicationFilterChain.doFilter(ApplicationFilterChain.java:166)
	at org.springframework.web.filter.CharacterEncodingFilter.doFilterInternal(CharacterEncodingFilter.java:201)
	at org.springframework.web.filter.OncePerRequestFilter.doFilter(OncePerRequestFilter.java:119)
	at org.apache.catalina.core.ApplicationFilterChain.internalDoFilter(ApplicationFilterChain.java:193)
	at org.apache.catalina.core.ApplicationFilterChain.doFilter(ApplicationFilterChain.java:166)
	at org.apache.catalina.core.StandardWrapperValve.invoke(StandardWrapperValve.java:202)
	at org.apache.catalina.core.StandardContextValve.invoke(StandardContextValve.java:96)
	at org.apache.catalina.authenticator.AuthenticatorBase.invoke(AuthenticatorBase.java:541)
	at org.apache.catalina.core.StandardHostValve.invoke(StandardHostValve.java:139)
	at org.apache.catalina.valves.ErrorReportValve.invoke(ErrorReportValve.java:92)
	at org.apache.catalina.core.StandardEngineValve.invoke(StandardEngineValve.java:74)
	at org.apache.catalina.connector.CoyoteAdapter.service(CoyoteAdapter.java:343)
	at org.apache.coyote.http11.Http11Processor.service(Http11Processor.java:373)
	at org.apache.coyote.AbstractProcessorLight.process(AbstractProcessorLight.java:65)
	at org.apache.coyote.AbstractProtocol$ConnectionHandler.process(AbstractProtocol.java:868)
	at org.apache.tomcat.util.net.NioEndpoint$SocketProcessor.doRun(NioEndpoint.java:1594)
	at org.apache.tomcat.util.net.SocketProcessorBase.run(SocketProcessorBase.java:49)
	at java.util.concurrent.ThreadPoolExecutor.runWorker(Unknown Source)
	at java.util.concurrent.ThreadPoolExecutor$Worker.run(Unknown Source)
	at org.apache.tomcat.util.threads.TaskThread$WrappingRunnable.run(TaskThread.java:61)
	at java.lang.Thread.run(Unknown Source)
21:38:44.092 INFO  xuecl.myblog.MyblogApplication - Starting MyblogApplication on DESKTOP-O9S7IM3 with PID 9420 (D:\Software\java-2019-062\workspace\myblog\target\classes started by xuecl in D:\Software\java-2019-062\workspace\myblog)
21:38:44.103 INFO  xuecl.myblog.MyblogApplication - No active profile set, falling back to default profiles: default
21:38:46.365 INFO  o.s.b.w.e.tomcat.TomcatWebServer - Tomcat initialized with port(s): 8080 (http)
21:38:46.381 INFO  o.a.coyote.http11.Http11NioProtocol - Initializing ProtocolHandler ["http-nio-8080"]
21:38:46.381 INFO  o.a.catalina.core.StandardService - Starting service [Tomcat]
21:38:46.382 INFO  o.a.catalina.core.StandardEngine - Starting Servlet engine: [Apache Tomcat/9.0.33]
21:38:46.517 INFO  o.a.c.c.C.[Tomcat].[localhost].[/] - Initializing Spring embedded WebApplicationContext
21:38:46.517 INFO  o.s.web.context.ContextLoader - Root WebApplicationContext: initialization completed in 2331 ms
21:38:47.110 INFO  o.s.s.c.ThreadPoolTaskExecutor - Initializing ExecutorService 'applicationTaskExecutor'
21:38:47.316 INFO  o.s.b.a.w.s.WelcomePageHandlerMapping - Adding welcome page: class path resource [static/index.html]
21:38:47.591 INFO  o.a.coyote.http11.Http11NioProtocol - Starting ProtocolHandler ["http-nio-8080"]
21:38:47.650 INFO  o.s.b.w.e.tomcat.TomcatWebServer - Tomcat started on port(s): 8080 (http) with context path ''
21:38:47.655 INFO  xuecl.myblog.MyblogApplication - Started MyblogApplication in 4.548 seconds (JVM running for 5.11)
21:40:07.855 INFO  o.a.c.c.C.[Tomcat].[localhost].[/] - Initializing Spring DispatcherServlet 'dispatcherServlet'
21:40:07.855 INFO  o.s.web.servlet.DispatcherServlet - Initializing Servlet 'dispatcherServlet'
21:40:07.868 INFO  o.s.web.servlet.DispatcherServlet - Completed initialization in 13 ms
21:40:07.933 INFO  x.myblog.controller.BaseController - {"id":null,"title":"0505Test","keyWord":null,"user":"xuecl","digest":null,"oprate":"save"}
21:40:07.964 INFO  x.myblog.controller.BaseController - 输入参数 {"id":null,"title":"0505Test","keyWord":null,"user":"xuecl","digest":null,"oprate":"save"}
21:40:07.965 ERROR x.myblog.controller.BaseController - null
21:40:07.965 ERROR x.myblog.controller.BaseController - xuecl.myblog.controller.BaseController.baseController(BaseController.java:50)
sun.reflect.NativeMethodAccessorImpl.invoke0(Native Method)
sun.reflect.NativeMethodAccessorImpl.invoke(Unknown Source)
sun.reflect.DelegatingMethodAccessorImpl.invoke(Unknown Source)
java.lang.reflect.Method.invoke(Unknown Source)
org.springframework.web.method.support.InvocableHandlerMethod.doInvoke(InvocableHandlerMethod.java:190)
org.springframework.web.method.support.InvocableHandlerMethod.invokeForRequest(InvocableHandlerMethod.java:138)
org.springframework.web.servlet.mvc.method.annotation.ServletInvocableHandlerMethod.invokeAndHandle(ServletInvocableHandlerMethod.java:105)
org.springframework.web.servlet.mvc.method.annotation.RequestMappingHandlerAdapter.invokeHandlerMethod(RequestMappingHandlerAdapter.java:879)
org.springframework.web.servlet.mvc.method.annotation.RequestMappingHandlerAdapter.handleInternal(RequestMappingHandlerAdapter.java:793)
org.springframework.web.servlet.mvc.method.AbstractHandlerMethodAdapter.handle(AbstractHandlerMethodAdapter.java:87)
org.springframework.web.servlet.DispatcherServlet.doDispatch(DispatcherServlet.java:1040)
org.springframework.web.servlet.DispatcherServlet.doService(DispatcherServlet.java:943)
org.springframework.web.servlet.FrameworkServlet.processRequest(FrameworkServlet.java:1006)
org.springframework.web.servlet.FrameworkServlet.doPost(FrameworkServlet.java:909)
javax.servlet.http.HttpServlet.service(HttpServlet.java:660)
org.springframework.web.servlet.FrameworkServlet.service(FrameworkServlet.java:883)
javax.servlet.http.HttpServlet.service(HttpServlet.java:741)
org.apache.catalina.core.ApplicationFilterChain.internalDoFilter(ApplicationFilterChain.java:231)
org.apache.catalina.core.ApplicationFilterChain.doFilter(ApplicationFilterChain.java:166)
org.apache.tomcat.websocket.server.WsFilter.doFilter(WsFilter.java:53)
org.apache.catalina.core.ApplicationFilterChain.internalDoFilter(ApplicationFilterChain.java:193)
org.apache.catalina.core.ApplicationFilterChain.doFilter(ApplicationFilterChain.java:166)
xuecl.myblog.filter.AddAllowOriginHttpHeaderFilter.doFilter(AddAllowOriginHttpHeaderFilter.java:28)
org.apache.catalina.core.ApplicationFilterChain.internalDoFilter(ApplicationFilterChain.java:193)
org.apache.catalina.core.ApplicationFilterChain.doFilter(ApplicationFilterChain.java:166)
org.springframework.web.filter.RequestContextFilter.doFilterInternal(RequestContextFilter.java:100)
org.springframework.web.filter.OncePerRequestFilter.doFilter(OncePerRequestFilter.java:119)
org.apache.catalina.core.ApplicationFilterChain.internalDoFilter(ApplicationFilterChain.java:193)
org.apache.catalina.core.ApplicationFilterChain.doFilter(ApplicationFilterChain.java:166)
org.springframework.web.filter.FormContentFilter.doFilterInternal(FormContentFilter.java:93)
org.springframework.web.filter.OncePerRequestFilter.doFilter(OncePerRequestFilter.java:119)
org.apache.catalina.core.ApplicationFilterChain.internalDoFilter(ApplicationFilterChain.java:193)
org.apache.catalina.core.ApplicationFilterChain.doFilter(ApplicationFilterChain.java:166)
org.springframework.web.filter.CharacterEncodingFilter.doFilterInternal(CharacterEncodingFilter.java:201)
org.springframework.web.filter.OncePerRequestFilter.doFilter(OncePerRequestFilter.java:119)
org.apache.catalina.core.ApplicationFilterChain.internalDoFilter(ApplicationFilterChain.java:193)
org.apache.catalina.core.ApplicationFilterChain.doFilter(ApplicationFilterChain.java:166)
org.apache.catalina.core.StandardWrapperValve.invoke(StandardWrapperValve.java:202)
org.apache.catalina.core.StandardContextValve.invoke(StandardContextValve.java:96)
org.apache.catalina.authenticator.AuthenticatorBase.invoke(AuthenticatorBase.java:541)
org.apache.catalina.core.StandardHostValve.invoke(StandardHostValve.java:139)
org.apache.catalina.valves.ErrorReportValve.invoke(ErrorReportValve.java:92)
org.apache.catalina.core.StandardEngineValve.invoke(StandardEngineValve.java:74)
org.apache.catalina.connector.CoyoteAdapter.service(CoyoteAdapter.java:343)
org.apache.coyote.http11.Http11Processor.service(Http11Processor.java:373)
org.apache.coyote.AbstractProcessorLight.process(AbstractProcessorLight.java:65)
org.apache.coyote.AbstractProtocol$ConnectionHandler.process(AbstractProtocol.java:868)
org.apache.tomcat.util.net.NioEndpoint$SocketProcessor.doRun(NioEndpoint.java:1594)
org.apache.tomcat.util.net.SocketProcessorBase.run(SocketProcessorBase.java:49)
java.util.concurrent.ThreadPoolExecutor.runWorker(Unknown Source)
java.util.concurrent.ThreadPoolExecutor$Worker.run(Unknown Source)
org.apache.tomcat.util.threads.TaskThread$WrappingRunnable.run(TaskThread.java:61)
java.lang.Thread.run(Unknown Source)

21:44:20.805 INFO  xuecl.myblog.MyblogApplication - Starting MyblogApplication on DESKTOP-O9S7IM3 with PID 27228 (D:\Software\java-2019-062\workspace\myblog\target\classes started by xuecl in D:\Software\java-2019-062\workspace\myblog)
21:44:20.810 INFO  xuecl.myblog.MyblogApplication - No active profile set, falling back to default profiles: default
21:44:22.923 INFO  o.s.b.w.e.tomcat.TomcatWebServer - Tomcat initialized with port(s): 8080 (http)
21:44:22.938 INFO  o.a.coyote.http11.Http11NioProtocol - Initializing ProtocolHandler ["http-nio-8080"]
21:44:22.939 INFO  o.a.catalina.core.StandardService - Starting service [Tomcat]
21:44:22.939 INFO  o.a.catalina.core.StandardEngine - Starting Servlet engine: [Apache Tomcat/9.0.33]
21:44:23.095 INFO  o.a.c.c.C.[Tomcat].[localhost].[/] - Initializing Spring embedded WebApplicationContext
21:44:23.099 INFO  o.s.web.context.ContextLoader - Root WebApplicationContext: initialization completed in 2170 ms
21:44:23.786 INFO  o.s.s.c.ThreadPoolTaskExecutor - Initializing ExecutorService 'applicationTaskExecutor'
21:44:23.900 INFO  o.s.b.a.w.s.WelcomePageHandlerMapping - Adding welcome page: class path resource [static/index.html]
21:44:24.089 INFO  o.a.coyote.http11.Http11NioProtocol - Starting ProtocolHandler ["http-nio-8080"]
21:44:24.129 INFO  o.s.b.w.e.tomcat.TomcatWebServer - Tomcat started on port(s): 8080 (http) with context path ''
21:44:24.135 INFO  xuecl.myblog.MyblogApplication - Started MyblogApplication in 4.219 seconds (JVM running for 4.823)
21:44:30.275 INFO  o.a.c.c.C.[Tomcat].[localhost].[/] - Initializing Spring DispatcherServlet 'dispatcherServlet'
21:44:30.275 INFO  o.s.web.servlet.DispatcherServlet - Initializing Servlet 'dispatcherServlet'
21:44:30.288 INFO  o.s.web.servlet.DispatcherServlet - Completed initialization in 13 ms
21:44:30.349 INFO  x.myblog.controller.BaseController - {"id":null,"title":"0505Test","keyWord":null,"user":"xuecl","digest":null,"oprate":"save"}
21:44:30.383 INFO  x.myblog.controller.BaseController - 输入参数 {"id":null,"title":"0505Test","keyWord":null,"user":"xuecl","digest":null,"oprate":"save"}
21:44:30.390 INFO  com.zaxxer.hikari.HikariDataSource - HikariPool-1 - Starting...
21:44:30.638 INFO  com.zaxxer.hikari.pool.PoolBase - HikariPool-1 - Driver does not support get/set network timeout for connections. (com.mysql.jdbc.JDBC4Connection.getNetworkTimeout()I)
21:44:30.642 INFO  com.zaxxer.hikari.HikariDataSource - HikariPool-1 - Start completed.
21:49:34.518 INFO  x.myblog.controller.BaseController - {"id":null,"title":"0505Test","keyWord":null,"user":"xuecl","digest":null,"content":"123","oprate":"save"}
21:49:34.520 INFO  x.myblog.controller.BaseController - 输入参数 {"id":null,"title":"0505Test","keyWord":null,"user":"xuecl","digest":null,"content":"123","oprate":"save"}
21:49:34.892 ERROR x.myblog.controller.BaseController - PreparedStatementCallback; Duplicate entry '0505Test' for key 'blogTitle_UNIQUE'; nested exception is com.mysql.jdbc.exceptions.jdbc4.MySQLIntegrityConstraintViolationException: Duplicate entry '0505Test' for key 'blogTitle_UNIQUE'
21:49:34.893 ERROR x.myblog.controller.BaseController - org.springframework.jdbc.support.SQLErrorCodeSQLExceptionTranslator.doTranslate(SQLErrorCodeSQLExceptionTranslator.java:243)
org.springframework.jdbc.support.AbstractFallbackSQLExceptionTranslator.translate(AbstractFallbackSQLExceptionTranslator.java:72)
org.springframework.jdbc.core.JdbcTemplate.translateException(JdbcTemplate.java:1443)
org.springframework.jdbc.core.JdbcTemplate.execute(JdbcTemplate.java:633)
org.springframework.jdbc.core.JdbcTemplate.update(JdbcTemplate.java:893)
xuecl.myblog.controller.BaseController.insert(BaseController.java:178)
xuecl.myblog.controller.BaseController.save(BaseController.java:165)
xuecl.myblog.controller.BaseController.baseController(BaseController.java:51)
sun.reflect.NativeMethodAccessorImpl.invoke0(Native Method)
sun.reflect.NativeMethodAccessorImpl.invoke(Unknown Source)
sun.reflect.DelegatingMethodAccessorImpl.invoke(Unknown Source)
java.lang.reflect.Method.invoke(Unknown Source)
org.springframework.web.method.support.InvocableHandlerMethod.doInvoke(InvocableHandlerMethod.java:190)
org.springframework.web.method.support.InvocableHandlerMethod.invokeForRequest(InvocableHandlerMethod.java:138)
org.springframework.web.servlet.mvc.method.annotation.ServletInvocableHandlerMethod.invokeAndHandle(ServletInvocableHandlerMethod.java:105)
org.springframework.web.servlet.mvc.method.annotation.RequestMappingHandlerAdapter.invokeHandlerMethod(RequestMappingHandlerAdapter.java:879)
org.springframework.web.servlet.mvc.method.annotation.RequestMappingHandlerAdapter.handleInternal(RequestMappingHandlerAdapter.java:793)
org.springframework.web.servlet.mvc.method.AbstractHandlerMethodAdapter.handle(AbstractHandlerMethodAdapter.java:87)
org.springframework.web.servlet.DispatcherServlet.doDispatch(DispatcherServlet.java:1040)
org.springframework.web.servlet.DispatcherServlet.doService(DispatcherServlet.java:943)
org.springframework.web.servlet.FrameworkServlet.processRequest(FrameworkServlet.java:1006)
org.springframework.web.servlet.FrameworkServlet.doPost(FrameworkServlet.java:909)
javax.servlet.http.HttpServlet.service(HttpServlet.java:660)
org.springframework.web.servlet.FrameworkServlet.service(FrameworkServlet.java:883)
javax.servlet.http.HttpServlet.service(HttpServlet.java:741)
org.apache.catalina.core.ApplicationFilterChain.internalDoFilter(ApplicationFilterChain.java:231)
org.apache.catalina.core.ApplicationFilterChain.doFilter(ApplicationFilterChain.java:166)
org.apache.tomcat.websocket.server.WsFilter.doFilter(WsFilter.java:53)
org.apache.catalina.core.ApplicationFilterChain.internalDoFilter(ApplicationFilterChain.java:193)
org.apache.catalina.core.ApplicationFilterChain.doFilter(ApplicationFilterChain.java:166)
xuecl.myblog.filter.AddAllowOriginHttpHeaderFilter.doFilter(AddAllowOriginHttpHeaderFilter.java:28)
org.apache.catalina.core.ApplicationFilterChain.internalDoFilter(ApplicationFilterChain.java:193)
org.apache.catalina.core.ApplicationFilterChain.doFilter(ApplicationFilterChain.java:166)
org.springframework.web.filter.RequestContextFilter.doFilterInternal(RequestContextFilter.java:100)
org.springframework.web.filter.OncePerRequestFilter.doFilter(OncePerRequestFilter.java:119)
org.apache.catalina.core.ApplicationFilterChain.internalDoFilter(ApplicationFilterChain.java:193)
org.apache.catalina.core.ApplicationFilterChain.doFilter(ApplicationFilterChain.java:166)
org.springframework.web.filter.FormContentFilter.doFilterInternal(FormContentFilter.java:93)
org.springframework.web.filter.OncePerRequestFilter.doFilter(OncePerRequestFilter.java:119)
org.apache.catalina.core.ApplicationFilterChain.internalDoFilter(ApplicationFilterChain.java:193)
org.apache.catalina.core.ApplicationFilterChain.doFilter(ApplicationFilterChain.java:166)
org.springframework.web.filter.CharacterEncodingFilter.doFilterInternal(CharacterEncodingFilter.java:201)
org.springframework.web.filter.OncePerRequestFilter.doFilter(OncePerRequestFilter.java:119)
org.apache.catalina.core.ApplicationFilterChain.internalDoFilter(ApplicationFilterChain.java:193)
org.apache.catalina.core.ApplicationFilterChain.doFilter(ApplicationFilterChain.java:166)
org.apache.catalina.core.StandardWrapperValve.invoke(StandardWrapperValve.java:202)
org.apache.catalina.core.StandardContextValve.invoke(StandardContextValve.java:96)
org.apache.catalina.authenticator.AuthenticatorBase.invoke(AuthenticatorBase.java:541)
org.apache.catalina.core.StandardHostValve.invoke(StandardHostValve.java:139)
org.apache.catalina.valves.ErrorReportValve.invoke(ErrorReportValve.java:92)
org.apache.catalina.core.StandardEngineValve.invoke(StandardEngineValve.java:74)
org.apache.catalina.connector.CoyoteAdapter.service(CoyoteAdapter.java:343)
org.apache.coyote.http11.Http11Processor.service(Http11Processor.java:373)
org.apache.coyote.AbstractProcessorLight.process(AbstractProcessorLight.java:65)
org.apache.coyote.AbstractProtocol$ConnectionHandler.process(AbstractProtocol.java:868)
org.apache.tomcat.util.net.NioEndpoint$SocketProcessor.doRun(NioEndpoint.java:1594)
org.apache.tomcat.util.net.SocketProcessorBase.run(SocketProcessorBase.java:49)
java.util.concurrent.ThreadPoolExecutor.runWorker(Unknown Source)
java.util.concurrent.ThreadPoolExecutor$Worker.run(Unknown Source)
org.apache.tomcat.util.threads.TaskThread$WrappingRunnable.run(TaskThread.java:61)
java.lang.Thread.run(Unknown Source)

21:50:52.329 INFO  x.myblog.controller.BaseController - {"id":null,"title":"0505Test2","keyWord":null,"user":"xuecl","digest":null,"content":"### 第一个正式用于测试的数据\n这是第一个正式用于测试的数据~~~~","oprate":"save"}
21:50:52.330 INFO  x.myblog.controller.BaseController - 输入参数 {"id":null,"title":"0505Test2","keyWord":null,"user":"xuecl","digest":null,"content":"### 第一个正式用于测试的数据\n这是第一个正式用于测试的数据~~~~","oprate":"save"}
21:51:11.719 INFO  x.myblog.controller.BaseController - {"id":23,"title":"0505Test2","keyWord":null,"user":"xuecl","digest":null,"content":"### 第一个正式用于测试的数据\n这是第一个正式用于测试的数据~~~~\n测试保存功能","oprate":"save"}
21:51:11.721 INFO  x.myblog.controller.BaseController - 输入参数 {"id":23,"title":"0505Test2","keyWord":null,"user":"xuecl","digest":null,"content":"### 第一个正式用于测试的数据\n这是第一个正式用于测试的数据~~~~\n测试保存功能","oprate":"save"}
21:51:11.721 ERROR x.myblog.controller.BaseController - java.lang.Integer cannot be cast to java.lang.Long
21:51:11.721 ERROR x.myblog.controller.BaseController - xuecl.myblog.controller.BaseController.baseController(BaseController.java:50)
sun.reflect.NativeMethodAccessorImpl.invoke0(Native Method)
sun.reflect.NativeMethodAccessorImpl.invoke(Unknown Source)
sun.reflect.DelegatingMethodAccessorImpl.invoke(Unknown Source)
java.lang.reflect.Method.invoke(Unknown Source)
org.springframework.web.method.support.InvocableHandlerMethod.doInvoke(InvocableHandlerMethod.java:190)
org.springframework.web.method.support.InvocableHandlerMethod.invokeForRequest(InvocableHandlerMethod.java:138)
org.springframework.web.servlet.mvc.method.annotation.ServletInvocableHandlerMethod.invokeAndHandle(ServletInvocableHandlerMethod.java:105)
org.springframework.web.servlet.mvc.method.annotation.RequestMappingHandlerAdapter.invokeHandlerMethod(RequestMappingHandlerAdapter.java:879)
org.springframework.web.servlet.mvc.method.annotation.RequestMappingHandlerAdapter.handleInternal(RequestMappingHandlerAdapter.java:793)
org.springframework.web.servlet.mvc.method.AbstractHandlerMethodAdapter.handle(AbstractHandlerMethodAdapter.java:87)
org.springframework.web.servlet.DispatcherServlet.doDispatch(DispatcherServlet.java:1040)
org.springframework.web.servlet.DispatcherServlet.doService(DispatcherServlet.java:943)
org.springframework.web.servlet.FrameworkServlet.processRequest(FrameworkServlet.java:1006)
org.springframework.web.servlet.FrameworkServlet.doPost(FrameworkServlet.java:909)
javax.servlet.http.HttpServlet.service(HttpServlet.java:660)
org.springframework.web.servlet.FrameworkServlet.service(FrameworkServlet.java:883)
javax.servlet.http.HttpServlet.service(HttpServlet.java:741)
org.apache.catalina.core.ApplicationFilterChain.internalDoFilter(ApplicationFilterChain.java:231)
org.apache.catalina.core.ApplicationFilterChain.doFilter(ApplicationFilterChain.java:166)
org.apache.tomcat.websocket.server.WsFilter.doFilter(WsFilter.java:53)
org.apache.catalina.core.ApplicationFilterChain.internalDoFilter(ApplicationFilterChain.java:193)
org.apache.catalina.core.ApplicationFilterChain.doFilter(ApplicationFilterChain.java:166)
xuecl.myblog.filter.AddAllowOriginHttpHeaderFilter.doFilter(AddAllowOriginHttpHeaderFilter.java:28)
org.apache.catalina.core.ApplicationFilterChain.internalDoFilter(ApplicationFilterChain.java:193)
org.apache.catalina.core.ApplicationFilterChain.doFilter(ApplicationFilterChain.java:166)
org.springframework.web.filter.RequestContextFilter.doFilterInternal(RequestContextFilter.java:100)
org.springframework.web.filter.OncePerRequestFilter.doFilter(OncePerRequestFilter.java:119)
org.apache.catalina.core.ApplicationFilterChain.internalDoFilter(ApplicationFilterChain.java:193)
org.apache.catalina.core.ApplicationFilterChain.doFilter(ApplicationFilterChain.java:166)
org.springframework.web.filter.FormContentFilter.doFilterInternal(FormContentFilter.java:93)
org.springframework.web.filter.OncePerRequestFilter.doFilter(OncePerRequestFilter.java:119)
org.apache.catalina.core.ApplicationFilterChain.internalDoFilter(ApplicationFilterChain.java:193)
org.apache.catalina.core.ApplicationFilterChain.doFilter(ApplicationFilterChain.java:166)
org.springframework.web.filter.CharacterEncodingFilter.doFilterInternal(CharacterEncodingFilter.java:201)
org.springframework.web.filter.OncePerRequestFilter.doFilter(OncePerRequestFilter.java:119)
org.apache.catalina.core.ApplicationFilterChain.internalDoFilter(ApplicationFilterChain.java:193)
org.apache.catalina.core.ApplicationFilterChain.doFilter(ApplicationFilterChain.java:166)
org.apache.catalina.core.StandardWrapperValve.invoke(StandardWrapperValve.java:202)
org.apache.catalina.core.StandardContextValve.invoke(StandardContextValve.java:96)
org.apache.catalina.authenticator.AuthenticatorBase.invoke(AuthenticatorBase.java:541)
org.apache.catalina.core.StandardHostValve.invoke(StandardHostValve.java:139)
org.apache.catalina.valves.ErrorReportValve.invoke(ErrorReportValve.java:92)
org.apache.catalina.core.StandardEngineValve.invoke(StandardEngineValve.java:74)
org.apache.catalina.connector.CoyoteAdapter.service(CoyoteAdapter.java:343)
org.apache.coyote.http11.Http11Processor.service(Http11Processor.java:373)
org.apache.coyote.AbstractProcessorLight.process(AbstractProcessorLight.java:65)
org.apache.coyote.AbstractProtocol$ConnectionHandler.process(AbstractProtocol.java:868)
org.apache.tomcat.util.net.NioEndpoint$SocketProcessor.doRun(NioEndpoint.java:1594)
org.apache.tomcat.util.net.SocketProcessorBase.run(SocketProcessorBase.java:49)
java.util.concurrent.ThreadPoolExecutor.runWorker(Unknown Source)
java.util.concurrent.ThreadPoolExecutor$Worker.run(Unknown Source)
org.apache.tomcat.util.threads.TaskThread$WrappingRunnable.run(TaskThread.java:61)
java.lang.Thread.run(Unknown Source)

21:54:25.654 INFO  xuecl.myblog.MyblogApplication - Starting MyblogApplication on DESKTOP-O9S7IM3 with PID 14820 (D:\Software\java-2019-062\workspace\myblog\target\classes started by xuecl in D:\Software\java-2019-062\workspace\myblog)
21:54:25.659 INFO  xuecl.myblog.MyblogApplication - No active profile set, falling back to default profiles: default
21:54:27.697 INFO  o.s.b.w.e.tomcat.TomcatWebServer - Tomcat initialized with port(s): 8080 (http)
21:54:27.710 INFO  o.a.coyote.http11.Http11NioProtocol - Initializing ProtocolHandler ["http-nio-8080"]
21:54:27.710 INFO  o.a.catalina.core.StandardService - Starting service [Tomcat]
21:54:27.710 INFO  o.a.catalina.core.StandardEngine - Starting Servlet engine: [Apache Tomcat/9.0.33]
21:54:27.837 INFO  o.a.c.c.C.[Tomcat].[localhost].[/] - Initializing Spring embedded WebApplicationContext
21:54:27.837 INFO  o.s.web.context.ContextLoader - Root WebApplicationContext: initialization completed in 2092 ms
21:54:28.266 INFO  o.s.s.c.ThreadPoolTaskExecutor - Initializing ExecutorService 'applicationTaskExecutor'
21:54:28.381 INFO  o.s.b.a.w.s.WelcomePageHandlerMapping - Adding welcome page: class path resource [static/index.html]
21:54:28.557 INFO  o.a.coyote.http11.Http11NioProtocol - Starting ProtocolHandler ["http-nio-8080"]
21:54:28.595 INFO  o.s.b.w.e.tomcat.TomcatWebServer - Tomcat started on port(s): 8080 (http) with context path ''
21:54:28.600 INFO  xuecl.myblog.MyblogApplication - Started MyblogApplication in 3.848 seconds (JVM running for 4.607)
21:54:34.458 INFO  o.a.c.c.C.[Tomcat].[localhost].[/] - Initializing Spring DispatcherServlet 'dispatcherServlet'
21:54:34.458 INFO  o.s.web.servlet.DispatcherServlet - Initializing Servlet 'dispatcherServlet'
21:54:34.470 INFO  o.s.web.servlet.DispatcherServlet - Completed initialization in 11 ms
21:54:34.535 INFO  x.myblog.controller.BaseController - {"id":23,"title":"0505Test2","keyWord":null,"user":"xuecl","digest":null,"content":"### 第一个正式用于测试的数据\n这是第一个正式用于测试的数据~~~~\n","oprate":"save"}
21:54:34.572 INFO  x.myblog.controller.BaseController - 输入参数 {"id":23,"title":"0505Test2","keyWord":null,"user":"xuecl","digest":null,"content":"### 第一个正式用于测试的数据\n这是第一个正式用于测试的数据~~~~\n","oprate":"save"}
21:54:34.577 INFO  com.zaxxer.hikari.HikariDataSource - HikariPool-1 - Starting...
21:54:34.818 INFO  com.zaxxer.hikari.pool.PoolBase - HikariPool-1 - Driver does not support get/set network timeout for connections. (com.mysql.jdbc.JDBC4Connection.getNetworkTimeout()I)
21:54:34.823 INFO  com.zaxxer.hikari.HikariDataSource - HikariPool-1 - Start completed.
21:54:34.868 ERROR x.myblog.controller.BaseController - 未找到要更新的记录
21:54:34.869 ERROR x.myblog.controller.BaseController - xuecl.myblog.controller.BaseController.update(BaseController.java:200)
xuecl.myblog.controller.BaseController.save(BaseController.java:168)
xuecl.myblog.controller.BaseController.baseController(BaseController.java:51)
sun.reflect.NativeMethodAccessorImpl.invoke0(Native Method)
sun.reflect.NativeMethodAccessorImpl.invoke(Unknown Source)
sun.reflect.DelegatingMethodAccessorImpl.invoke(Unknown Source)
java.lang.reflect.Method.invoke(Unknown Source)
org.springframework.web.method.support.InvocableHandlerMethod.doInvoke(InvocableHandlerMethod.java:190)
org.springframework.web.method.support.InvocableHandlerMethod.invokeForRequest(InvocableHandlerMethod.java:138)
org.springframework.web.servlet.mvc.method.annotation.ServletInvocableHandlerMethod.invokeAndHandle(ServletInvocableHandlerMethod.java:105)
org.springframework.web.servlet.mvc.method.annotation.RequestMappingHandlerAdapter.invokeHandlerMethod(RequestMappingHandlerAdapter.java:879)
org.springframework.web.servlet.mvc.method.annotation.RequestMappingHandlerAdapter.handleInternal(RequestMappingHandlerAdapter.java:793)
org.springframework.web.servlet.mvc.method.AbstractHandlerMethodAdapter.handle(AbstractHandlerMethodAdapter.java:87)
org.springframework.web.servlet.DispatcherServlet.doDispatch(DispatcherServlet.java:1040)
org.springframework.web.servlet.DispatcherServlet.doService(DispatcherServlet.java:943)
org.springframework.web.servlet.FrameworkServlet.processRequest(FrameworkServlet.java:1006)
org.springframework.web.servlet.FrameworkServlet.doPost(FrameworkServlet.java:909)
javax.servlet.http.HttpServlet.service(HttpServlet.java:660)
org.springframework.web.servlet.FrameworkServlet.service(FrameworkServlet.java:883)
javax.servlet.http.HttpServlet.service(HttpServlet.java:741)
org.apache.catalina.core.ApplicationFilterChain.internalDoFilter(ApplicationFilterChain.java:231)
org.apache.catalina.core.ApplicationFilterChain.doFilter(ApplicationFilterChain.java:166)
org.apache.tomcat.websocket.server.WsFilter.doFilter(WsFilter.java:53)
org.apache.catalina.core.ApplicationFilterChain.internalDoFilter(ApplicationFilterChain.java:193)
org.apache.catalina.core.ApplicationFilterChain.doFilter(ApplicationFilterChain.java:166)
xuecl.myblog.filter.AddAllowOriginHttpHeaderFilter.doFilter(AddAllowOriginHttpHeaderFilter.java:28)
org.apache.catalina.core.ApplicationFilterChain.internalDoFilter(ApplicationFilterChain.java:193)
org.apache.catalina.core.ApplicationFilterChain.doFilter(ApplicationFilterChain.java:166)
org.springframework.web.filter.RequestContextFilter.doFilterInternal(RequestContextFilter.java:100)
org.springframework.web.filter.OncePerRequestFilter.doFilter(OncePerRequestFilter.java:119)
org.apache.catalina.core.ApplicationFilterChain.internalDoFilter(ApplicationFilterChain.java:193)
org.apache.catalina.core.ApplicationFilterChain.doFilter(ApplicationFilterChain.java:166)
org.springframework.web.filter.FormContentFilter.doFilterInternal(FormContentFilter.java:93)
org.springframework.web.filter.OncePerRequestFilter.doFilter(OncePerRequestFilter.java:119)
org.apache.catalina.core.ApplicationFilterChain.internalDoFilter(ApplicationFilterChain.java:193)
org.apache.catalina.core.ApplicationFilterChain.doFilter(ApplicationFilterChain.java:166)
org.springframework.web.filter.CharacterEncodingFilter.doFilterInternal(CharacterEncodingFilter.java:201)
org.springframework.web.filter.OncePerRequestFilter.doFilter(OncePerRequestFilter.java:119)
org.apache.catalina.core.ApplicationFilterChain.internalDoFilter(ApplicationFilterChain.java:193)
org.apache.catalina.core.ApplicationFilterChain.doFilter(ApplicationFilterChain.java:166)
org.apache.catalina.core.StandardWrapperValve.invoke(StandardWrapperValve.java:202)
org.apache.catalina.core.StandardContextValve.invoke(StandardContextValve.java:96)
org.apache.catalina.authenticator.AuthenticatorBase.invoke(AuthenticatorBase.java:541)
org.apache.catalina.core.StandardHostValve.invoke(StandardHostValve.java:139)
org.apache.catalina.valves.ErrorReportValve.invoke(ErrorReportValve.java:92)
org.apache.catalina.core.StandardEngineValve.invoke(StandardEngineValve.java:74)
org.apache.catalina.connector.CoyoteAdapter.service(CoyoteAdapter.java:343)
org.apache.coyote.http11.Http11Processor.service(Http11Processor.java:373)
org.apache.coyote.AbstractProcessorLight.process(AbstractProcessorLight.java:65)
org.apache.coyote.AbstractProtocol$ConnectionHandler.process(AbstractProtocol.java:868)
org.apache.tomcat.util.net.NioEndpoint$SocketProcessor.doRun(NioEndpoint.java:1594)
org.apache.tomcat.util.net.SocketProcessorBase.run(SocketProcessorBase.java:49)
java.util.concurrent.ThreadPoolExecutor.runWorker(Unknown Source)
java.util.concurrent.ThreadPoolExecutor$Worker.run(Unknown Source)
org.apache.tomcat.util.threads.TaskThread$WrappingRunnable.run(TaskThread.java:61)
java.lang.Thread.run(Unknown Source)

21:55:02.710 INFO  x.myblog.controller.BaseController - {"id":null,"title":"0505Test2","keyWord":null,"user":"xuecl","digest":null,"content":"### 第一个正式用于测试的数据\n这是第一个正式用于测试的数据~~~~\n","oprate":"save"}
21:55:02.712 INFO  x.myblog.controller.BaseController - 输入参数 {"id":null,"title":"0505Test2","keyWord":null,"user":"xuecl","digest":null,"content":"### 第一个正式用于测试的数据\n这是第一个正式用于测试的数据~~~~\n","oprate":"save"}
21:55:10.643 INFO  x.myblog.controller.BaseController - {"id":24,"title":"0505Test2","keyWord":null,"user":"xuecl","digest":null,"content":"### 第一个正式用于测试的数据\n这是第一个正式用于测试的数据~~~~\n测试保存功能\n","oprate":"save"}
21:55:10.644 INFO  x.myblog.controller.BaseController - 输入参数 {"id":24,"title":"0505Test2","keyWord":null,"user":"xuecl","digest":null,"content":"### 第一个正式用于测试的数据\n这是第一个正式用于测试的数据~~~~\n测试保存功能\n","oprate":"save"}
