18:02:41.873 INFO  xuecl.myblog.MyblogApplication - Starting MyblogApplication on DESKTOP-O9S7IM3 with PID 1856 (D:\Software\java-2019-062\workspace\myblog\target\classes started by xuecl in D:\Software\java-2019-062\workspace\myblog)
18:02:41.878 INFO  xuecl.myblog.MyblogApplication - No active profile set, falling back to default profiles: default
18:02:43.971 INFO  o.s.b.w.e.tomcat.TomcatWebServer - Tomcat initialized with port(s): 8080 (http)
18:02:43.987 INFO  o.a.coyote.http11.Http11NioProtocol - Initializing ProtocolHandler ["http-nio-8080"]
18:02:43.988 INFO  o.a.catalina.core.StandardService - Starting service [Tomcat]
18:02:43.988 INFO  o.a.catalina.core.StandardEngine - Starting Servlet engine: [Apache Tomcat/9.0.33]
18:02:44.121 INFO  o.a.c.c.C.[Tomcat].[localhost].[/] - Initializing Spring embedded WebApplicationContext
18:02:44.121 INFO  o.s.web.context.ContextLoader - Root WebApplicationContext: initialization completed in 2150 ms
18:02:44.595 INFO  o.s.s.c.ThreadPoolTaskExecutor - Initializing ExecutorService 'applicationTaskExecutor'
18:02:44.741 INFO  o.s.b.a.w.s.WelcomePageHandlerMapping - Adding welcome page: class path resource [static/index.html]
18:02:44.943 INFO  o.a.coyote.http11.Http11NioProtocol - Starting ProtocolHandler ["http-nio-8080"]
18:02:44.990 INFO  o.s.b.w.e.tomcat.TomcatWebServer - Tomcat started on port(s): 8080 (http) with context path ''
18:02:44.995 INFO  xuecl.myblog.MyblogApplication - Started MyblogApplication in 4.093 seconds (JVM running for 4.775)
18:03:36.341 INFO  o.a.c.c.C.[Tomcat].[localhost].[/] - Initializing Spring DispatcherServlet 'dispatcherServlet'
18:03:36.341 INFO  o.s.web.servlet.DispatcherServlet - Initializing Servlet 'dispatcherServlet'
18:03:36.424 INFO  o.s.web.servlet.DispatcherServlet - Completed initialization in 83 ms
18:14:19.750 WARN  o.s.w.s.m.s.DefaultHandlerExceptionResolver - Resolved [org.springframework.web.HttpRequestMethodNotSupportedException: Request method 'GET' not supported]
18:56:46.571 INFO  x.myblog.controller.BaseController - {"title":"","keyWord":"","modifyDate":"","oprate":"query"}
18:56:46.672 INFO  x.myblog.controller.BaseController - 输入参数 {"title":"","keyWord":"","modifyDate":"","oprate":"query"}
18:56:46.673 INFO  x.myblog.controller.BaseController - []
18:56:46.674 INFO  x.myblog.controller.BaseController - queryConditionSql: (blogKeyWord like  ) and blogTitle=''  
18:56:46.734 INFO  com.zaxxer.hikari.HikariDataSource - HikariPool-1 - Starting...
18:56:47.486 INFO  com.zaxxer.hikari.pool.PoolBase - HikariPool-1 - Driver does not support get/set network timeout for connections. (com.mysql.jdbc.JDBC4Connection.getNetworkTimeout()I)
18:56:47.491 INFO  com.zaxxer.hikari.HikariDataSource - HikariPool-1 - Start completed.
18:56:47.716 ERROR x.myblog.controller.BaseController - StatementCallback; bad SQL grammar [select idblog as id, blogTitle, blogKeyWord, blogContent, createDate, createUser, modifyDate, modifyUser, isDel, blogDigest from blog where (blogKeyWord like  ) and blogTitle=''   and isDel = '0';]; nested exception is com.mysql.jdbc.exceptions.jdbc4.MySQLSyntaxErrorException: You have an error in your SQL syntax; check the manual that corresponds to your MySQL server version for the right syntax to use near ') and blogTitle=''   and isDel = '0'' at line 1
18:56:47.716 ERROR x.myblog.controller.BaseController - org.springframework.jdbc.support.SQLErrorCodeSQLExceptionTranslator.doTranslate(SQLErrorCodeSQLExceptionTranslator.java:235)
org.springframework.jdbc.support.AbstractFallbackSQLExceptionTranslator.translate(AbstractFallbackSQLExceptionTranslator.java:72)
org.springframework.jdbc.core.JdbcTemplate.translateException(JdbcTemplate.java:1443)
org.springframework.jdbc.core.JdbcTemplate.execute(JdbcTemplate.java:388)
org.springframework.jdbc.core.JdbcTemplate.query(JdbcTemplate.java:452)
org.springframework.jdbc.core.JdbcTemplate.query(JdbcTemplate.java:462)
org.springframework.jdbc.core.JdbcTemplate.queryForList(JdbcTemplate.java:490)
xuecl.myblog.controller.BaseController.query(BaseController.java:85)
xuecl.myblog.controller.BaseController.baseController(BaseController.java:65)
sun.reflect.NativeMethodAccessorImpl.invoke0(Native Method)
sun.reflect.NativeMethodAccessorImpl.invoke(Unknown Source)
sun.reflect.DelegatingMethodAccessorImpl.invoke(Unknown Source)
java.lang.reflect.Method.invoke(Unknown Source)
org.springframework.web.method.support.InvocableHandlerMethod.doInvoke(InvocableHandlerMethod.java:190)
org.springframework.web.method.support.InvocableHandlerMethod.invokeForRequest(InvocableHandlerMethod.java:138)
org.springframework.web.servlet.mvc.method.annotation.ServletInvocableHandlerMethod.invokeAndHandle(ServletInvocableHandlerMethod.java:105)
org.springframework.web.servlet.mvc.method.annotation.RequestMappingHandlerAdapter.invokeHandlerMethod(RequestMappingHandlerAdapter.java:879)
org.springframework.web.servlet.mvc.method.annotation.RequestMappingHandlerAdapter.handleInternal(RequestMappingHandlerAdapter.java:793)
org.springframework.web.servlet.mvc.method.AbstractHandlerMethodAdapter.handle(AbstractHandlerMethodAdapter.java:87)
org.springframework.web.servlet.DispatcherServlet.doDispatch(DispatcherServlet.java:1040)
org.springframework.web.servlet.DispatcherServlet.doService(DispatcherServlet.java:943)
org.springframework.web.servlet.FrameworkServlet.processRequest(FrameworkServlet.java:1006)
org.springframework.web.servlet.FrameworkServlet.doPost(FrameworkServlet.java:909)
javax.servlet.http.HttpServlet.service(HttpServlet.java:660)
org.springframework.web.servlet.FrameworkServlet.service(FrameworkServlet.java:883)
javax.servlet.http.HttpServlet.service(HttpServlet.java:741)
org.apache.catalina.core.ApplicationFilterChain.internalDoFilter(ApplicationFilterChain.java:231)
org.apache.catalina.core.ApplicationFilterChain.doFilter(ApplicationFilterChain.java:166)
org.apache.tomcat.websocket.server.WsFilter.doFilter(WsFilter.java:53)
org.apache.catalina.core.ApplicationFilterChain.internalDoFilter(ApplicationFilterChain.java:193)
org.apache.catalina.core.ApplicationFilterChain.doFilter(ApplicationFilterChain.java:166)
xuecl.myblog.filter.AddAllowOriginHttpHeaderFilter.doFilter(AddAllowOriginHttpHeaderFilter.java:29)
org.apache.catalina.core.ApplicationFilterChain.internalDoFilter(ApplicationFilterChain.java:193)
org.apache.catalina.core.ApplicationFilterChain.doFilter(ApplicationFilterChain.java:166)
org.springframework.web.filter.RequestContextFilter.doFilterInternal(RequestContextFilter.java:100)
org.springframework.web.filter.OncePerRequestFilter.doFilter(OncePerRequestFilter.java:119)
org.apache.catalina.core.ApplicationFilterChain.internalDoFilter(ApplicationFilterChain.java:193)
org.apache.catalina.core.ApplicationFilterChain.doFilter(ApplicationFilterChain.java:166)
org.springframework.web.filter.FormContentFilter.doFilterInternal(FormContentFilter.java:93)
org.springframework.web.filter.OncePerRequestFilter.doFilter(OncePerRequestFilter.java:119)
org.apache.catalina.core.ApplicationFilterChain.internalDoFilter(ApplicationFilterChain.java:193)
org.apache.catalina.core.ApplicationFilterChain.doFilter(ApplicationFilterChain.java:166)
org.springframework.web.filter.CharacterEncodingFilter.doFilterInternal(CharacterEncodingFilter.java:201)
org.springframework.web.filter.OncePerRequestFilter.doFilter(OncePerRequestFilter.java:119)
org.apache.catalina.core.ApplicationFilterChain.internalDoFilter(ApplicationFilterChain.java:193)
org.apache.catalina.core.ApplicationFilterChain.doFilter(ApplicationFilterChain.java:166)
org.apache.catalina.core.StandardWrapperValve.invoke(StandardWrapperValve.java:202)
org.apache.catalina.core.StandardContextValve.invoke(StandardContextValve.java:96)
org.apache.catalina.authenticator.AuthenticatorBase.invoke(AuthenticatorBase.java:541)
org.apache.catalina.core.StandardHostValve.invoke(StandardHostValve.java:139)
org.apache.catalina.valves.ErrorReportValve.invoke(ErrorReportValve.java:92)
org.apache.catalina.core.StandardEngineValve.invoke(StandardEngineValve.java:74)
org.apache.catalina.connector.CoyoteAdapter.service(CoyoteAdapter.java:343)
org.apache.coyote.http11.Http11Processor.service(Http11Processor.java:373)
org.apache.coyote.AbstractProcessorLight.process(AbstractProcessorLight.java:65)
org.apache.coyote.AbstractProtocol$ConnectionHandler.process(AbstractProtocol.java:868)
org.apache.tomcat.util.net.NioEndpoint$SocketProcessor.doRun(NioEndpoint.java:1594)
org.apache.tomcat.util.net.SocketProcessorBase.run(SocketProcessorBase.java:49)
java.util.concurrent.ThreadPoolExecutor.runWorker(Unknown Source)
java.util.concurrent.ThreadPoolExecutor$Worker.run(Unknown Source)
org.apache.tomcat.util.threads.TaskThread$WrappingRunnable.run(TaskThread.java:61)
java.lang.Thread.run(Unknown Source)

19:00:20.570 INFO  xuecl.myblog.MyblogApplication - Starting MyblogApplication on DESKTOP-O9S7IM3 with PID 11456 (D:\Software\java-2019-062\workspace\myblog\target\classes started by xuecl in D:\Software\java-2019-062\workspace\myblog)
19:00:20.585 INFO  xuecl.myblog.MyblogApplication - No active profile set, falling back to default profiles: default
19:00:22.554 INFO  o.s.b.w.e.tomcat.TomcatWebServer - Tomcat initialized with port(s): 8080 (http)
19:00:22.568 INFO  o.a.coyote.http11.Http11NioProtocol - Initializing ProtocolHandler ["http-nio-8080"]
19:00:22.568 INFO  o.a.catalina.core.StandardService - Starting service [Tomcat]
19:00:22.568 INFO  o.a.catalina.core.StandardEngine - Starting Servlet engine: [Apache Tomcat/9.0.33]
19:00:22.708 INFO  o.a.c.c.C.[Tomcat].[localhost].[/] - Initializing Spring embedded WebApplicationContext
19:00:22.708 INFO  o.s.web.context.ContextLoader - Root WebApplicationContext: initialization completed in 2013 ms
19:00:23.115 INFO  o.s.s.c.ThreadPoolTaskExecutor - Initializing ExecutorService 'applicationTaskExecutor'
19:00:23.240 INFO  o.s.b.a.w.s.WelcomePageHandlerMapping - Adding welcome page: class path resource [static/index.html]
19:00:23.412 INFO  o.a.coyote.http11.Http11NioProtocol - Starting ProtocolHandler ["http-nio-8080"]
19:00:23.443 INFO  o.s.b.w.e.tomcat.TomcatWebServer - Tomcat started on port(s): 8080 (http) with context path ''
19:00:23.458 INFO  xuecl.myblog.MyblogApplication - Started MyblogApplication in 3.662 seconds (JVM running for 4.196)
19:00:31.821 INFO  o.a.c.c.C.[Tomcat].[localhost].[/] - Initializing Spring DispatcherServlet 'dispatcherServlet'
19:00:31.821 INFO  o.s.web.servlet.DispatcherServlet - Initializing Servlet 'dispatcherServlet'
19:00:31.825 INFO  o.s.web.servlet.DispatcherServlet - Completed initialization in 4 ms
19:00:31.888 INFO  x.myblog.controller.BaseController - {"title":"","keyWord":"","modifyDate":"","oprate":"query"}
19:00:31.921 INFO  x.myblog.controller.BaseController - 输入参数 {"title":"","keyWord":"","modifyDate":"","oprate":"query"}
19:00:31.921 INFO  x.myblog.controller.BaseController - queryConditionSql:  1 = 1 
19:00:31.921 INFO  com.zaxxer.hikari.HikariDataSource - HikariPool-1 - Starting...
19:00:32.186 INFO  com.zaxxer.hikari.pool.PoolBase - HikariPool-1 - Driver does not support get/set network timeout for connections. (com.mysql.jdbc.JDBC4Connection.getNetworkTimeout()I)
19:00:32.186 INFO  com.zaxxer.hikari.HikariDataSource - HikariPool-1 - Start completed.
19:05:45.074 INFO  x.myblog.controller.BaseController - {"title":"","keyWord":"123","modifyDate":"","oprate":"query"}
19:05:45.075 INFO  x.myblog.controller.BaseController - 输入参数 {"title":"","keyWord":"123","modifyDate":"","oprate":"query"}
19:05:45.075 INFO  x.myblog.controller.BaseController - [123]
19:05:45.075 INFO  x.myblog.controller.BaseController - queryConditionSql: (blogKeyWord like '%123%' ) 
19:20:11.757 INFO  x.myblog.controller.BaseController - {"title":"","keyWord":"","modifyDate":"20200519","oprate":"query"}
19:20:11.758 INFO  x.myblog.controller.BaseController - 输入参数 {"title":"","keyWord":"","modifyDate":"20200519","oprate":"query"}
19:20:11.758 INFO  x.myblog.controller.BaseController - queryConditionSql:  1 = 1 
19:39:02.100 INFO  x.myblog.controller.BaseController - {"title":"","keyWord":"1","modifyDate":null,"oprate":"query"}
19:39:02.102 INFO  x.myblog.controller.BaseController - 输入参数 {"title":"","keyWord":"1","modifyDate":null,"oprate":"query"}
19:39:02.102 INFO  x.myblog.controller.BaseController - [1]
19:39:02.103 INFO  x.myblog.controller.BaseController - queryConditionSql: (blogKeyWord like '%1%' ) 
20:01:24.843 INFO  x.myblog.controller.BaseController - {"title":"","keyWord":"","modifyDate":"","oprate":"query"}
20:01:24.844 INFO  x.myblog.controller.BaseController - 输入参数 {"title":"","keyWord":"","modifyDate":"","oprate":"query"}
20:01:24.845 INFO  x.myblog.controller.BaseController - queryConditionSql:  1 = 1 
20:04:03.341 INFO  x.myblog.controller.BaseController - {"title":"","keyWord":"","modifyDate":"","oprate":"query"}
20:04:03.343 INFO  x.myblog.controller.BaseController - 输入参数 {"title":"","keyWord":"","modifyDate":"","oprate":"query"}
20:04:03.343 INFO  x.myblog.controller.BaseController - queryConditionSql:  1 = 1 
20:05:28.070 INFO  x.myblog.controller.BaseController - {"title":"","keyWord":"","modifyDate":"","oprate":"query"}
20:05:28.071 INFO  x.myblog.controller.BaseController - 输入参数 {"title":"","keyWord":"","modifyDate":"","oprate":"query"}
20:05:28.071 INFO  x.myblog.controller.BaseController - queryConditionSql:  1 = 1 
20:05:46.596 INFO  x.myblog.controller.BaseController - {"title":"","keyWord":"","modifyDate":"","oprate":"query"}
20:05:46.597 INFO  x.myblog.controller.BaseController - 输入参数 {"title":"","keyWord":"","modifyDate":"","oprate":"query"}
20:05:46.597 INFO  x.myblog.controller.BaseController - queryConditionSql:  1 = 1 
