10:19:26.360 WARN  com.zaxxer.hikari.pool.HikariPool - HikariPool-1 - Thread starvation or clock leap detected (housekeeper delta=9h50m39s832ms102µs4ns).
10:58:17.535 INFO  x.myblog.controller.BaseController - {"title":"hhh","keyWord":"123","digest":"123","user":"xuecl","operation":"save"}
10:58:17.541 INFO  x.myblog.controller.BaseController - 输入参数 {"title":"hhh","keyWord":"123","digest":"123","user":"xuecl","operation":"save"}
14:13:33.339 INFO  x.myblog.controller.BaseController - {"title":"1","keyWord":"1","digest":"1","user":"xuecl","operation":"save"}
14:13:33.344 INFO  x.myblog.controller.BaseController - 输入参数 {"title":"1","keyWord":"1","digest":"1","user":"xuecl","operation":"save"}
14:14:19.226 INFO  x.myblog.controller.BaseController - {"title":"2","keyWord":"2","digest":"2","user":"xuecl","operation":"save"}
14:14:19.227 INFO  x.myblog.controller.BaseController - 输入参数 {"title":"2","keyWord":"2","digest":"2","user":"xuecl","operation":"save"}
14:17:31.793 INFO  x.myblog.controller.BaseController - {"title":"4","keyWord":"4","digest":"4","user":"xuecl","operation":"save"}
14:17:31.794 INFO  x.myblog.controller.BaseController - 输入参数 {"title":"4","keyWord":"4","digest":"4","user":"xuecl","operation":"save"}
14:17:44.384 INFO  x.myblog.controller.BaseController - {"title":"6","keyWord":"6","digest":"6","user":"xuecl","operation":"save"}
14:17:44.385 INFO  x.myblog.controller.BaseController - 输入参数 {"title":"6","keyWord":"6","digest":"6","user":"xuecl","operation":"save"}
14:19:24.103 INFO  x.myblog.controller.BaseController - {"title":"11","keyWord":"11","digest":"11","user":"xuecl","operation":"save"}
14:19:24.104 INFO  x.myblog.controller.BaseController - 输入参数 {"title":"11","keyWord":"11","digest":"11","user":"xuecl","operation":"save"}
14:19:54.189 INFO  x.myblog.controller.BaseController - {"title":"22","keyWord":"22","digest":"22","user":"xuecl","operation":"save"}
14:19:54.190 INFO  x.myblog.controller.BaseController - 输入参数 {"title":"22","keyWord":"22","digest":"22","user":"xuecl","operation":"save"}
14:20:14.241 INFO  x.myblog.controller.BaseController - {"title":"33","keyWord":"33","digest":"33","user":"xuecl","operation":"save"}
14:20:14.242 INFO  x.myblog.controller.BaseController - 输入参数 {"title":"33","keyWord":"33","digest":"33","user":"xuecl","operation":"save"}
14:22:01.144 INFO  x.myblog.controller.BaseController - {"title":"44","keyWord":"44","digest":"44","user":"xuecl","operation":"save"}
14:22:01.145 INFO  x.myblog.controller.BaseController - 输入参数 {"title":"44","keyWord":"44","digest":"44","user":"xuecl","operation":"save"}
14:23:18.866 INFO  x.myblog.controller.BaseController - {"title":"55","keyWord":"55","digest":"55","user":"xuecl","operation":"save"}
14:23:18.867 INFO  x.myblog.controller.BaseController - 输入参数 {"title":"55","keyWord":"55","digest":"55","user":"xuecl","operation":"save"}
14:25:39.465 INFO  x.myblog.controller.BaseController - {"title":"111","keyWord":"111","digest":"111","user":"xuecl","operation":"save"}
14:25:39.466 INFO  x.myblog.controller.BaseController - 输入参数 {"title":"111","keyWord":"111","digest":"111","user":"xuecl","operation":"save"}
14:27:42.514 INFO  x.myblog.controller.BaseController - {"title":"222","keyWord":"222","digest":"222","user":"xuecl","operation":"save"}
14:27:42.515 INFO  x.myblog.controller.BaseController - 输入参数 {"title":"222","keyWord":"222","digest":"222","user":"xuecl","operation":"save"}
14:28:01.758 INFO  x.myblog.controller.BaseController - {"title":"333","keyWord":"333","digest":"333","user":"xuecl","operation":"save"}
14:28:01.759 INFO  x.myblog.controller.BaseController - 输入参数 {"title":"333","keyWord":"333","digest":"333","user":"xuecl","operation":"save"}
14:30:06.871 INFO  x.myblog.controller.BaseController - {"title":"333","keyWord":"333","digest":"333","user":"xuecl","operation":"save"}
14:30:06.872 INFO  x.myblog.controller.BaseController - 输入参数 {"title":"333","keyWord":"333","digest":"333","user":"xuecl","operation":"save"}
14:30:06.963 ERROR x.myblog.controller.BaseController - PreparedStatementCallback; Duplicate entry '333' for key 'blogTitle_UNIQUE'; nested exception is com.mysql.jdbc.exceptions.jdbc4.MySQLIntegrityConstraintViolationException: Duplicate entry '333' for key 'blogTitle_UNIQUE'
14:30:06.964 ERROR x.myblog.controller.BaseController - org.springframework.jdbc.support.SQLErrorCodeSQLExceptionTranslator.doTranslate(SQLErrorCodeSQLExceptionTranslator.java:243)
org.springframework.jdbc.support.AbstractFallbackSQLExceptionTranslator.translate(AbstractFallbackSQLExceptionTranslator.java:72)
org.springframework.jdbc.core.JdbcTemplate.translateException(JdbcTemplate.java:1443)
org.springframework.jdbc.core.JdbcTemplate.execute(JdbcTemplate.java:633)
org.springframework.jdbc.core.JdbcTemplate.update(JdbcTemplate.java:893)
xuecl.myblog.controller.BaseController.insert(BaseController.java:188)
xuecl.myblog.controller.BaseController.save(BaseController.java:175)
xuecl.myblog.controller.BaseController.baseController(BaseController.java:57)
sun.reflect.GeneratedMethodAccessor24.invoke(Unknown Source)
sun.reflect.DelegatingMethodAccessorImpl.invoke(Unknown Source)
java.lang.reflect.Method.invoke(Unknown Source)
org.springframework.web.method.support.InvocableHandlerMethod.doInvoke(InvocableHandlerMethod.java:190)
org.springframework.web.method.support.InvocableHandlerMethod.invokeForRequest(InvocableHandlerMethod.java:138)
org.springframework.web.servlet.mvc.method.annotation.ServletInvocableHandlerMethod.invokeAndHandle(ServletInvocableHandlerMethod.java:105)
org.springframework.web.servlet.mvc.method.annotation.RequestMappingHandlerAdapter.invokeHandlerMethod(RequestMappingHandlerAdapter.java:879)
org.springframework.web.servlet.mvc.method.annotation.RequestMappingHandlerAdapter.handleInternal(RequestMappingHandlerAdapter.java:793)
org.springframework.web.servlet.mvc.method.AbstractHandlerMethodAdapter.handle(AbstractHandlerMethodAdapter.java:87)
org.springframework.web.servlet.DispatcherServlet.doDispatch(DispatcherServlet.java:1040)
org.springframework.web.servlet.DispatcherServlet.doService(DispatcherServlet.java:943)
org.springframework.web.servlet.FrameworkServlet.processRequest(FrameworkServlet.java:1006)
org.springframework.web.servlet.FrameworkServlet.doPost(FrameworkServlet.java:909)
javax.servlet.http.HttpServlet.service(HttpServlet.java:660)
org.springframework.web.servlet.FrameworkServlet.service(FrameworkServlet.java:883)
javax.servlet.http.HttpServlet.service(HttpServlet.java:741)
org.apache.catalina.core.ApplicationFilterChain.internalDoFilter(ApplicationFilterChain.java:231)
org.apache.catalina.core.ApplicationFilterChain.doFilter(ApplicationFilterChain.java:166)
org.apache.tomcat.websocket.server.WsFilter.doFilter(WsFilter.java:53)
org.apache.catalina.core.ApplicationFilterChain.internalDoFilter(ApplicationFilterChain.java:193)
org.apache.catalina.core.ApplicationFilterChain.doFilter(ApplicationFilterChain.java:166)
xuecl.myblog.filter.AddAllowOriginHttpHeaderFilter.doFilter(AddAllowOriginHttpHeaderFilter.java:29)
org.apache.catalina.core.ApplicationFilterChain.internalDoFilter(ApplicationFilterChain.java:193)
org.apache.catalina.core.ApplicationFilterChain.doFilter(ApplicationFilterChain.java:166)
org.springframework.web.filter.RequestContextFilter.doFilterInternal(RequestContextFilter.java:100)
org.springframework.web.filter.OncePerRequestFilter.doFilter(OncePerRequestFilter.java:119)
org.apache.catalina.core.ApplicationFilterChain.internalDoFilter(ApplicationFilterChain.java:193)
org.apache.catalina.core.ApplicationFilterChain.doFilter(ApplicationFilterChain.java:166)
org.springframework.web.filter.FormContentFilter.doFilterInternal(FormContentFilter.java:93)
org.springframework.web.filter.OncePerRequestFilter.doFilter(OncePerRequestFilter.java:119)
org.apache.catalina.core.ApplicationFilterChain.internalDoFilter(ApplicationFilterChain.java:193)
org.apache.catalina.core.ApplicationFilterChain.doFilter(ApplicationFilterChain.java:166)
org.springframework.web.filter.CharacterEncodingFilter.doFilterInternal(CharacterEncodingFilter.java:201)
org.springframework.web.filter.OncePerRequestFilter.doFilter(OncePerRequestFilter.java:119)
org.apache.catalina.core.ApplicationFilterChain.internalDoFilter(ApplicationFilterChain.java:193)
org.apache.catalina.core.ApplicationFilterChain.doFilter(ApplicationFilterChain.java:166)
org.apache.catalina.core.StandardWrapperValve.invoke(StandardWrapperValve.java:202)
org.apache.catalina.core.StandardContextValve.invoke(StandardContextValve.java:96)
org.apache.catalina.authenticator.AuthenticatorBase.invoke(AuthenticatorBase.java:541)
org.apache.catalina.core.StandardHostValve.invoke(StandardHostValve.java:139)
org.apache.catalina.valves.ErrorReportValve.invoke(ErrorReportValve.java:92)
org.apache.catalina.core.StandardEngineValve.invoke(StandardEngineValve.java:74)
org.apache.catalina.connector.CoyoteAdapter.service(CoyoteAdapter.java:343)
org.apache.coyote.http11.Http11Processor.service(Http11Processor.java:373)
org.apache.coyote.AbstractProcessorLight.process(AbstractProcessorLight.java:65)
org.apache.coyote.AbstractProtocol$ConnectionHandler.process(AbstractProtocol.java:868)
org.apache.tomcat.util.net.NioEndpoint$SocketProcessor.doRun(NioEndpoint.java:1594)
org.apache.tomcat.util.net.SocketProcessorBase.run(SocketProcessorBase.java:49)
java.util.concurrent.ThreadPoolExecutor.runWorker(Unknown Source)
java.util.concurrent.ThreadPoolExecutor$Worker.run(Unknown Source)
org.apache.tomcat.util.threads.TaskThread$WrappingRunnable.run(TaskThread.java:61)
java.lang.Thread.run(Unknown Source)

14:30:11.320 INFO  x.myblog.controller.BaseController - {"title":"3333","keyWord":"3333","digest":"3333","user":"xuecl","operation":"save"}
14:30:11.321 INFO  x.myblog.controller.BaseController - 输入参数 {"title":"3333","keyWord":"3333","digest":"3333","user":"xuecl","operation":"save"}
14:30:48.214 INFO  x.myblog.controller.BaseController - {"title":"444","keyWord":"444","digest":"444","user":"xuecl","operation":"save"}
14:30:48.215 INFO  x.myblog.controller.BaseController - 输入参数 {"title":"444","keyWord":"444","digest":"444","user":"xuecl","operation":"save"}
14:38:27.579 INFO  xuecl.myblog.MyblogApplication - Starting MyblogApplication on DESKTOP-O9S7IM3 with PID 17716 (D:\Software\java-2019-062\workspace\myblog\target\classes started by xuecl in D:\Software\java-2019-062\workspace\myblog)
14:38:27.587 INFO  xuecl.myblog.MyblogApplication - No active profile set, falling back to default profiles: default
14:38:29.650 INFO  o.s.b.w.e.tomcat.TomcatWebServer - Tomcat initialized with port(s): 8080 (http)
14:38:29.664 INFO  o.a.coyote.http11.Http11NioProtocol - Initializing ProtocolHandler ["http-nio-8080"]
14:38:29.665 INFO  o.a.catalina.core.StandardService - Starting service [Tomcat]
14:38:29.665 INFO  o.a.catalina.core.StandardEngine - Starting Servlet engine: [Apache Tomcat/9.0.33]
14:38:29.799 INFO  o.a.c.c.C.[Tomcat].[localhost].[/] - Initializing Spring embedded WebApplicationContext
14:38:29.799 INFO  o.s.web.context.ContextLoader - Root WebApplicationContext: initialization completed in 2123 ms
14:38:30.243 INFO  o.s.s.c.ThreadPoolTaskExecutor - Initializing ExecutorService 'applicationTaskExecutor'
14:38:30.362 INFO  o.s.b.a.w.s.WelcomePageHandlerMapping - Adding welcome page: class path resource [static/index.html]
14:38:30.612 INFO  o.a.coyote.http11.Http11NioProtocol - Starting ProtocolHandler ["http-nio-8080"]
14:38:30.665 INFO  o.s.b.w.e.tomcat.TomcatWebServer - Tomcat started on port(s): 8080 (http) with context path ''
14:38:30.684 INFO  xuecl.myblog.MyblogApplication - Started MyblogApplication in 3.931 seconds (JVM running for 4.461)
14:45:12.518 INFO  o.a.c.c.C.[Tomcat].[localhost].[/] - Initializing Spring DispatcherServlet 'dispatcherServlet'
14:45:12.519 INFO  o.s.web.servlet.DispatcherServlet - Initializing Servlet 'dispatcherServlet'
14:45:12.538 INFO  o.s.web.servlet.DispatcherServlet - Completed initialization in 19 ms
14:45:12.658 INFO  x.myblog.controller.BaseController - {"operation":"queryById"}
14:45:12.738 INFO  x.myblog.controller.BaseController - 输入参数 {"operation":"queryById"}
14:45:12.748 INFO  com.zaxxer.hikari.HikariDataSource - HikariPool-1 - Starting...
14:45:13.047 INFO  com.zaxxer.hikari.pool.PoolBase - HikariPool-1 - Driver does not support get/set network timeout for connections. (com.mysql.jdbc.JDBC4Connection.getNetworkTimeout()I)
14:45:13.047 INFO  com.zaxxer.hikari.HikariDataSource - HikariPool-1 - Start completed.
14:45:13.217 ERROR x.myblog.controller.BaseController - StatementCallback; bad SQL grammar [select idblog as id, blogTitle, blogKeyWord, blogContent, createDate, createUser, modifyDate, modifyUser, isDel, blogDigest from blog where id = null and isDel = '0';]; nested exception is com.mysql.jdbc.exceptions.jdbc4.MySQLSyntaxErrorException: Unknown column 'id' in 'where clause'
14:45:13.220 ERROR x.myblog.controller.BaseController - org.springframework.jdbc.support.SQLErrorCodeSQLExceptionTranslator.doTranslate(SQLErrorCodeSQLExceptionTranslator.java:235)
org.springframework.jdbc.support.AbstractFallbackSQLExceptionTranslator.translate(AbstractFallbackSQLExceptionTranslator.java:72)
org.springframework.jdbc.core.JdbcTemplate.translateException(JdbcTemplate.java:1443)
org.springframework.jdbc.core.JdbcTemplate.execute(JdbcTemplate.java:388)
org.springframework.jdbc.core.JdbcTemplate.query(JdbcTemplate.java:452)
org.springframework.jdbc.core.JdbcTemplate.query(JdbcTemplate.java:462)
org.springframework.jdbc.core.JdbcTemplate.queryForList(JdbcTemplate.java:490)
xuecl.myblog.controller.BaseController.queryById(BaseController.java:104)
xuecl.myblog.controller.BaseController.baseController(BaseController.java:79)
sun.reflect.NativeMethodAccessorImpl.invoke0(Native Method)
sun.reflect.NativeMethodAccessorImpl.invoke(Unknown Source)
sun.reflect.DelegatingMethodAccessorImpl.invoke(Unknown Source)
java.lang.reflect.Method.invoke(Unknown Source)
org.springframework.web.method.support.InvocableHandlerMethod.doInvoke(InvocableHandlerMethod.java:190)
org.springframework.web.method.support.InvocableHandlerMethod.invokeForRequest(InvocableHandlerMethod.java:138)
org.springframework.web.servlet.mvc.method.annotation.ServletInvocableHandlerMethod.invokeAndHandle(ServletInvocableHandlerMethod.java:105)
org.springframework.web.servlet.mvc.method.annotation.RequestMappingHandlerAdapter.invokeHandlerMethod(RequestMappingHandlerAdapter.java:879)
org.springframework.web.servlet.mvc.method.annotation.RequestMappingHandlerAdapter.handleInternal(RequestMappingHandlerAdapter.java:793)
org.springframework.web.servlet.mvc.method.AbstractHandlerMethodAdapter.handle(AbstractHandlerMethodAdapter.java:87)
org.springframework.web.servlet.DispatcherServlet.doDispatch(DispatcherServlet.java:1040)
org.springframework.web.servlet.DispatcherServlet.doService(DispatcherServlet.java:943)
org.springframework.web.servlet.FrameworkServlet.processRequest(FrameworkServlet.java:1006)
org.springframework.web.servlet.FrameworkServlet.doPost(FrameworkServlet.java:909)
javax.servlet.http.HttpServlet.service(HttpServlet.java:660)
org.springframework.web.servlet.FrameworkServlet.service(FrameworkServlet.java:883)
javax.servlet.http.HttpServlet.service(HttpServlet.java:741)
org.apache.catalina.core.ApplicationFilterChain.internalDoFilter(ApplicationFilterChain.java:231)
org.apache.catalina.core.ApplicationFilterChain.doFilter(ApplicationFilterChain.java:166)
org.apache.tomcat.websocket.server.WsFilter.doFilter(WsFilter.java:53)
org.apache.catalina.core.ApplicationFilterChain.internalDoFilter(ApplicationFilterChain.java:193)
org.apache.catalina.core.ApplicationFilterChain.doFilter(ApplicationFilterChain.java:166)
xuecl.myblog.filter.AddAllowOriginHttpHeaderFilter.doFilter(AddAllowOriginHttpHeaderFilter.java:29)
org.apache.catalina.core.ApplicationFilterChain.internalDoFilter(ApplicationFilterChain.java:193)
org.apache.catalina.core.ApplicationFilterChain.doFilter(ApplicationFilterChain.java:166)
org.springframework.web.filter.RequestContextFilter.doFilterInternal(RequestContextFilter.java:100)
org.springframework.web.filter.OncePerRequestFilter.doFilter(OncePerRequestFilter.java:119)
org.apache.catalina.core.ApplicationFilterChain.internalDoFilter(ApplicationFilterChain.java:193)
org.apache.catalina.core.ApplicationFilterChain.doFilter(ApplicationFilterChain.java:166)
org.springframework.web.filter.FormContentFilter.doFilterInternal(FormContentFilter.java:93)
org.springframework.web.filter.OncePerRequestFilter.doFilter(OncePerRequestFilter.java:119)
org.apache.catalina.core.ApplicationFilterChain.internalDoFilter(ApplicationFilterChain.java:193)
org.apache.catalina.core.ApplicationFilterChain.doFilter(ApplicationFilterChain.java:166)
org.springframework.web.filter.CharacterEncodingFilter.doFilterInternal(CharacterEncodingFilter.java:201)
org.springframework.web.filter.OncePerRequestFilter.doFilter(OncePerRequestFilter.java:119)
org.apache.catalina.core.ApplicationFilterChain.internalDoFilter(ApplicationFilterChain.java:193)
org.apache.catalina.core.ApplicationFilterChain.doFilter(ApplicationFilterChain.java:166)
org.apache.catalina.core.StandardWrapperValve.invoke(StandardWrapperValve.java:202)
org.apache.catalina.core.StandardContextValve.invoke(StandardContextValve.java:96)
org.apache.catalina.authenticator.AuthenticatorBase.invoke(AuthenticatorBase.java:541)
org.apache.catalina.core.StandardHostValve.invoke(StandardHostValve.java:139)
org.apache.catalina.valves.ErrorReportValve.invoke(ErrorReportValve.java:92)
org.apache.catalina.core.StandardEngineValve.invoke(StandardEngineValve.java:74)
org.apache.catalina.connector.CoyoteAdapter.service(CoyoteAdapter.java:343)
org.apache.coyote.http11.Http11Processor.service(Http11Processor.java:373)
org.apache.coyote.AbstractProcessorLight.process(AbstractProcessorLight.java:65)
org.apache.coyote.AbstractProtocol$ConnectionHandler.process(AbstractProtocol.java:868)
org.apache.tomcat.util.net.NioEndpoint$SocketProcessor.doRun(NioEndpoint.java:1594)
org.apache.tomcat.util.net.SocketProcessorBase.run(SocketProcessorBase.java:49)
java.util.concurrent.ThreadPoolExecutor.runWorker(Unknown Source)
java.util.concurrent.ThreadPoolExecutor$Worker.run(Unknown Source)
org.apache.tomcat.util.threads.TaskThread$WrappingRunnable.run(TaskThread.java:61)
java.lang.Thread.run(Unknown Source)

14:46:31.599 INFO  x.myblog.controller.BaseController - {"title":"1","keyWord":"1","digest":"1","user":"xuecl","operation":"save"}
14:46:31.600 INFO  x.myblog.controller.BaseController - 输入参数 {"title":"1","keyWord":"1","digest":"1","user":"xuecl","operation":"save"}
14:46:31.875 INFO  x.myblog.controller.BaseController - {"operation":"queryById","id":50}
14:46:31.878 INFO  x.myblog.controller.BaseController - 输入参数 {"operation":"queryById","id":50}
14:46:31.879 ERROR x.myblog.controller.BaseController - StatementCallback; bad SQL grammar [select idblog as id, blogTitle, blogKeyWord, blogContent, createDate, createUser, modifyDate, modifyUser, isDel, blogDigest from blog where id = 50 and isDel = '0';]; nested exception is com.mysql.jdbc.exceptions.jdbc4.MySQLSyntaxErrorException: Unknown column 'id' in 'where clause'
14:46:31.880 ERROR x.myblog.controller.BaseController - org.springframework.jdbc.support.SQLErrorCodeSQLExceptionTranslator.doTranslate(SQLErrorCodeSQLExceptionTranslator.java:235)
org.springframework.jdbc.support.AbstractFallbackSQLExceptionTranslator.translate(AbstractFallbackSQLExceptionTranslator.java:72)
org.springframework.jdbc.core.JdbcTemplate.translateException(JdbcTemplate.java:1443)
org.springframework.jdbc.core.JdbcTemplate.execute(JdbcTemplate.java:388)
org.springframework.jdbc.core.JdbcTemplate.query(JdbcTemplate.java:452)
org.springframework.jdbc.core.JdbcTemplate.query(JdbcTemplate.java:462)
org.springframework.jdbc.core.JdbcTemplate.queryForList(JdbcTemplate.java:490)
xuecl.myblog.controller.BaseController.queryById(BaseController.java:104)
xuecl.myblog.controller.BaseController.baseController(BaseController.java:79)
sun.reflect.NativeMethodAccessorImpl.invoke0(Native Method)
sun.reflect.NativeMethodAccessorImpl.invoke(Unknown Source)
sun.reflect.DelegatingMethodAccessorImpl.invoke(Unknown Source)
java.lang.reflect.Method.invoke(Unknown Source)
org.springframework.web.method.support.InvocableHandlerMethod.doInvoke(InvocableHandlerMethod.java:190)
org.springframework.web.method.support.InvocableHandlerMethod.invokeForRequest(InvocableHandlerMethod.java:138)
org.springframework.web.servlet.mvc.method.annotation.ServletInvocableHandlerMethod.invokeAndHandle(ServletInvocableHandlerMethod.java:105)
org.springframework.web.servlet.mvc.method.annotation.RequestMappingHandlerAdapter.invokeHandlerMethod(RequestMappingHandlerAdapter.java:879)
org.springframework.web.servlet.mvc.method.annotation.RequestMappingHandlerAdapter.handleInternal(RequestMappingHandlerAdapter.java:793)
org.springframework.web.servlet.mvc.method.AbstractHandlerMethodAdapter.handle(AbstractHandlerMethodAdapter.java:87)
org.springframework.web.servlet.DispatcherServlet.doDispatch(DispatcherServlet.java:1040)
org.springframework.web.servlet.DispatcherServlet.doService(DispatcherServlet.java:943)
org.springframework.web.servlet.FrameworkServlet.processRequest(FrameworkServlet.java:1006)
org.springframework.web.servlet.FrameworkServlet.doPost(FrameworkServlet.java:909)
javax.servlet.http.HttpServlet.service(HttpServlet.java:660)
org.springframework.web.servlet.FrameworkServlet.service(FrameworkServlet.java:883)
javax.servlet.http.HttpServlet.service(HttpServlet.java:741)
org.apache.catalina.core.ApplicationFilterChain.internalDoFilter(ApplicationFilterChain.java:231)
org.apache.catalina.core.ApplicationFilterChain.doFilter(ApplicationFilterChain.java:166)
org.apache.tomcat.websocket.server.WsFilter.doFilter(WsFilter.java:53)
org.apache.catalina.core.ApplicationFilterChain.internalDoFilter(ApplicationFilterChain.java:193)
org.apache.catalina.core.ApplicationFilterChain.doFilter(ApplicationFilterChain.java:166)
xuecl.myblog.filter.AddAllowOriginHttpHeaderFilter.doFilter(AddAllowOriginHttpHeaderFilter.java:29)
org.apache.catalina.core.ApplicationFilterChain.internalDoFilter(ApplicationFilterChain.java:193)
org.apache.catalina.core.ApplicationFilterChain.doFilter(ApplicationFilterChain.java:166)
org.springframework.web.filter.RequestContextFilter.doFilterInternal(RequestContextFilter.java:100)
org.springframework.web.filter.OncePerRequestFilter.doFilter(OncePerRequestFilter.java:119)
org.apache.catalina.core.ApplicationFilterChain.internalDoFilter(ApplicationFilterChain.java:193)
org.apache.catalina.core.ApplicationFilterChain.doFilter(ApplicationFilterChain.java:166)
org.springframework.web.filter.FormContentFilter.doFilterInternal(FormContentFilter.java:93)
org.springframework.web.filter.OncePerRequestFilter.doFilter(OncePerRequestFilter.java:119)
org.apache.catalina.core.ApplicationFilterChain.internalDoFilter(ApplicationFilterChain.java:193)
org.apache.catalina.core.ApplicationFilterChain.doFilter(ApplicationFilterChain.java:166)
org.springframework.web.filter.CharacterEncodingFilter.doFilterInternal(CharacterEncodingFilter.java:201)
org.springframework.web.filter.OncePerRequestFilter.doFilter(OncePerRequestFilter.java:119)
org.apache.catalina.core.ApplicationFilterChain.internalDoFilter(ApplicationFilterChain.java:193)
org.apache.catalina.core.ApplicationFilterChain.doFilter(ApplicationFilterChain.java:166)
org.apache.catalina.core.StandardWrapperValve.invoke(StandardWrapperValve.java:202)
org.apache.catalina.core.StandardContextValve.invoke(StandardContextValve.java:96)
org.apache.catalina.authenticator.AuthenticatorBase.invoke(AuthenticatorBase.java:541)
org.apache.catalina.core.StandardHostValve.invoke(StandardHostValve.java:139)
org.apache.catalina.valves.ErrorReportValve.invoke(ErrorReportValve.java:92)
org.apache.catalina.core.StandardEngineValve.invoke(StandardEngineValve.java:74)
org.apache.catalina.connector.CoyoteAdapter.service(CoyoteAdapter.java:343)
org.apache.coyote.http11.Http11Processor.service(Http11Processor.java:373)
org.apache.coyote.AbstractProcessorLight.process(AbstractProcessorLight.java:65)
org.apache.coyote.AbstractProtocol$ConnectionHandler.process(AbstractProtocol.java:868)
org.apache.tomcat.util.net.NioEndpoint$SocketProcessor.doRun(NioEndpoint.java:1594)
org.apache.tomcat.util.net.SocketProcessorBase.run(SocketProcessorBase.java:49)
java.util.concurrent.ThreadPoolExecutor.runWorker(Unknown Source)
java.util.concurrent.ThreadPoolExecutor$Worker.run(Unknown Source)
org.apache.tomcat.util.threads.TaskThread$WrappingRunnable.run(TaskThread.java:61)
java.lang.Thread.run(Unknown Source)

14:47:39.182 INFO  xuecl.myblog.MyblogApplication - Starting MyblogApplication on DESKTOP-O9S7IM3 with PID 6760 (D:\Software\java-2019-062\workspace\myblog\target\classes started by xuecl in D:\Software\java-2019-062\workspace\myblog)
14:47:39.190 INFO  xuecl.myblog.MyblogApplication - No active profile set, falling back to default profiles: default
14:47:41.067 INFO  o.s.b.w.e.tomcat.TomcatWebServer - Tomcat initialized with port(s): 8080 (http)
14:47:41.080 INFO  o.a.coyote.http11.Http11NioProtocol - Initializing ProtocolHandler ["http-nio-8080"]
14:47:41.081 INFO  o.a.catalina.core.StandardService - Starting service [Tomcat]
14:47:41.081 INFO  o.a.catalina.core.StandardEngine - Starting Servlet engine: [Apache Tomcat/9.0.33]
14:47:41.202 INFO  o.a.c.c.C.[Tomcat].[localhost].[/] - Initializing Spring embedded WebApplicationContext
14:47:41.202 INFO  o.s.web.context.ContextLoader - Root WebApplicationContext: initialization completed in 1913 ms
14:47:41.604 INFO  o.s.s.c.ThreadPoolTaskExecutor - Initializing ExecutorService 'applicationTaskExecutor'
14:47:41.980 INFO  o.s.b.a.w.s.WelcomePageHandlerMapping - Adding welcome page: class path resource [static/index.html]
14:47:42.140 INFO  o.a.coyote.http11.Http11NioProtocol - Starting ProtocolHandler ["http-nio-8080"]
14:47:42.178 INFO  o.s.b.w.e.tomcat.TomcatWebServer - Tomcat started on port(s): 8080 (http) with context path ''
14:47:42.183 INFO  xuecl.myblog.MyblogApplication - Started MyblogApplication in 3.753 seconds (JVM running for 4.396)
14:47:52.431 INFO  o.a.c.c.C.[Tomcat].[localhost].[/] - Initializing Spring DispatcherServlet 'dispatcherServlet'
14:47:52.431 INFO  o.s.web.servlet.DispatcherServlet - Initializing Servlet 'dispatcherServlet'
14:47:52.447 INFO  o.s.web.servlet.DispatcherServlet - Completed initialization in 16 ms
14:47:52.542 INFO  x.myblog.controller.BaseController - {"operation":"queryById"}
14:47:52.611 INFO  x.myblog.controller.BaseController - 输入参数 {"operation":"queryById"}
14:47:52.620 INFO  com.zaxxer.hikari.HikariDataSource - HikariPool-1 - Starting...
14:47:52.948 INFO  com.zaxxer.hikari.pool.PoolBase - HikariPool-1 - Driver does not support get/set network timeout for connections. (com.mysql.jdbc.JDBC4Connection.getNetworkTimeout()I)
14:47:52.952 INFO  com.zaxxer.hikari.HikariDataSource - HikariPool-1 - Start completed.
14:47:53.008 ERROR x.myblog.controller.BaseController - Map的参数长度必须为2的整数倍
14:47:53.009 ERROR x.myblog.controller.BaseController - xuecl.myblog.entity.RspBody.succesRspCreate(RspBody.java:43)
xuecl.myblog.controller.BaseController.baseController(BaseController.java:79)
sun.reflect.NativeMethodAccessorImpl.invoke0(Native Method)
sun.reflect.NativeMethodAccessorImpl.invoke(Unknown Source)
sun.reflect.DelegatingMethodAccessorImpl.invoke(Unknown Source)
java.lang.reflect.Method.invoke(Unknown Source)
org.springframework.web.method.support.InvocableHandlerMethod.doInvoke(InvocableHandlerMethod.java:190)
org.springframework.web.method.support.InvocableHandlerMethod.invokeForRequest(InvocableHandlerMethod.java:138)
org.springframework.web.servlet.mvc.method.annotation.ServletInvocableHandlerMethod.invokeAndHandle(ServletInvocableHandlerMethod.java:105)
org.springframework.web.servlet.mvc.method.annotation.RequestMappingHandlerAdapter.invokeHandlerMethod(RequestMappingHandlerAdapter.java:879)
org.springframework.web.servlet.mvc.method.annotation.RequestMappingHandlerAdapter.handleInternal(RequestMappingHandlerAdapter.java:793)
org.springframework.web.servlet.mvc.method.AbstractHandlerMethodAdapter.handle(AbstractHandlerMethodAdapter.java:87)
org.springframework.web.servlet.DispatcherServlet.doDispatch(DispatcherServlet.java:1040)
org.springframework.web.servlet.DispatcherServlet.doService(DispatcherServlet.java:943)
org.springframework.web.servlet.FrameworkServlet.processRequest(FrameworkServlet.java:1006)
org.springframework.web.servlet.FrameworkServlet.doPost(FrameworkServlet.java:909)
javax.servlet.http.HttpServlet.service(HttpServlet.java:660)
org.springframework.web.servlet.FrameworkServlet.service(FrameworkServlet.java:883)
javax.servlet.http.HttpServlet.service(HttpServlet.java:741)
org.apache.catalina.core.ApplicationFilterChain.internalDoFilter(ApplicationFilterChain.java:231)
org.apache.catalina.core.ApplicationFilterChain.doFilter(ApplicationFilterChain.java:166)
org.apache.tomcat.websocket.server.WsFilter.doFilter(WsFilter.java:53)
org.apache.catalina.core.ApplicationFilterChain.internalDoFilter(ApplicationFilterChain.java:193)
org.apache.catalina.core.ApplicationFilterChain.doFilter(ApplicationFilterChain.java:166)
xuecl.myblog.filter.AddAllowOriginHttpHeaderFilter.doFilter(AddAllowOriginHttpHeaderFilter.java:29)
org.apache.catalina.core.ApplicationFilterChain.internalDoFilter(ApplicationFilterChain.java:193)
org.apache.catalina.core.ApplicationFilterChain.doFilter(ApplicationFilterChain.java:166)
org.springframework.web.filter.RequestContextFilter.doFilterInternal(RequestContextFilter.java:100)
org.springframework.web.filter.OncePerRequestFilter.doFilter(OncePerRequestFilter.java:119)
org.apache.catalina.core.ApplicationFilterChain.internalDoFilter(ApplicationFilterChain.java:193)
org.apache.catalina.core.ApplicationFilterChain.doFilter(ApplicationFilterChain.java:166)
org.springframework.web.filter.FormContentFilter.doFilterInternal(FormContentFilter.java:93)
org.springframework.web.filter.OncePerRequestFilter.doFilter(OncePerRequestFilter.java:119)
org.apache.catalina.core.ApplicationFilterChain.internalDoFilter(ApplicationFilterChain.java:193)
org.apache.catalina.core.ApplicationFilterChain.doFilter(ApplicationFilterChain.java:166)
org.springframework.web.filter.CharacterEncodingFilter.doFilterInternal(CharacterEncodingFilter.java:201)
org.springframework.web.filter.OncePerRequestFilter.doFilter(OncePerRequestFilter.java:119)
org.apache.catalina.core.ApplicationFilterChain.internalDoFilter(ApplicationFilterChain.java:193)
org.apache.catalina.core.ApplicationFilterChain.doFilter(ApplicationFilterChain.java:166)
org.apache.catalina.core.StandardWrapperValve.invoke(StandardWrapperValve.java:202)
org.apache.catalina.core.StandardContextValve.invoke(StandardContextValve.java:96)
org.apache.catalina.authenticator.AuthenticatorBase.invoke(AuthenticatorBase.java:541)
org.apache.catalina.core.StandardHostValve.invoke(StandardHostValve.java:139)
org.apache.catalina.valves.ErrorReportValve.invoke(ErrorReportValve.java:92)
org.apache.catalina.core.StandardEngineValve.invoke(StandardEngineValve.java:74)
org.apache.catalina.connector.CoyoteAdapter.service(CoyoteAdapter.java:343)
org.apache.coyote.http11.Http11Processor.service(Http11Processor.java:373)
org.apache.coyote.AbstractProcessorLight.process(AbstractProcessorLight.java:65)
org.apache.coyote.AbstractProtocol$ConnectionHandler.process(AbstractProtocol.java:868)
org.apache.tomcat.util.net.NioEndpoint$SocketProcessor.doRun(NioEndpoint.java:1594)
org.apache.tomcat.util.net.SocketProcessorBase.run(SocketProcessorBase.java:49)
java.util.concurrent.ThreadPoolExecutor.runWorker(Unknown Source)
java.util.concurrent.ThreadPoolExecutor$Worker.run(Unknown Source)
org.apache.tomcat.util.threads.TaskThread$WrappingRunnable.run(TaskThread.java:61)
java.lang.Thread.run(Unknown Source)

14:48:48.911 INFO  xuecl.myblog.MyblogApplication - Starting MyblogApplication on DESKTOP-O9S7IM3 with PID 16164 (D:\Software\java-2019-062\workspace\myblog\target\classes started by xuecl in D:\Software\java-2019-062\workspace\myblog)
14:48:48.911 INFO  xuecl.myblog.MyblogApplication - No active profile set, falling back to default profiles: default
14:48:50.953 INFO  o.s.b.w.e.tomcat.TomcatWebServer - Tomcat initialized with port(s): 8080 (http)
14:48:50.965 INFO  o.a.coyote.http11.Http11NioProtocol - Initializing ProtocolHandler ["http-nio-8080"]
14:48:50.965 INFO  o.a.catalina.core.StandardService - Starting service [Tomcat]
14:48:50.965 INFO  o.a.catalina.core.StandardEngine - Starting Servlet engine: [Apache Tomcat/9.0.33]
14:48:51.100 INFO  o.a.c.c.C.[Tomcat].[localhost].[/] - Initializing Spring embedded WebApplicationContext
14:48:51.100 INFO  o.s.web.context.ContextLoader - Root WebApplicationContext: initialization completed in 2105 ms
14:48:51.571 INFO  o.s.s.c.ThreadPoolTaskExecutor - Initializing ExecutorService 'applicationTaskExecutor'
14:48:51.708 INFO  o.s.b.a.w.s.WelcomePageHandlerMapping - Adding welcome page: class path resource [static/index.html]
14:48:51.877 INFO  o.a.coyote.http11.Http11NioProtocol - Starting ProtocolHandler ["http-nio-8080"]
14:48:51.919 INFO  o.s.b.w.e.tomcat.TomcatWebServer - Tomcat started on port(s): 8080 (http) with context path ''
14:48:51.924 INFO  xuecl.myblog.MyblogApplication - Started MyblogApplication in 3.729 seconds (JVM running for 4.438)
14:48:59.192 INFO  o.a.c.c.C.[Tomcat].[localhost].[/] - Initializing Spring DispatcherServlet 'dispatcherServlet'
14:48:59.194 INFO  o.s.web.servlet.DispatcherServlet - Initializing Servlet 'dispatcherServlet'
14:48:59.209 INFO  o.s.web.servlet.DispatcherServlet - Completed initialization in 15 ms
14:48:59.301 INFO  x.myblog.controller.BaseController - {"operation":"queryById"}
14:48:59.346 INFO  x.myblog.controller.BaseController - 输入参数 {"operation":"queryById"}
14:48:59.354 INFO  com.zaxxer.hikari.HikariDataSource - HikariPool-1 - Starting...
14:48:59.628 INFO  com.zaxxer.hikari.pool.PoolBase - HikariPool-1 - Driver does not support get/set network timeout for connections. (com.mysql.jdbc.JDBC4Connection.getNetworkTimeout()I)
14:48:59.628 INFO  com.zaxxer.hikari.HikariDataSource - HikariPool-1 - Start completed.
14:52:01.242 INFO  xuecl.myblog.MyblogApplication - Starting MyblogApplication on DESKTOP-O9S7IM3 with PID 16784 (D:\Software\java-2019-062\workspace\myblog\target\classes started by xuecl in D:\Software\java-2019-062\workspace\myblog)
14:52:01.248 INFO  xuecl.myblog.MyblogApplication - No active profile set, falling back to default profiles: default
14:52:03.429 INFO  o.s.b.w.e.tomcat.TomcatWebServer - Tomcat initialized with port(s): 8080 (http)
14:52:03.439 INFO  o.a.coyote.http11.Http11NioProtocol - Initializing ProtocolHandler ["http-nio-8080"]
14:52:03.455 INFO  o.a.catalina.core.StandardService - Starting service [Tomcat]
14:52:03.455 INFO  o.a.catalina.core.StandardEngine - Starting Servlet engine: [Apache Tomcat/9.0.33]
14:52:03.598 INFO  o.a.c.c.C.[Tomcat].[localhost].[/] - Initializing Spring embedded WebApplicationContext
14:52:03.598 INFO  o.s.web.context.ContextLoader - Root WebApplicationContext: initialization completed in 2263 ms
14:52:04.028 INFO  o.s.s.c.ThreadPoolTaskExecutor - Initializing ExecutorService 'applicationTaskExecutor'
14:52:04.160 INFO  o.s.b.a.w.s.WelcomePageHandlerMapping - Adding welcome page: class path resource [static/index.html]
14:52:04.337 INFO  o.a.coyote.http11.Http11NioProtocol - Starting ProtocolHandler ["http-nio-8080"]
14:52:04.380 INFO  o.s.b.w.e.tomcat.TomcatWebServer - Tomcat started on port(s): 8080 (http) with context path ''
14:52:04.385 INFO  xuecl.myblog.MyblogApplication - Started MyblogApplication in 3.846 seconds (JVM running for 4.397)
14:52:20.376 INFO  o.a.c.c.C.[Tomcat].[localhost].[/] - Initializing Spring DispatcherServlet 'dispatcherServlet'
14:52:20.377 INFO  o.s.web.servlet.DispatcherServlet - Initializing Servlet 'dispatcherServlet'
14:52:20.393 INFO  o.s.web.servlet.DispatcherServlet - Completed initialization in 16 ms
14:52:20.485 INFO  x.myblog.controller.BaseController - {"operation":"queryById"}
14:52:20.526 INFO  x.myblog.controller.BaseController - 输入参数 {"operation":"queryById"}
14:52:20.532 INFO  com.zaxxer.hikari.HikariDataSource - HikariPool-1 - Starting...
14:52:20.755 INFO  com.zaxxer.hikari.pool.PoolBase - HikariPool-1 - Driver does not support get/set network timeout for connections. (com.mysql.jdbc.JDBC4Connection.getNetworkTimeout()I)
14:52:20.755 INFO  com.zaxxer.hikari.HikariDataSource - HikariPool-1 - Start completed.
14:54:22.574 INFO  x.myblog.controller.BaseController - {"title":"2","keyWord":"2","digest":"2","user":"xuecl","operation":"save"}
14:54:22.575 INFO  x.myblog.controller.BaseController - 输入参数 {"title":"2","keyWord":"2","digest":"2","user":"xuecl","operation":"save"}
14:54:22.799 INFO  x.myblog.controller.BaseController - {"operation":"queryById","id":51}
14:54:22.802 INFO  x.myblog.controller.BaseController - 输入参数 {"operation":"queryById","id":51}
14:58:05.085 INFO  x.myblog.controller.BaseController - {"operation":"queryById","id":51}
14:58:05.086 INFO  x.myblog.controller.BaseController - 输入参数 {"operation":"queryById","id":51}
14:58:05.253 INFO  x.myblog.controller.BaseController - {"operation":"queryById","id":51}
14:58:05.254 INFO  x.myblog.controller.BaseController - 输入参数 {"operation":"queryById","id":51}
14:58:17.978 INFO  x.myblog.controller.BaseController - {"title":"3","keyWord":"3","digest":"3","user":"xuecl","operation":"save"}
14:58:17.979 INFO  x.myblog.controller.BaseController - 输入参数 {"title":"3","keyWord":"3","digest":"3","user":"xuecl","operation":"save"}
14:58:18.161 INFO  x.myblog.controller.BaseController - {"operation":"queryById","id":52}
14:58:18.162 INFO  x.myblog.controller.BaseController - 输入参数 {"operation":"queryById","id":52}
15:00:32.973 INFO  x.myblog.controller.BaseController - {"operation":"queryById","id":52}
15:00:32.974 INFO  x.myblog.controller.BaseController - 输入参数 {"operation":"queryById","id":52}
15:01:11.212 INFO  x.myblog.controller.BaseController - {"title":"4","keyWord":"4","digest":"4","user":"xuecl","operation":"save"}
15:01:11.213 INFO  x.myblog.controller.BaseController - 输入参数 {"title":"4","keyWord":"4","digest":"4","user":"xuecl","operation":"save"}
15:01:11.785 INFO  x.myblog.controller.BaseController - {"operation":"queryById","id":53}
15:01:11.786 INFO  x.myblog.controller.BaseController - 输入参数 {"operation":"queryById","id":53}
15:02:23.043 INFO  x.myblog.controller.BaseController - {"operation":"queryById","id":53}
15:02:23.044 INFO  x.myblog.controller.BaseController - 输入参数 {"operation":"queryById","id":53}
15:02:23.176 INFO  x.myblog.controller.BaseController - {"operation":"queryById","id":53}
15:02:23.177 INFO  x.myblog.controller.BaseController - 输入参数 {"operation":"queryById","id":53}
15:02:31.780 INFO  x.myblog.controller.BaseController - {"id":53,"title":"4","keyword":"4","content":"### sfas\n","digest":"4","operation":"query"}
15:02:31.783 INFO  x.myblog.controller.BaseController - 输入参数 {"id":53,"title":"4","keyword":"4","content":"### sfas\n","digest":"4","operation":"query"}
15:02:31.783 INFO  x.myblog.controller.BaseController - queryConditionSql: blogTitle='4'  
15:02:37.772 INFO  x.myblog.controller.BaseController - {"title":"","keyWord":"","modifyDate":"","operation":"query"}
15:02:37.773 INFO  x.myblog.controller.BaseController - 输入参数 {"title":"","keyWord":"","modifyDate":"","operation":"query"}
15:02:37.773 INFO  x.myblog.controller.BaseController - queryConditionSql:  1 = 1 
15:09:20.127 INFO  x.myblog.controller.BaseController - {"operation":"queryById","id":53}
15:09:20.128 INFO  x.myblog.controller.BaseController - 输入参数 {"operation":"queryById","id":53}
15:09:37.833 INFO  x.myblog.controller.BaseController - {"id":53,"title":"4","keyword":"4","content":"#### 123131","digest":"4","operation":"query"}
15:09:37.834 INFO  x.myblog.controller.BaseController - 输入参数 {"id":53,"title":"4","keyword":"4","content":"#### 123131","digest":"4","operation":"query"}
15:09:37.834 INFO  x.myblog.controller.BaseController - queryConditionSql: blogTitle='4'  
15:09:41.962 INFO  x.myblog.controller.BaseController - {"title":"","keyWord":"","modifyDate":"","operation":"query"}
15:09:41.963 INFO  x.myblog.controller.BaseController - 输入参数 {"title":"","keyWord":"","modifyDate":"","operation":"query"}
15:09:41.964 INFO  x.myblog.controller.BaseController - queryConditionSql:  1 = 1 
15:09:47.686 INFO  x.myblog.controller.BaseController - {"operation":"queryById","id":53}
15:09:47.687 INFO  x.myblog.controller.BaseController - 输入参数 {"operation":"queryById","id":53}
15:10:10.074 INFO  x.myblog.controller.BaseController - {"id":53,"title":"4","keyword":"4","content":"# 123123","digest":"4","operation":"query"}
15:10:10.075 INFO  x.myblog.controller.BaseController - 输入参数 {"id":53,"title":"4","keyword":"4","content":"# 123123","digest":"4","operation":"query"}
15:10:10.075 INFO  x.myblog.controller.BaseController - queryConditionSql: blogTitle='4'  
15:10:51.998 INFO  x.myblog.controller.BaseController - {"operation":"queryById","id":53}
15:10:51.999 INFO  x.myblog.controller.BaseController - 输入参数 {"operation":"queryById","id":53}
15:10:57.162 INFO  x.myblog.controller.BaseController - {"id":53,"title":"4","keyword":"4","content":"### 123123","digest":"4","operation":"save"}
15:10:57.163 INFO  x.myblog.controller.BaseController - 输入参数 {"id":53,"title":"4","keyword":"4","content":"### 123123","digest":"4","operation":"save"}
15:10:57.290 ERROR x.myblog.controller.BaseController - PreparedStatementCallback; SQL [update blog set blogTitle = ?, blogKeyWord = ?, blogContent = ?, modifyDate = ?, modifyUser = ?, blogDigest = ? where idblog = ?]; Column 'modifyUser' cannot be null; nested exception is com.mysql.jdbc.exceptions.jdbc4.MySQLIntegrityConstraintViolationException: Column 'modifyUser' cannot be null
15:10:57.290 ERROR x.myblog.controller.BaseController - org.springframework.jdbc.support.SQLExceptionSubclassTranslator.doTranslate(SQLExceptionSubclassTranslator.java:87)
org.springframework.jdbc.support.AbstractFallbackSQLExceptionTranslator.translate(AbstractFallbackSQLExceptionTranslator.java:72)
org.springframework.jdbc.support.AbstractFallbackSQLExceptionTranslator.translate(AbstractFallbackSQLExceptionTranslator.java:81)
org.springframework.jdbc.core.JdbcTemplate.translateException(JdbcTemplate.java:1443)
org.springframework.jdbc.core.JdbcTemplate.execute(JdbcTemplate.java:633)
org.springframework.jdbc.core.JdbcTemplate.update(JdbcTemplate.java:862)
org.springframework.jdbc.core.JdbcTemplate.update(JdbcTemplate.java:917)
org.springframework.jdbc.core.JdbcTemplate.update(JdbcTemplate.java:927)
xuecl.myblog.controller.BaseController.update(BaseController.java:221)
xuecl.myblog.controller.BaseController.save(BaseController.java:191)
xuecl.myblog.controller.BaseController.baseController(BaseController.java:57)
sun.reflect.GeneratedMethodAccessor24.invoke(Unknown Source)
sun.reflect.DelegatingMethodAccessorImpl.invoke(Unknown Source)
java.lang.reflect.Method.invoke(Unknown Source)
org.springframework.web.method.support.InvocableHandlerMethod.doInvoke(InvocableHandlerMethod.java:190)
org.springframework.web.method.support.InvocableHandlerMethod.invokeForRequest(InvocableHandlerMethod.java:138)
org.springframework.web.servlet.mvc.method.annotation.ServletInvocableHandlerMethod.invokeAndHandle(ServletInvocableHandlerMethod.java:105)
org.springframework.web.servlet.mvc.method.annotation.RequestMappingHandlerAdapter.invokeHandlerMethod(RequestMappingHandlerAdapter.java:879)
org.springframework.web.servlet.mvc.method.annotation.RequestMappingHandlerAdapter.handleInternal(RequestMappingHandlerAdapter.java:793)
org.springframework.web.servlet.mvc.method.AbstractHandlerMethodAdapter.handle(AbstractHandlerMethodAdapter.java:87)
org.springframework.web.servlet.DispatcherServlet.doDispatch(DispatcherServlet.java:1040)
org.springframework.web.servlet.DispatcherServlet.doService(DispatcherServlet.java:943)
org.springframework.web.servlet.FrameworkServlet.processRequest(FrameworkServlet.java:1006)
org.springframework.web.servlet.FrameworkServlet.doPost(FrameworkServlet.java:909)
javax.servlet.http.HttpServlet.service(HttpServlet.java:660)
org.springframework.web.servlet.FrameworkServlet.service(FrameworkServlet.java:883)
javax.servlet.http.HttpServlet.service(HttpServlet.java:741)
org.apache.catalina.core.ApplicationFilterChain.internalDoFilter(ApplicationFilterChain.java:231)
org.apache.catalina.core.ApplicationFilterChain.doFilter(ApplicationFilterChain.java:166)
org.apache.tomcat.websocket.server.WsFilter.doFilter(WsFilter.java:53)
org.apache.catalina.core.ApplicationFilterChain.internalDoFilter(ApplicationFilterChain.java:193)
org.apache.catalina.core.ApplicationFilterChain.doFilter(ApplicationFilterChain.java:166)
xuecl.myblog.filter.AddAllowOriginHttpHeaderFilter.doFilter(AddAllowOriginHttpHeaderFilter.java:29)
org.apache.catalina.core.ApplicationFilterChain.internalDoFilter(ApplicationFilterChain.java:193)
org.apache.catalina.core.ApplicationFilterChain.doFilter(ApplicationFilterChain.java:166)
org.springframework.web.filter.RequestContextFilter.doFilterInternal(RequestContextFilter.java:100)
org.springframework.web.filter.OncePerRequestFilter.doFilter(OncePerRequestFilter.java:119)
org.apache.catalina.core.ApplicationFilterChain.internalDoFilter(ApplicationFilterChain.java:193)
org.apache.catalina.core.ApplicationFilterChain.doFilter(ApplicationFilterChain.java:166)
org.springframework.web.filter.FormContentFilter.doFilterInternal(FormContentFilter.java:93)
org.springframework.web.filter.OncePerRequestFilter.doFilter(OncePerRequestFilter.java:119)
org.apache.catalina.core.ApplicationFilterChain.internalDoFilter(ApplicationFilterChain.java:193)
org.apache.catalina.core.ApplicationFilterChain.doFilter(ApplicationFilterChain.java:166)
org.springframework.web.filter.CharacterEncodingFilter.doFilterInternal(CharacterEncodingFilter.java:201)
org.springframework.web.filter.OncePerRequestFilter.doFilter(OncePerRequestFilter.java:119)
org.apache.catalina.core.ApplicationFilterChain.internalDoFilter(ApplicationFilterChain.java:193)
org.apache.catalina.core.ApplicationFilterChain.doFilter(ApplicationFilterChain.java:166)
org.apache.catalina.core.StandardWrapperValve.invoke(StandardWrapperValve.java:202)
org.apache.catalina.core.StandardContextValve.invoke(StandardContextValve.java:96)
org.apache.catalina.authenticator.AuthenticatorBase.invoke(AuthenticatorBase.java:541)
org.apache.catalina.core.StandardHostValve.invoke(StandardHostValve.java:139)
org.apache.catalina.valves.ErrorReportValve.invoke(ErrorReportValve.java:92)
org.apache.catalina.core.StandardEngineValve.invoke(StandardEngineValve.java:74)
org.apache.catalina.connector.CoyoteAdapter.service(CoyoteAdapter.java:343)
org.apache.coyote.http11.Http11Processor.service(Http11Processor.java:373)
org.apache.coyote.AbstractProcessorLight.process(AbstractProcessorLight.java:65)
org.apache.coyote.AbstractProtocol$ConnectionHandler.process(AbstractProtocol.java:868)
org.apache.tomcat.util.net.NioEndpoint$SocketProcessor.doRun(NioEndpoint.java:1594)
org.apache.tomcat.util.net.SocketProcessorBase.run(SocketProcessorBase.java:49)
java.util.concurrent.ThreadPoolExecutor.runWorker(Unknown Source)
java.util.concurrent.ThreadPoolExecutor$Worker.run(Unknown Source)
org.apache.tomcat.util.threads.TaskThread$WrappingRunnable.run(TaskThread.java:61)
java.lang.Thread.run(Unknown Source)

15:11:59.529 INFO  x.myblog.controller.BaseController - {"operation":"queryById","id":53}
15:11:59.530 INFO  x.myblog.controller.BaseController - 输入参数 {"operation":"queryById","id":53}
15:12:09.814 INFO  x.myblog.controller.BaseController - {"title":"","keyWord":"","modifyDate":"","operation":"query"}
15:12:09.815 INFO  x.myblog.controller.BaseController - 输入参数 {"title":"","keyWord":"","modifyDate":"","operation":"query"}
15:12:09.815 INFO  x.myblog.controller.BaseController - queryConditionSql:  1 = 1 
15:12:14.748 INFO  x.myblog.controller.BaseController - {"operation":"queryById","id":53}
15:12:14.748 INFO  x.myblog.controller.BaseController - 输入参数 {"operation":"queryById","id":53}
15:12:18.841 INFO  x.myblog.controller.BaseController - {"id":53,"title":"4","keyword":"4","content":"### 123123","digest":"4","user":"xuecl","operation":"save"}
15:12:18.842 INFO  x.myblog.controller.BaseController - 输入参数 {"id":53,"title":"4","keyword":"4","content":"### 123123","digest":"4","user":"xuecl","operation":"save"}
15:13:03.281 INFO  x.myblog.controller.BaseController - {"title":"","keyWord":"","modifyDate":"","operation":"query"}
15:13:03.283 INFO  x.myblog.controller.BaseController - 输入参数 {"title":"","keyWord":"","modifyDate":"","operation":"query"}
15:13:03.283 INFO  x.myblog.controller.BaseController - queryConditionSql:  1 = 1 
15:13:06.885 INFO  x.myblog.controller.BaseController - {"operation":"queryById","id":53}
15:13:06.886 INFO  x.myblog.controller.BaseController - 输入参数 {"operation":"queryById","id":53}
16:33:56.364 INFO  x.myblog.controller.BaseController - {"title":"","keyWord":"","modifyDate":"","operation":"query"}
16:33:56.365 INFO  x.myblog.controller.BaseController - 输入参数 {"title":"","keyWord":"","modifyDate":"","operation":"query"}
16:33:56.366 INFO  x.myblog.controller.BaseController - queryConditionSql:  1 = 1 
16:34:06.314 INFO  x.myblog.controller.BaseController - {"operation":"queryById","id":53}
16:34:06.315 INFO  x.myblog.controller.BaseController - 输入参数 {"operation":"queryById","id":53}
16:34:21.544 INFO  x.myblog.controller.BaseController - {"title":"","keyWord":"","modifyDate":"","operation":"query"}
16:34:21.545 INFO  x.myblog.controller.BaseController - 输入参数 {"title":"","keyWord":"","modifyDate":"","operation":"query"}
16:34:21.545 INFO  x.myblog.controller.BaseController - queryConditionSql:  1 = 1 
16:36:21.986 INFO  x.myblog.controller.BaseController - {"title":"","keyWord":"","modifyDate":"","operation":"query"}
16:36:21.987 INFO  x.myblog.controller.BaseController - 输入参数 {"title":"","keyWord":"","modifyDate":"","operation":"query"}
16:36:21.987 INFO  x.myblog.controller.BaseController - queryConditionSql:  1 = 1 
16:37:09.971 INFO  x.myblog.controller.BaseController - {"title":"","keyWord":"","modifyDate":"","operation":"query"}
16:37:09.972 INFO  x.myblog.controller.BaseController - 输入参数 {"title":"","keyWord":"","modifyDate":"","operation":"query"}
16:37:09.972 INFO  x.myblog.controller.BaseController - queryConditionSql:  1 = 1 
16:37:52.634 INFO  x.myblog.controller.BaseController - {"title":"","keyWord":"","modifyDate":"","operation":"query"}
16:37:52.635 INFO  x.myblog.controller.BaseController - 输入参数 {"title":"","keyWord":"","modifyDate":"","operation":"query"}
16:37:52.635 INFO  x.myblog.controller.BaseController - queryConditionSql:  1 = 1 
16:37:59.971 INFO  x.myblog.controller.BaseController - {"title":"","keyWord":"","modifyDate":"","operation":"query"}
16:37:59.972 INFO  x.myblog.controller.BaseController - 输入参数 {"title":"","keyWord":"","modifyDate":"","operation":"query"}
16:37:59.972 INFO  x.myblog.controller.BaseController - queryConditionSql:  1 = 1 
16:39:00.497 INFO  x.myblog.controller.BaseController - {"title":"","keyWord":"","modifyDate":"","operation":"query"}
16:39:00.498 INFO  x.myblog.controller.BaseController - 输入参数 {"title":"","keyWord":"","modifyDate":"","operation":"query"}
16:39:00.498 INFO  x.myblog.controller.BaseController - queryConditionSql:  1 = 1 
16:39:11.762 INFO  x.myblog.controller.BaseController - {"title":"","keyWord":"","modifyDate":"","operation":"query"}
16:39:11.763 INFO  x.myblog.controller.BaseController - 输入参数 {"title":"","keyWord":"","modifyDate":"","operation":"query"}
16:39:11.764 INFO  x.myblog.controller.BaseController - queryConditionSql:  1 = 1 
16:39:46.106 INFO  x.myblog.controller.BaseController - {"title":"","keyWord":"","modifyDate":"","operation":"query"}
16:39:46.107 INFO  x.myblog.controller.BaseController - 输入参数 {"title":"","keyWord":"","modifyDate":"","operation":"query"}
16:39:46.107 INFO  x.myblog.controller.BaseController - queryConditionSql:  1 = 1 
16:47:50.613 INFO  x.myblog.controller.BaseController - {"title":"","keyWord":"","modifyDate":"","operation":"query"}
16:47:50.614 INFO  x.myblog.controller.BaseController - 输入参数 {"title":"","keyWord":"","modifyDate":"","operation":"query"}
16:47:50.614 INFO  x.myblog.controller.BaseController - queryConditionSql:  1 = 1 
16:48:37.746 INFO  x.myblog.controller.BaseController - {"title":"","keyWord":"","modifyDate":"","operation":"query"}
16:48:37.747 INFO  x.myblog.controller.BaseController - 输入参数 {"title":"","keyWord":"","modifyDate":"","operation":"query"}
16:48:37.747 INFO  x.myblog.controller.BaseController - queryConditionSql:  1 = 1 
16:48:40.125 INFO  x.myblog.controller.BaseController - {"operation":"queryById","id":53}
16:48:40.127 INFO  x.myblog.controller.BaseController - 输入参数 {"operation":"queryById","id":53}
16:48:55.141 INFO  x.myblog.controller.BaseController - {"title":"","keyWord":"","modifyDate":"","operation":"query"}
16:48:55.143 INFO  x.myblog.controller.BaseController - 输入参数 {"title":"","keyWord":"","modifyDate":"","operation":"query"}
16:48:55.143 INFO  x.myblog.controller.BaseController - queryConditionSql:  1 = 1 
17:02:23.658 INFO  x.myblog.controller.BaseController - {"id":50,"operation":"delete"}
17:02:23.659 INFO  x.myblog.controller.BaseController - 输入参数 {"id":50,"operation":"delete"}
17:02:23.769 INFO  x.myblog.controller.BaseController - {"title":"","keyWord":"","modifyDate":"","operation":"query"}
17:02:23.770 INFO  x.myblog.controller.BaseController - 输入参数 {"title":"","keyWord":"","modifyDate":"","operation":"query"}
17:02:23.771 INFO  x.myblog.controller.BaseController - queryConditionSql:  1 = 1 
17:02:28.534 INFO  x.myblog.controller.BaseController - {"id":51,"operation":"delete"}
17:02:28.535 INFO  x.myblog.controller.BaseController - 输入参数 {"id":51,"operation":"delete"}
17:02:28.605 INFO  x.myblog.controller.BaseController - {"title":"","keyWord":"","modifyDate":"","operation":"query"}
17:02:28.606 INFO  x.myblog.controller.BaseController - 输入参数 {"title":"","keyWord":"","modifyDate":"","operation":"query"}
17:02:28.606 INFO  x.myblog.controller.BaseController - queryConditionSql:  1 = 1 
17:02:31.543 INFO  x.myblog.controller.BaseController - {"id":52,"operation":"delete"}
17:02:31.543 INFO  x.myblog.controller.BaseController - 输入参数 {"id":52,"operation":"delete"}
17:02:31.650 INFO  x.myblog.controller.BaseController - {"title":"","keyWord":"","modifyDate":"","operation":"query"}
17:02:31.651 INFO  x.myblog.controller.BaseController - 输入参数 {"title":"","keyWord":"","modifyDate":"","operation":"query"}
17:02:31.651 INFO  x.myblog.controller.BaseController - queryConditionSql:  1 = 1 
17:02:50.076 DEBUG o.h.v.m.ResourceBundleMessageInterpolator - Loaded expression factory via original TCCL
17:02:50.276 INFO  xuecl.myblog.MyblogApplication - Starting MyblogApplication on DESKTOP-O9S7IM3 with PID 2584 (D:\Software\java-2019-062\workspace\myblog\target\classes started by xuecl in D:\Software\java-2019-062\workspace\myblog)
17:02:50.276 INFO  xuecl.myblog.MyblogApplication - No active profile set, falling back to default profiles: default
17:02:52.169 INFO  o.s.b.w.e.tomcat.TomcatWebServer - Tomcat initialized with port(s): 8080 (http)
17:02:52.171 INFO  o.a.coyote.http11.Http11NioProtocol - Initializing ProtocolHandler ["http-nio-8080"]
17:02:52.171 INFO  o.a.catalina.core.StandardService - Starting service [Tomcat]
17:02:52.171 INFO  o.a.catalina.core.StandardEngine - Starting Servlet engine: [Apache Tomcat/9.0.33]
17:02:52.315 INFO  o.a.c.c.C.[Tomcat].[localhost].[/] - Initializing Spring embedded WebApplicationContext
17:02:52.315 INFO  o.s.web.context.ContextLoader - Root WebApplicationContext: initialization completed in 1954 ms
17:02:52.735 INFO  o.s.s.c.ThreadPoolTaskExecutor - Initializing ExecutorService 'applicationTaskExecutor'
17:02:52.866 INFO  o.s.b.a.w.s.WelcomePageHandlerMapping - Adding welcome page: class path resource [static/index.html]
17:02:53.020 INFO  o.a.coyote.http11.Http11NioProtocol - Starting ProtocolHandler ["http-nio-8080"]
17:02:53.082 INFO  o.s.b.w.e.tomcat.TomcatWebServer - Tomcat started on port(s): 8080 (http) with context path ''
17:02:53.082 INFO  xuecl.myblog.MyblogApplication - Started MyblogApplication in 3.526 seconds (JVM running for 4.182)
17:03:05.359 INFO  o.a.c.c.C.[Tomcat].[localhost].[/] - Initializing Spring DispatcherServlet 'dispatcherServlet'
17:03:05.359 INFO  o.s.web.servlet.DispatcherServlet - Initializing Servlet 'dispatcherServlet'
17:03:05.371 INFO  o.s.web.servlet.DispatcherServlet - Completed initialization in 12 ms
17:03:05.418 INFO  x.myblog.controller.BaseController - {"id":53,"operation":"delete"}
17:03:05.449 INFO  x.myblog.controller.BaseController - 输入参数 {"id":53,"operation":"delete"}
17:03:05.449 INFO  com.zaxxer.hikari.HikariDataSource - HikariPool-1 - Starting...
17:03:05.687 INFO  com.zaxxer.hikari.pool.PoolBase - HikariPool-1 - Driver does not support get/set network timeout for connections. (com.mysql.jdbc.JDBC4Connection.getNetworkTimeout()I)
17:03:05.687 INFO  com.zaxxer.hikari.HikariDataSource - HikariPool-1 - Start completed.
17:03:05.916 INFO  x.myblog.controller.BaseController - {"title":"","keyWord":"","modifyDate":"","operation":"query"}
17:03:05.917 INFO  x.myblog.controller.BaseController - 输入参数 {"title":"","keyWord":"","modifyDate":"","operation":"query"}
17:03:05.917 INFO  x.myblog.controller.BaseController - queryConditionSql:  1 = 1 
17:04:20.933 INFO  xuecl.myblog.MyblogApplication - Starting MyblogApplication on DESKTOP-O9S7IM3 with PID 12212 (D:\Software\java-2019-062\workspace\myblog\target\classes started by xuecl in D:\Software\java-2019-062\workspace\myblog)
17:04:20.933 INFO  xuecl.myblog.MyblogApplication - No active profile set, falling back to default profiles: default
17:04:22.998 INFO  o.s.b.w.e.tomcat.TomcatWebServer - Tomcat initialized with port(s): 8080 (http)
17:04:23.019 INFO  o.a.coyote.http11.Http11NioProtocol - Initializing ProtocolHandler ["http-nio-8080"]
17:04:23.020 INFO  o.a.catalina.core.StandardService - Starting service [Tomcat]
17:04:23.020 INFO  o.a.catalina.core.StandardEngine - Starting Servlet engine: [Apache Tomcat/9.0.33]
17:04:23.134 INFO  o.a.c.c.C.[Tomcat].[localhost].[/] - Initializing Spring embedded WebApplicationContext
17:04:23.134 INFO  o.s.web.context.ContextLoader - Root WebApplicationContext: initialization completed in 2104 ms
17:04:23.534 INFO  o.s.s.c.ThreadPoolTaskExecutor - Initializing ExecutorService 'applicationTaskExecutor'
17:04:23.654 INFO  o.s.b.a.w.s.WelcomePageHandlerMapping - Adding welcome page: class path resource [static/index.html]
17:04:23.827 INFO  o.a.coyote.http11.Http11NioProtocol - Starting ProtocolHandler ["http-nio-8080"]
17:04:23.861 INFO  o.s.b.w.e.tomcat.TomcatWebServer - Tomcat started on port(s): 8080 (http) with context path ''
17:04:23.865 INFO  xuecl.myblog.MyblogApplication - Started MyblogApplication in 3.633 seconds (JVM running for 4.161)
17:04:29.656 INFO  o.a.c.c.C.[Tomcat].[localhost].[/] - Initializing Spring DispatcherServlet 'dispatcherServlet'
17:04:29.656 INFO  o.s.web.servlet.DispatcherServlet - Initializing Servlet 'dispatcherServlet'
17:04:29.667 INFO  o.s.web.servlet.DispatcherServlet - Completed initialization in 11 ms
17:04:29.713 INFO  x.myblog.controller.BaseController - {"title":"","keyWord":"","modifyDate":"","operation":"query"}
17:04:29.760 INFO  x.myblog.controller.BaseController - 输入参数 {"title":"","keyWord":"","modifyDate":"","operation":"query"}
17:04:29.760 INFO  x.myblog.controller.BaseController - queryConditionSql:  1 = 1 
17:04:29.760 INFO  com.zaxxer.hikari.HikariDataSource - HikariPool-1 - Starting...
17:04:29.991 INFO  com.zaxxer.hikari.pool.PoolBase - HikariPool-1 - Driver does not support get/set network timeout for connections. (com.mysql.jdbc.JDBC4Connection.getNetworkTimeout()I)
17:04:30.008 INFO  com.zaxxer.hikari.HikariDataSource - HikariPool-1 - Start completed.
17:04:35.152 INFO  x.myblog.controller.BaseController - {"title":"5","keyWord":"5","digest":"5","user":"xuecl","operation":"save"}
17:04:35.153 INFO  x.myblog.controller.BaseController - 输入参数 {"title":"5","keyWord":"5","digest":"5","user":"xuecl","operation":"save"}
17:04:35.441 INFO  x.myblog.controller.BaseController - {"operation":"queryById","id":54}
17:04:35.443 INFO  x.myblog.controller.BaseController - 输入参数 {"operation":"queryById","id":54}
17:04:38.894 INFO  x.myblog.controller.BaseController - {"id":54,"title":"5","keyword":"5","content":"","digest":"5","user":"xuecl","operation":"save"}
17:04:38.895 INFO  x.myblog.controller.BaseController - 输入参数 {"id":54,"title":"5","keyword":"5","content":"","digest":"5","user":"xuecl","operation":"save"}
17:04:43.423 INFO  x.myblog.controller.BaseController - {"title":"","keyWord":"","modifyDate":"","operation":"query"}
17:04:43.424 INFO  x.myblog.controller.BaseController - 输入参数 {"title":"","keyWord":"","modifyDate":"","operation":"query"}
17:04:43.424 INFO  x.myblog.controller.BaseController - queryConditionSql:  1 = 1 
17:04:56.334 INFO  x.myblog.controller.BaseController - {"id":54,"operation":"delete"}
17:04:56.335 INFO  x.myblog.controller.BaseController - 输入参数 {"id":54,"operation":"delete"}
17:04:56.395 INFO  x.myblog.controller.BaseController - {"title":"","keyWord":"","modifyDate":"","operation":"query"}
17:04:56.396 INFO  x.myblog.controller.BaseController - 输入参数 {"title":"","keyWord":"","modifyDate":"","operation":"query"}
17:04:56.397 INFO  x.myblog.controller.BaseController - queryConditionSql:  1 = 1 
17:06:20.718 INFO  x.myblog.controller.BaseController - {"title":"","keyWord":"","modifyDate":"","operation":"query"}
17:06:20.720 INFO  x.myblog.controller.BaseController - 输入参数 {"title":"","keyWord":"","modifyDate":"","operation":"query"}
17:06:20.720 INFO  x.myblog.controller.BaseController - queryConditionSql:  1 = 1 
17:06:46.212 INFO  x.myblog.controller.BaseController - {"title":"5","keyWord":"5","digest":"5","user":"xuecl","operation":"save"}
17:06:46.214 INFO  x.myblog.controller.BaseController - 输入参数 {"title":"5","keyWord":"5","digest":"5","user":"xuecl","operation":"save"}
17:06:46.532 ERROR x.myblog.controller.BaseController - PreparedStatementCallback; Duplicate entry '5' for key 'blogTitle_UNIQUE'; nested exception is com.mysql.jdbc.exceptions.jdbc4.MySQLIntegrityConstraintViolationException: Duplicate entry '5' for key 'blogTitle_UNIQUE'
17:06:46.533 ERROR x.myblog.controller.BaseController - org.springframework.jdbc.support.SQLErrorCodeSQLExceptionTranslator.doTranslate(SQLErrorCodeSQLExceptionTranslator.java:243)
org.springframework.jdbc.support.AbstractFallbackSQLExceptionTranslator.translate(AbstractFallbackSQLExceptionTranslator.java:72)
org.springframework.jdbc.core.JdbcTemplate.translateException(JdbcTemplate.java:1443)
org.springframework.jdbc.core.JdbcTemplate.execute(JdbcTemplate.java:633)
org.springframework.jdbc.core.JdbcTemplate.update(JdbcTemplate.java:893)
xuecl.myblog.controller.BaseController.insert(BaseController.java:201)
xuecl.myblog.controller.BaseController.save(BaseController.java:188)
xuecl.myblog.controller.BaseController.baseController(BaseController.java:57)
sun.reflect.NativeMethodAccessorImpl.invoke0(Native Method)
sun.reflect.NativeMethodAccessorImpl.invoke(Unknown Source)
sun.reflect.DelegatingMethodAccessorImpl.invoke(Unknown Source)
java.lang.reflect.Method.invoke(Unknown Source)
org.springframework.web.method.support.InvocableHandlerMethod.doInvoke(InvocableHandlerMethod.java:190)
org.springframework.web.method.support.InvocableHandlerMethod.invokeForRequest(InvocableHandlerMethod.java:138)
org.springframework.web.servlet.mvc.method.annotation.ServletInvocableHandlerMethod.invokeAndHandle(ServletInvocableHandlerMethod.java:105)
org.springframework.web.servlet.mvc.method.annotation.RequestMappingHandlerAdapter.invokeHandlerMethod(RequestMappingHandlerAdapter.java:879)
org.springframework.web.servlet.mvc.method.annotation.RequestMappingHandlerAdapter.handleInternal(RequestMappingHandlerAdapter.java:793)
org.springframework.web.servlet.mvc.method.AbstractHandlerMethodAdapter.handle(AbstractHandlerMethodAdapter.java:87)
org.springframework.web.servlet.DispatcherServlet.doDispatch(DispatcherServlet.java:1040)
org.springframework.web.servlet.DispatcherServlet.doService(DispatcherServlet.java:943)
org.springframework.web.servlet.FrameworkServlet.processRequest(FrameworkServlet.java:1006)
org.springframework.web.servlet.FrameworkServlet.doPost(FrameworkServlet.java:909)
javax.servlet.http.HttpServlet.service(HttpServlet.java:660)
org.springframework.web.servlet.FrameworkServlet.service(FrameworkServlet.java:883)
javax.servlet.http.HttpServlet.service(HttpServlet.java:741)
org.apache.catalina.core.ApplicationFilterChain.internalDoFilter(ApplicationFilterChain.java:231)
org.apache.catalina.core.ApplicationFilterChain.doFilter(ApplicationFilterChain.java:166)
org.apache.tomcat.websocket.server.WsFilter.doFilter(WsFilter.java:53)
org.apache.catalina.core.ApplicationFilterChain.internalDoFilter(ApplicationFilterChain.java:193)
org.apache.catalina.core.ApplicationFilterChain.doFilter(ApplicationFilterChain.java:166)
xuecl.myblog.filter.AddAllowOriginHttpHeaderFilter.doFilter(AddAllowOriginHttpHeaderFilter.java:29)
org.apache.catalina.core.ApplicationFilterChain.internalDoFilter(ApplicationFilterChain.java:193)
org.apache.catalina.core.ApplicationFilterChain.doFilter(ApplicationFilterChain.java:166)
org.springframework.web.filter.RequestContextFilter.doFilterInternal(RequestContextFilter.java:100)
org.springframework.web.filter.OncePerRequestFilter.doFilter(OncePerRequestFilter.java:119)
org.apache.catalina.core.ApplicationFilterChain.internalDoFilter(ApplicationFilterChain.java:193)
org.apache.catalina.core.ApplicationFilterChain.doFilter(ApplicationFilterChain.java:166)
org.springframework.web.filter.FormContentFilter.doFilterInternal(FormContentFilter.java:93)
org.springframework.web.filter.OncePerRequestFilter.doFilter(OncePerRequestFilter.java:119)
org.apache.catalina.core.ApplicationFilterChain.internalDoFilter(ApplicationFilterChain.java:193)
org.apache.catalina.core.ApplicationFilterChain.doFilter(ApplicationFilterChain.java:166)
org.springframework.web.filter.CharacterEncodingFilter.doFilterInternal(CharacterEncodingFilter.java:201)
org.springframework.web.filter.OncePerRequestFilter.doFilter(OncePerRequestFilter.java:119)
org.apache.catalina.core.ApplicationFilterChain.internalDoFilter(ApplicationFilterChain.java:193)
org.apache.catalina.core.ApplicationFilterChain.doFilter(ApplicationFilterChain.java:166)
org.apache.catalina.core.StandardWrapperValve.invoke(StandardWrapperValve.java:202)
org.apache.catalina.core.StandardContextValve.invoke(StandardContextValve.java:96)
org.apache.catalina.authenticator.AuthenticatorBase.invoke(AuthenticatorBase.java:541)
org.apache.catalina.core.StandardHostValve.invoke(StandardHostValve.java:139)
org.apache.catalina.valves.ErrorReportValve.invoke(ErrorReportValve.java:92)
org.apache.catalina.core.StandardEngineValve.invoke(StandardEngineValve.java:74)
org.apache.catalina.connector.CoyoteAdapter.service(CoyoteAdapter.java:343)
org.apache.coyote.http11.Http11Processor.service(Http11Processor.java:373)
org.apache.coyote.AbstractProcessorLight.process(AbstractProcessorLight.java:65)
org.apache.coyote.AbstractProtocol$ConnectionHandler.process(AbstractProtocol.java:868)
org.apache.tomcat.util.net.NioEndpoint$SocketProcessor.doRun(NioEndpoint.java:1594)
org.apache.tomcat.util.net.SocketProcessorBase.run(SocketProcessorBase.java:49)
java.util.concurrent.ThreadPoolExecutor.runWorker(Unknown Source)
java.util.concurrent.ThreadPoolExecutor$Worker.run(Unknown Source)
org.apache.tomcat.util.threads.TaskThread$WrappingRunnable.run(TaskThread.java:61)
java.lang.Thread.run(Unknown Source)

17:06:52.031 INFO  x.myblog.controller.BaseController - {"title":"6","keyWord":"5","digest":"5","user":"xuecl","operation":"save"}
17:06:52.032 INFO  x.myblog.controller.BaseController - 输入参数 {"title":"6","keyWord":"5","digest":"5","user":"xuecl","operation":"save"}
17:06:52.234 INFO  x.myblog.controller.BaseController - {"operation":"queryById","id":56}
17:06:52.235 INFO  x.myblog.controller.BaseController - 输入参数 {"operation":"queryById","id":56}
17:06:56.211 INFO  x.myblog.controller.BaseController - {"title":"","keyWord":"","modifyDate":"","operation":"query"}
17:06:56.212 INFO  x.myblog.controller.BaseController - 输入参数 {"title":"","keyWord":"","modifyDate":"","operation":"query"}
17:06:56.212 INFO  x.myblog.controller.BaseController - queryConditionSql:  1 = 1 
17:07:12.005 INFO  x.myblog.controller.BaseController - {"id":56,"operation":"delete"}
17:07:12.006 INFO  x.myblog.controller.BaseController - 输入参数 {"id":56,"operation":"delete"}
17:07:12.266 INFO  x.myblog.controller.BaseController - {"title":"","keyWord":"","modifyDate":"","operation":"query"}
17:07:12.266 INFO  x.myblog.controller.BaseController - 输入参数 {"title":"","keyWord":"","modifyDate":"","operation":"query"}
17:07:12.266 INFO  x.myblog.controller.BaseController - queryConditionSql:  1 = 1 
18:49:18.110 INFO  x.myblog.controller.BaseController - {"title":"","keyWord":"","modifyDate":"","operation":"query"}
18:49:18.111 INFO  x.myblog.controller.BaseController - 输入参数 {"title":"","keyWord":"","modifyDate":"","operation":"query"}
18:49:18.111 INFO  x.myblog.controller.BaseController - queryConditionSql:  1 = 1 
18:50:19.768 INFO  x.myblog.controller.BaseController - {"title":"","keyWord":"","modifyDate":"","operation":"query"}
18:50:19.770 INFO  x.myblog.controller.BaseController - 输入参数 {"title":"","keyWord":"","modifyDate":"","operation":"query"}
18:50:19.770 INFO  x.myblog.controller.BaseController - queryConditionSql:  1 = 1 
20:36:39.094 INFO  x.myblog.controller.BaseController - {"title":"","keyWord":"","modifyDate":"","operation":"query"}
20:36:39.098 INFO  x.myblog.controller.BaseController - 输入参数 {"title":"","keyWord":"","modifyDate":"","operation":"query"}
20:36:39.098 INFO  x.myblog.controller.BaseController - queryConditionSql:  1 = 1 
20:39:23.736 INFO  x.myblog.controller.BaseController - {"title":"11","keyWord":"11","digest":"11","user":"xuecl","operation":"save"}
20:39:23.737 INFO  x.myblog.controller.BaseController - 输入参数 {"title":"11","keyWord":"11","digest":"11","user":"xuecl","operation":"save"}
20:39:23.940 INFO  x.myblog.controller.BaseController - {"operation":"queryById","id":57}
20:39:23.941 INFO  x.myblog.controller.BaseController - 输入参数 {"operation":"queryById","id":57}
21:16:16.985 INFO  x.myblog.controller.BaseController - {"title":"Vue Style深度选择器","keyWord":"vue style deep scope","digest":"简要说明为什么要用deep属性，以及如何使用deep属性","user":"xuecl","operation":"save"}
21:16:16.989 INFO  x.myblog.controller.BaseController - 输入参数 {"title":"Vue Style深度选择器","keyWord":"vue style deep scope","digest":"简要说明为什么要用deep属性，以及如何使用deep属性","user":"xuecl","operation":"save"}
21:16:17.343 INFO  x.myblog.controller.BaseController - {"operation":"queryById","id":58}
21:16:17.345 INFO  x.myblog.controller.BaseController - 输入参数 {"operation":"queryById","id":58}
21:29:02.738 INFO  x.myblog.controller.BaseController - {"id":58,"title":"Vue Style深度选择器","keyword":"vue style deep scope","content":">参考链接 [Vue style 深度作用选择器 \\>\\>\\> 与 /deep/（sass/less）](https://www.cnblogs.com/CyLee/p/10006065.html)\n### .vue文件中，style标签中scope属性的效果\n> vue组件编译后，会将 template 中的每个元素加入 [data-v-xxxx] 属性来确保 style scoped 仅本组件的元素而不会污染全局，但如果你引用了第三方组件：默认只会对组件的最外层（div）加入这个 [data-v-xxxx] 属性，但第二层开始就没有效果了\n\n所以如果直接修改除了第一层以外的样式时是没用效果的\n\n* * *\n\n\n### 解决办法\n>使用深度作用选择器 >>>  \n```\n.fuck >>> .weui-cells {\n    // ...\n}\n```\n>但如果是sass/less的话可能无法识别，这时候需要使用 /deep/ 选择器\n```\n<style lang=\"scss\" scoped>\n.select {\n  width: 100px;\n\n  /deep/ .el-input__inner {\n    border: 0;\n    color: #000;\n  }\n}\n</style>\n```\n\n\n","digest":"简要说明为什么要用deep属性，以及如何使用deep属性","user":"xuecl","operation":"save"}
21:29:02.740 INFO  x.myblog.controller.BaseController - 输入参数 {"id":58,"title":"Vue Style深度选择器","keyword":"vue style deep scope","content":">参考链接 [Vue style 深度作用选择器 \\>\\>\\> 与 /deep/（sass/less）](https://www.cnblogs.com/CyLee/p/10006065.html)\n### .vue文件中，style标签中scope属性的效果\n> vue组件编译后，会将 template 中的每个元素加入 [data-v-xxxx] 属性来确保 style scoped 仅本组件的元素而不会污染全局，但如果你引用了第三方组件：默认只会对组件的最外层（div）加入这个 [data-v-xxxx] 属性，但第二层开始就没有效果了\n\n所以如果直接修改除了第一层以外的样式时是没用效果的\n\n* * *\n\n\n### 解决办法\n>使用深度作用选择器 >>>  \n```\n.fuck >>> .weui-cells {\n    // ...\n}\n```\n>但如果是sass/less的话可能无法识别，这时候需要使用 /deep/ 选择器\n```\n<style lang=\"scss\" scoped>\n.select {\n  width: 100px;\n\n  /deep/ .el-input__inner {\n    border: 0;\n    color: #000;\n  }\n}\n</style>\n```\n\n\n","digest":"简要说明为什么要用deep属性，以及如何使用deep属性","user":"xuecl","operation":"save"}
21:29:10.938 INFO  x.myblog.controller.BaseController - {"title":"","keyWord":"","modifyDate":"","operation":"query"}
21:29:10.939 INFO  x.myblog.controller.BaseController - 输入参数 {"title":"","keyWord":"","modifyDate":"","operation":"query"}
21:29:10.940 INFO  x.myblog.controller.BaseController - queryConditionSql:  1 = 1 
21:32:21.539 INFO  x.myblog.controller.BaseController - {"title":"","keyWord":"","modifyDate":"","operation":"query"}
21:32:21.540 INFO  x.myblog.controller.BaseController - 输入参数 {"title":"","keyWord":"","modifyDate":"","operation":"query"}
21:32:21.540 INFO  x.myblog.controller.BaseController - queryConditionSql:  1 = 1 
21:32:27.141 INFO  x.myblog.controller.BaseController - {"operation":"queryById","id":58}
21:32:27.142 INFO  x.myblog.controller.BaseController - 输入参数 {"operation":"queryById","id":58}
21:33:08.474 INFO  x.myblog.controller.BaseController - {"id":58,"title":"Vue Style深度选择器","keyWord":"vue style scope deep","content":"参考链接 [Vue style 深度作用选择器 \\>\\>\\> 与 /deep/（sass/less）](https://www.cnblogs.com/CyLee/p/10006065.html)\n### .vue文件中，style标签中scope属性的效果\n> vue组件编译后，会将 template 中的每个元素加入 [data-v-xxxx] 属性来确保 style scoped 仅本组件的元素而不会污染全局，但如果你引用了第三方组件：默认只会对组件的最外层（div）加入这个 [data-v-xxxx] 属性，但第二层开始就没有效果了\n\n所以如果直接修改除了第一层以外的样式时是没用效果的\n\n* * *\n\n\n### 解决办法\n>使用深度作用选择器 >>>  \n```\n.fuck >>> .weui-cells {\n    // ...\n}\n```\n>但如果是sass/less的话可能无法识别，这时候需要使用 /deep/ 选择器\n```\n<style lang=\"scss\" scoped>\n.select {\n  width: 100px;\n\n  /deep/ .el-input__inner {\n    border: 0;\n    color: #000;\n  }\n}\n</style>\n```\n\n\n","digest":"简要说明为什么要用deep属性，以及如何使用deep属性","user":"xuecl","operation":"save"}
21:33:08.476 INFO  x.myblog.controller.BaseController - 输入参数 {"id":58,"title":"Vue Style深度选择器","keyWord":"vue style scope deep","content":"参考链接 [Vue style 深度作用选择器 \\>\\>\\> 与 /deep/（sass/less）](https://www.cnblogs.com/CyLee/p/10006065.html)\n### .vue文件中，style标签中scope属性的效果\n> vue组件编译后，会将 template 中的每个元素加入 [data-v-xxxx] 属性来确保 style scoped 仅本组件的元素而不会污染全局，但如果你引用了第三方组件：默认只会对组件的最外层（div）加入这个 [data-v-xxxx] 属性，但第二层开始就没有效果了\n\n所以如果直接修改除了第一层以外的样式时是没用效果的\n\n* * *\n\n\n### 解决办法\n>使用深度作用选择器 >>>  \n```\n.fuck >>> .weui-cells {\n    // ...\n}\n```\n>但如果是sass/less的话可能无法识别，这时候需要使用 /deep/ 选择器\n```\n<style lang=\"scss\" scoped>\n.select {\n  width: 100px;\n\n  /deep/ .el-input__inner {\n    border: 0;\n    color: #000;\n  }\n}\n</style>\n```\n\n\n","digest":"简要说明为什么要用deep属性，以及如何使用deep属性","user":"xuecl","operation":"save"}
21:33:13.306 INFO  x.myblog.controller.BaseController - {"title":"","keyWord":"","modifyDate":"","operation":"query"}
21:33:13.307 INFO  x.myblog.controller.BaseController - 输入参数 {"title":"","keyWord":"","modifyDate":"","operation":"query"}
21:33:13.307 INFO  x.myblog.controller.BaseController - queryConditionSql:  1 = 1 
21:33:14.987 INFO  x.myblog.controller.BaseController - {"operation":"queryById","id":58}
21:33:14.988 INFO  x.myblog.controller.BaseController - 输入参数 {"operation":"queryById","id":58}
21:39:51.731 INFO  x.myblog.controller.BaseController - {"operation":"queryById","id":58}
21:39:51.733 INFO  x.myblog.controller.BaseController - 输入参数 {"operation":"queryById","id":58}
21:45:45.314 INFO  x.myblog.controller.BaseController - {"id":58,"title":"Vue Style深度选择器","keyWord":"vue style scope deep","content":"参考链接 [Vue style 深度作用选择器 \\>\\>\\> 与 /deep/（sass/less）](https://www.cnblogs.com/CyLee/p/10006065.html)\n### .vue文件中，style标签中scope属性的效果\n> vue组件编译后，会将 template 中的每个元素加入 [data-v-xxxx] 属性来确保 style scoped 仅本组件的元素而不会污染全局，但如果你引用了第三方组件：默认只会对组件的最外层（div）加入这个 [data-v-xxxx] 属性，但第二层开始就没有效果了\n\n所以如果直接修改除了第一层以外的样式时是没用效果的\n\n* * *\n\n\n### 解决办法\n>使用深度作用选择器 >>>  \n```\n.fuck >>> .weui-cells {\n    // ...\n}\n```\n>但如果是sass/less的话可能无法识别，这时候需要使用 /deep/ 选择器\n```\n<style lang=\"scss\" scoped>\n.select {\n  width: 100px;\n\n  /deep/ .el-input__inner {\n    border: 0;\n    color: #000;\n  }\n}\n</style>\n```\n\n\n","digest":"简要说明为什么要用deep属性，以及如何使用deep属性","user":"xuecl","operation":"save"}
21:45:45.315 INFO  x.myblog.controller.BaseController - 输入参数 {"id":58,"title":"Vue Style深度选择器","keyWord":"vue style scope deep","content":"参考链接 [Vue style 深度作用选择器 \\>\\>\\> 与 /deep/（sass/less）](https://www.cnblogs.com/CyLee/p/10006065.html)\n### .vue文件中，style标签中scope属性的效果\n> vue组件编译后，会将 template 中的每个元素加入 [data-v-xxxx] 属性来确保 style scoped 仅本组件的元素而不会污染全局，但如果你引用了第三方组件：默认只会对组件的最外层（div）加入这个 [data-v-xxxx] 属性，但第二层开始就没有效果了\n\n所以如果直接修改除了第一层以外的样式时是没用效果的\n\n* * *\n\n\n### 解决办法\n>使用深度作用选择器 >>>  \n```\n.fuck >>> .weui-cells {\n    // ...\n}\n```\n>但如果是sass/less的话可能无法识别，这时候需要使用 /deep/ 选择器\n```\n<style lang=\"scss\" scoped>\n.select {\n  width: 100px;\n\n  /deep/ .el-input__inner {\n    border: 0;\n    color: #000;\n  }\n}\n</style>\n```\n\n\n","digest":"简要说明为什么要用deep属性，以及如何使用deep属性","user":"xuecl","operation":"save"}
22:38:26.845 WARN  o.apache.catalina.connector.Request - Creating the temporary upload location [C:\Users\xuecl\AppData\Local\Temp\tomcat.4567444917386028193.8080\work\Tomcat\localhost\ROOT] as it is required by the servlet [dispatcherServlet]
22:38:26.900 WARN  o.s.w.s.m.s.DefaultHandlerExceptionResolver - Resolved [org.springframework.http.converter.HttpMessageNotReadableException: Required request body is missing: public xuecl.myblog.entity.RspBody xuecl.myblog.controller.BaseController.baseController(java.lang.String)]
22:39:16.948 WARN  o.s.w.s.m.s.DefaultHandlerExceptionResolver - Resolved [org.springframework.http.converter.HttpMessageNotReadableException: Required request body is missing: public xuecl.myblog.entity.RspBody xuecl.myblog.controller.BaseController.baseController(java.lang.String)]
22:46:26.735 INFO  xuecl.myblog.MyblogApplication - Starting MyblogApplication on DESKTOP-O9S7IM3 with PID 5836 (D:\Software\java-2019-062\workspace\myblog\target\classes started by xuecl in D:\Software\java-2019-062\workspace\myblog)
22:46:26.735 INFO  xuecl.myblog.MyblogApplication - No active profile set, falling back to default profiles: default
22:46:28.865 INFO  o.s.b.w.e.tomcat.TomcatWebServer - Tomcat initialized with port(s): 8080 (http)
22:46:28.878 INFO  o.a.coyote.http11.Http11NioProtocol - Initializing ProtocolHandler ["http-nio-8080"]
22:46:28.878 INFO  o.a.catalina.core.StandardService - Starting service [Tomcat]
22:46:28.878 INFO  o.a.catalina.core.StandardEngine - Starting Servlet engine: [Apache Tomcat/9.0.33]
22:46:29.019 INFO  o.a.c.c.C.[Tomcat].[localhost].[/] - Initializing Spring embedded WebApplicationContext
22:46:29.019 INFO  o.s.web.context.ContextLoader - Root WebApplicationContext: initialization completed in 2174 ms
22:46:29.452 INFO  o.s.s.c.ThreadPoolTaskExecutor - Initializing ExecutorService 'applicationTaskExecutor'
22:46:29.577 INFO  o.s.b.a.w.s.WelcomePageHandlerMapping - Adding welcome page: class path resource [static/index.html]
22:46:29.751 INFO  o.a.coyote.http11.Http11NioProtocol - Starting ProtocolHandler ["http-nio-8080"]
22:46:29.798 INFO  o.s.b.w.e.tomcat.TomcatWebServer - Tomcat started on port(s): 8080 (http) with context path ''
22:46:29.798 INFO  xuecl.myblog.MyblogApplication - Started MyblogApplication in 3.795 seconds (JVM running for 4.377)
22:46:34.201 INFO  o.a.c.c.C.[Tomcat].[localhost].[/] - Initializing Spring DispatcherServlet 'dispatcherServlet'
22:46:34.201 INFO  o.s.web.servlet.DispatcherServlet - Initializing Servlet 'dispatcherServlet'
22:46:34.217 INFO  o.s.web.servlet.DispatcherServlet - Completed initialization in 16 ms
22:46:34.330 WARN  o.s.w.s.m.s.DefaultHandlerExceptionResolver - Resolved [org.springframework.http.converter.HttpMessageNotReadableException: Required request body is missing: public xuecl.myblog.entity.RspBody xuecl.myblog.controller.BaseController.baseController(java.lang.String)]
22:48:31.781 INFO  x.myblog.controller.BaseController - {"title":"","keyWord":"","modifyDate":"","operation":"query"}
22:48:31.803 INFO  x.myblog.controller.BaseController - 输入参数 {"title":"","keyWord":"","modifyDate":"","operation":"query"}
22:48:31.803 INFO  x.myblog.controller.BaseController - queryConditionSql:  1 = 1 
22:48:31.809 INFO  com.zaxxer.hikari.HikariDataSource - HikariPool-1 - Starting...
22:48:32.096 INFO  com.zaxxer.hikari.pool.PoolBase - HikariPool-1 - Driver does not support get/set network timeout for connections. (com.mysql.jdbc.JDBC4Connection.getNetworkTimeout()I)
22:48:32.096 INFO  com.zaxxer.hikari.HikariDataSource - HikariPool-1 - Start completed.
22:50:22.378 INFO  xuecl.myblog.MyblogApplication - Starting MyblogApplication on DESKTOP-O9S7IM3 with PID 15448 (D:\Software\java-2019-062\workspace\myblog\target\classes started by xuecl in D:\Software\java-2019-062\workspace\myblog)
22:50:22.378 INFO  xuecl.myblog.MyblogApplication - No active profile set, falling back to default profiles: default
22:50:24.550 INFO  o.s.b.w.e.tomcat.TomcatWebServer - Tomcat initialized with port(s): 8080 (http)
22:50:24.575 INFO  o.a.coyote.http11.Http11NioProtocol - Initializing ProtocolHandler ["http-nio-8080"]
22:50:24.575 INFO  o.a.catalina.core.StandardService - Starting service [Tomcat]
22:50:24.575 INFO  o.a.catalina.core.StandardEngine - Starting Servlet engine: [Apache Tomcat/9.0.33]
22:50:24.841 INFO  o.a.c.c.C.[Tomcat].[localhost].[/] - Initializing Spring embedded WebApplicationContext
22:50:24.841 INFO  o.s.web.context.ContextLoader - Root WebApplicationContext: initialization completed in 2354 ms
22:50:25.356 INFO  o.s.s.c.ThreadPoolTaskExecutor - Initializing ExecutorService 'applicationTaskExecutor'
22:50:25.528 INFO  o.s.b.a.w.s.WelcomePageHandlerMapping - Adding welcome page: class path resource [static/index.html]
22:50:25.700 INFO  o.a.coyote.http11.Http11NioProtocol - Starting ProtocolHandler ["http-nio-8080"]
22:50:25.740 INFO  o.s.b.w.e.tomcat.TomcatWebServer - Tomcat started on port(s): 8080 (http) with context path ''
22:50:25.755 INFO  xuecl.myblog.MyblogApplication - Started MyblogApplication in 4.12 seconds (JVM running for 4.66)
22:50:28.791 INFO  o.a.c.c.C.[Tomcat].[localhost].[/] - Initializing Spring DispatcherServlet 'dispatcherServlet'
22:50:28.791 INFO  o.s.web.servlet.DispatcherServlet - Initializing Servlet 'dispatcherServlet'
22:50:28.806 INFO  o.s.web.servlet.DispatcherServlet - Completed initialization in 1 ms
22:50:28.869 INFO  x.myblog.controller.BaseController - {"title":"","keyWord":"","modifyDate":"","operation":"query"}
22:50:28.900 INFO  x.myblog.controller.BaseController - 输入参数 {"title":"","keyWord":"","modifyDate":"","operation":"query"}
22:50:28.900 INFO  x.myblog.controller.BaseController - queryConditionSql:  1 = 1 
22:50:28.900 INFO  com.zaxxer.hikari.HikariDataSource - HikariPool-1 - Starting...
22:50:29.150 INFO  com.zaxxer.hikari.pool.PoolBase - HikariPool-1 - Driver does not support get/set network timeout for connections. (com.mysql.jdbc.JDBC4Connection.getNetworkTimeout()I)
22:50:29.150 INFO  com.zaxxer.hikari.HikariDataSource - HikariPool-1 - Start completed.
23:00:36.354 INFO  xuecl.myblog.MyblogApplication - Starting MyblogApplication on DESKTOP-O9S7IM3 with PID 12748 (D:\Software\java-2019-062\workspace\myblog\target\classes started by xuecl in D:\Software\java-2019-062\workspace\myblog)
23:00:36.354 INFO  xuecl.myblog.MyblogApplication - No active profile set, falling back to default profiles: default
23:00:38.519 INFO  o.s.b.w.e.tomcat.TomcatWebServer - Tomcat initialized with port(s): 8080 (http)
23:00:38.531 INFO  o.a.coyote.http11.Http11NioProtocol - Initializing ProtocolHandler ["http-nio-8080"]
23:00:38.531 INFO  o.a.catalina.core.StandardService - Starting service [Tomcat]
23:00:38.531 INFO  o.a.catalina.core.StandardEngine - Starting Servlet engine: [Apache Tomcat/9.0.33]
23:00:38.655 INFO  o.a.c.c.C.[Tomcat].[localhost].[/] - Initializing Spring embedded WebApplicationContext
23:00:38.655 INFO  o.s.web.context.ContextLoader - Root WebApplicationContext: initialization completed in 2192 ms
23:00:39.078 INFO  o.s.s.c.ThreadPoolTaskExecutor - Initializing ExecutorService 'applicationTaskExecutor'
23:00:39.290 INFO  o.s.b.a.w.s.WelcomePageHandlerMapping - Adding welcome page: class path resource [static/index.html]
23:00:39.581 INFO  o.a.coyote.http11.Http11NioProtocol - Starting ProtocolHandler ["http-nio-8080"]
23:00:39.677 INFO  o.s.b.w.e.tomcat.TomcatWebServer - Tomcat started on port(s): 8080 (http) with context path ''
23:00:39.685 INFO  xuecl.myblog.MyblogApplication - Started MyblogApplication in 4.043 seconds (JVM running for 4.584)
23:04:09.732 INFO  o.a.c.c.C.[Tomcat].[localhost].[/] - Initializing Spring DispatcherServlet 'dispatcherServlet'
23:04:09.734 INFO  o.s.web.servlet.DispatcherServlet - Initializing Servlet 'dispatcherServlet'
23:04:09.755 INFO  o.s.web.servlet.DispatcherServlet - Completed initialization in 21 ms
23:04:09.935 INFO  x.myblog.controller.BaseController - {"title":"","keyWord":"","modifyDate":"","operation":"query"}
23:04:09.982 INFO  x.myblog.controller.BaseController - 输入参数 {"title":"","keyWord":"","modifyDate":"","operation":"query"}
23:04:09.982 INFO  x.myblog.controller.BaseController - queryConditionSql:  1 = 1 
23:04:09.982 INFO  com.zaxxer.hikari.HikariDataSource - HikariPool-1 - Starting...
23:04:10.232 INFO  com.zaxxer.hikari.pool.PoolBase - HikariPool-1 - Driver does not support get/set network timeout for connections. (com.mysql.jdbc.JDBC4Connection.getNetworkTimeout()I)
23:04:10.232 INFO  com.zaxxer.hikari.HikariDataSource - HikariPool-1 - Start completed.
23:04:17.107 INFO  x.myblog.controller.BaseController - {"operation":"queryById","id":58}
23:04:17.110 INFO  x.myblog.controller.BaseController - 输入参数 {"operation":"queryById","id":58}
23:04:58.227 WARN  o.s.w.s.m.s.DefaultHandlerExceptionResolver - Resolved [org.springframework.web.bind.MissingServletRequestParameterException: Required Integer parameter 'id' is not present]
