08:03:10.024 WARN  com.zaxxer.hikari.pool.HikariPool - HikariPool-1 - Thread starvation or clock leap detected (housekeeper delta=11h45m36s860ms536µs785ns).
10:17:26.190 INFO  xuecl.myblog.MyblogApplication - Starting MyblogApplication on DESKTOP-O9S7IM3 with PID 5320 (D:\Software\java-2019-062\workspace\myblog\target\classes started by xuecl in D:\Software\java-2019-062\workspace\myblog)
10:17:26.190 INFO  xuecl.myblog.MyblogApplication - No active profile set, falling back to default profiles: default
10:17:28.754 INFO  o.s.b.w.e.tomcat.TomcatWebServer - Tomcat initialized with port(s): 8080 (http)
10:17:28.794 INFO  o.a.coyote.http11.Http11NioProtocol - Initializing ProtocolHandler ["http-nio-8080"]
10:17:28.796 INFO  o.a.catalina.core.StandardService - Starting service [Tomcat]
10:17:28.796 INFO  o.a.catalina.core.StandardEngine - Starting Servlet engine: [Apache Tomcat/9.0.33]
10:17:29.007 INFO  o.a.c.c.C.[Tomcat].[localhost].[/] - Initializing Spring embedded WebApplicationContext
10:17:29.007 INFO  o.s.web.context.ContextLoader - Root WebApplicationContext: initialization completed in 2723 ms
10:17:29.743 INFO  o.s.s.c.ThreadPoolTaskExecutor - Initializing ExecutorService 'applicationTaskExecutor'
10:17:29.952 INFO  o.s.b.a.w.s.WelcomePageHandlerMapping - Adding welcome page: class path resource [static/index.html]
10:17:30.133 INFO  o.a.coyote.http11.Http11NioProtocol - Starting ProtocolHandler ["http-nio-8080"]
10:17:30.181 INFO  o.s.b.w.e.tomcat.TomcatWebServer - Tomcat started on port(s): 8080 (http) with context path ''
10:17:30.186 INFO  xuecl.myblog.MyblogApplication - Started MyblogApplication in 4.818 seconds (JVM running for 5.68)
10:19:52.956 INFO  o.a.c.c.C.[Tomcat].[localhost].[/] - Initializing Spring DispatcherServlet 'dispatcherServlet'
10:19:52.956 INFO  o.s.web.servlet.DispatcherServlet - Initializing Servlet 'dispatcherServlet'
10:19:52.965 INFO  o.s.web.servlet.DispatcherServlet - Completed initialization in 9 ms
10:21:31.841 INFO  x.myblog.controller.BaseController - {"title":"","keyWord":"","modifyDate":"","oprate":"query"}=
10:21:31.876 INFO  x.myblog.controller.BaseController - 输入参数 {"title":"","keyWord":"","modifyDate":"","oprate":"query"}=
10:21:31.876 INFO  x.myblog.controller.BaseController - queryConditionSql:  1 = 1 
10:21:31.881 INFO  com.zaxxer.hikari.HikariDataSource - HikariPool-1 - Starting...
10:21:32.129 INFO  com.zaxxer.hikari.pool.PoolBase - HikariPool-1 - Driver does not support get/set network timeout for connections. (com.mysql.jdbc.JDBC4Connection.getNetworkTimeout()I)
10:21:32.129 INFO  com.zaxxer.hikari.HikariDataSource - HikariPool-1 - Start completed.
17:50:41.615 INFO  xuecl.myblog.MyblogApplication - Starting MyblogApplication on DESKTOP-O9S7IM3 with PID 8656 (D:\Software\java-2019-062\workspace\myblog\target\classes started by xuecl in D:\Software\java-2019-062\workspace\myblog)
17:50:41.633 INFO  xuecl.myblog.MyblogApplication - No active profile set, falling back to default profiles: default
17:50:43.798 INFO  o.s.b.w.e.tomcat.TomcatWebServer - Tomcat initialized with port(s): 8080 (http)
17:50:43.812 INFO  o.a.coyote.http11.Http11NioProtocol - Initializing ProtocolHandler ["http-nio-8080"]
17:50:43.813 INFO  o.a.catalina.core.StandardService - Starting service [Tomcat]
17:50:43.813 INFO  o.a.catalina.core.StandardEngine - Starting Servlet engine: [Apache Tomcat/9.0.33]
17:50:43.938 INFO  o.a.c.c.C.[Tomcat].[localhost].[/] - Initializing Spring embedded WebApplicationContext
17:50:43.939 INFO  o.s.web.context.ContextLoader - Root WebApplicationContext: initialization completed in 2217 ms
17:50:44.345 INFO  o.s.s.c.ThreadPoolTaskExecutor - Initializing ExecutorService 'applicationTaskExecutor'
17:50:44.472 INFO  o.s.b.a.w.s.WelcomePageHandlerMapping - Adding welcome page: class path resource [static/index.html]
17:50:44.632 INFO  o.a.coyote.http11.Http11NioProtocol - Starting ProtocolHandler ["http-nio-8080"]
17:50:44.672 INFO  o.s.b.w.e.tomcat.TomcatWebServer - Tomcat started on port(s): 8080 (http) with context path ''
17:50:44.677 INFO  xuecl.myblog.MyblogApplication - Started MyblogApplication in 3.79 seconds (JVM running for 4.354)
17:55:18.179 INFO  o.a.c.c.C.[Tomcat].[localhost].[/] - Initializing Spring DispatcherServlet 'dispatcherServlet'
17:55:18.179 INFO  o.s.web.servlet.DispatcherServlet - Initializing Servlet 'dispatcherServlet'
17:55:18.191 INFO  o.s.web.servlet.DispatcherServlet - Completed initialization in 12 ms
17:55:18.330 INFO  x.myblog.controller.BaseController - {"title":"","keyWord":"","modifyDate":"","oprate":"query"}
17:55:18.357 INFO  x.myblog.controller.BaseController - 输入参数 {"title":"","keyWord":"","modifyDate":"","oprate":"query"}
17:55:18.358 INFO  x.myblog.controller.BaseController - queryConditionSql:  1 = 1 
17:55:18.363 INFO  com.zaxxer.hikari.HikariDataSource - HikariPool-1 - Starting...
17:55:18.742 INFO  com.zaxxer.hikari.pool.PoolBase - HikariPool-1 - Driver does not support get/set network timeout for connections. (com.mysql.jdbc.JDBC4Connection.getNetworkTimeout()I)
17:55:18.746 INFO  com.zaxxer.hikari.HikariDataSource - HikariPool-1 - Start completed.
18:21:18.841 INFO  x.myblog.controller.BaseController - {"title":"","keyWord":"","modifyDate":"","oprate":"query"}
18:21:18.848 INFO  x.myblog.controller.BaseController - 输入参数 {"title":"","keyWord":"","modifyDate":"","oprate":"query"}
18:21:18.848 INFO  x.myblog.controller.BaseController - queryConditionSql:  1 = 1 
20:05:31.756 INFO  x.myblog.controller.BaseController - {"title":"","keyWord":"","modifyDate":"","operation":"query"}
20:05:31.763 INFO  x.myblog.controller.BaseController - 输入参数 {"title":"","keyWord":"","modifyDate":"","operation":"query"}
20:05:31.763 ERROR x.myblog.controller.BaseController - null
20:05:31.766 ERROR x.myblog.controller.BaseController - xuecl.myblog.controller.BaseController.baseController(BaseController.java:49)
sun.reflect.NativeMethodAccessorImpl.invoke0(Native Method)
sun.reflect.NativeMethodAccessorImpl.invoke(Unknown Source)
sun.reflect.DelegatingMethodAccessorImpl.invoke(Unknown Source)
java.lang.reflect.Method.invoke(Unknown Source)
org.springframework.web.method.support.InvocableHandlerMethod.doInvoke(InvocableHandlerMethod.java:190)
org.springframework.web.method.support.InvocableHandlerMethod.invokeForRequest(InvocableHandlerMethod.java:138)
org.springframework.web.servlet.mvc.method.annotation.ServletInvocableHandlerMethod.invokeAndHandle(ServletInvocableHandlerMethod.java:105)
org.springframework.web.servlet.mvc.method.annotation.RequestMappingHandlerAdapter.invokeHandlerMethod(RequestMappingHandlerAdapter.java:879)
org.springframework.web.servlet.mvc.method.annotation.RequestMappingHandlerAdapter.handleInternal(RequestMappingHandlerAdapter.java:793)
org.springframework.web.servlet.mvc.method.AbstractHandlerMethodAdapter.handle(AbstractHandlerMethodAdapter.java:87)
org.springframework.web.servlet.DispatcherServlet.doDispatch(DispatcherServlet.java:1040)
org.springframework.web.servlet.DispatcherServlet.doService(DispatcherServlet.java:943)
org.springframework.web.servlet.FrameworkServlet.processRequest(FrameworkServlet.java:1006)
org.springframework.web.servlet.FrameworkServlet.doPost(FrameworkServlet.java:909)
javax.servlet.http.HttpServlet.service(HttpServlet.java:660)
org.springframework.web.servlet.FrameworkServlet.service(FrameworkServlet.java:883)
javax.servlet.http.HttpServlet.service(HttpServlet.java:741)
org.apache.catalina.core.ApplicationFilterChain.internalDoFilter(ApplicationFilterChain.java:231)
org.apache.catalina.core.ApplicationFilterChain.doFilter(ApplicationFilterChain.java:166)
org.apache.tomcat.websocket.server.WsFilter.doFilter(WsFilter.java:53)
org.apache.catalina.core.ApplicationFilterChain.internalDoFilter(ApplicationFilterChain.java:193)
org.apache.catalina.core.ApplicationFilterChain.doFilter(ApplicationFilterChain.java:166)
xuecl.myblog.filter.AddAllowOriginHttpHeaderFilter.doFilter(AddAllowOriginHttpHeaderFilter.java:29)
org.apache.catalina.core.ApplicationFilterChain.internalDoFilter(ApplicationFilterChain.java:193)
org.apache.catalina.core.ApplicationFilterChain.doFilter(ApplicationFilterChain.java:166)
org.springframework.web.filter.RequestContextFilter.doFilterInternal(RequestContextFilter.java:100)
org.springframework.web.filter.OncePerRequestFilter.doFilter(OncePerRequestFilter.java:119)
org.apache.catalina.core.ApplicationFilterChain.internalDoFilter(ApplicationFilterChain.java:193)
org.apache.catalina.core.ApplicationFilterChain.doFilter(ApplicationFilterChain.java:166)
org.springframework.web.filter.FormContentFilter.doFilterInternal(FormContentFilter.java:93)
org.springframework.web.filter.OncePerRequestFilter.doFilter(OncePerRequestFilter.java:119)
org.apache.catalina.core.ApplicationFilterChain.internalDoFilter(ApplicationFilterChain.java:193)
org.apache.catalina.core.ApplicationFilterChain.doFilter(ApplicationFilterChain.java:166)
org.springframework.web.filter.CharacterEncodingFilter.doFilterInternal(CharacterEncodingFilter.java:201)
org.springframework.web.filter.OncePerRequestFilter.doFilter(OncePerRequestFilter.java:119)
org.apache.catalina.core.ApplicationFilterChain.internalDoFilter(ApplicationFilterChain.java:193)
org.apache.catalina.core.ApplicationFilterChain.doFilter(ApplicationFilterChain.java:166)
org.apache.catalina.core.StandardWrapperValve.invoke(StandardWrapperValve.java:202)
org.apache.catalina.core.StandardContextValve.invoke(StandardContextValve.java:96)
org.apache.catalina.authenticator.AuthenticatorBase.invoke(AuthenticatorBase.java:541)
org.apache.catalina.core.StandardHostValve.invoke(StandardHostValve.java:139)
org.apache.catalina.valves.ErrorReportValve.invoke(ErrorReportValve.java:92)
org.apache.catalina.core.StandardEngineValve.invoke(StandardEngineValve.java:74)
org.apache.catalina.connector.CoyoteAdapter.service(CoyoteAdapter.java:343)
org.apache.coyote.http11.Http11Processor.service(Http11Processor.java:373)
org.apache.coyote.AbstractProcessorLight.process(AbstractProcessorLight.java:65)
org.apache.coyote.AbstractProtocol$ConnectionHandler.process(AbstractProtocol.java:868)
org.apache.tomcat.util.net.NioEndpoint$SocketProcessor.doRun(NioEndpoint.java:1594)
org.apache.tomcat.util.net.SocketProcessorBase.run(SocketProcessorBase.java:49)
java.util.concurrent.ThreadPoolExecutor.runWorker(Unknown Source)
java.util.concurrent.ThreadPoolExecutor$Worker.run(Unknown Source)
org.apache.tomcat.util.threads.TaskThread$WrappingRunnable.run(TaskThread.java:61)
java.lang.Thread.run(Unknown Source)

20:05:54.281 INFO  xuecl.myblog.MyblogApplication - Starting MyblogApplication on DESKTOP-O9S7IM3 with PID 16848 (D:\Software\java-2019-062\workspace\myblog\target\classes started by xuecl in D:\Software\java-2019-062\workspace\myblog)
20:05:54.281 INFO  xuecl.myblog.MyblogApplication - No active profile set, falling back to default profiles: default
20:05:56.426 INFO  o.s.b.w.e.tomcat.TomcatWebServer - Tomcat initialized with port(s): 8080 (http)
20:05:56.438 INFO  o.a.coyote.http11.Http11NioProtocol - Initializing ProtocolHandler ["http-nio-8080"]
20:05:56.438 INFO  o.a.catalina.core.StandardService - Starting service [Tomcat]
20:05:56.438 INFO  o.a.catalina.core.StandardEngine - Starting Servlet engine: [Apache Tomcat/9.0.33]
20:05:56.595 INFO  o.a.c.c.C.[Tomcat].[localhost].[/] - Initializing Spring embedded WebApplicationContext
20:05:56.595 INFO  o.s.web.context.ContextLoader - Root WebApplicationContext: initialization completed in 2220 ms
20:05:57.126 INFO  o.s.s.c.ThreadPoolTaskExecutor - Initializing ExecutorService 'applicationTaskExecutor'
20:05:57.267 INFO  o.s.b.a.w.s.WelcomePageHandlerMapping - Adding welcome page: class path resource [static/index.html]
20:05:57.422 INFO  o.a.coyote.http11.Http11NioProtocol - Starting ProtocolHandler ["http-nio-8080"]
20:05:57.469 INFO  o.s.b.w.e.tomcat.TomcatWebServer - Tomcat started on port(s): 8080 (http) with context path ''
20:05:57.482 INFO  xuecl.myblog.MyblogApplication - Started MyblogApplication in 4.01 seconds (JVM running for 4.677)
20:06:19.395 INFO  o.a.c.c.C.[Tomcat].[localhost].[/] - Initializing Spring DispatcherServlet 'dispatcherServlet'
20:06:19.395 INFO  o.s.web.servlet.DispatcherServlet - Initializing Servlet 'dispatcherServlet'
20:06:19.398 INFO  o.s.web.servlet.DispatcherServlet - Completed initialization in 3 ms
20:06:19.460 INFO  x.myblog.controller.BaseController - {"title":"","keyWord":"","modifyDate":"","operation":"query"}
20:06:19.492 INFO  x.myblog.controller.BaseController - 输入参数 {"title":"","keyWord":"","modifyDate":"","operation":"query"}
20:06:19.492 INFO  x.myblog.controller.BaseController - queryConditionSql:  1 = 1 
20:06:19.492 INFO  com.zaxxer.hikari.HikariDataSource - HikariPool-1 - Starting...
20:06:19.720 INFO  com.zaxxer.hikari.pool.PoolBase - HikariPool-1 - Driver does not support get/set network timeout for connections. (com.mysql.jdbc.JDBC4Connection.getNetworkTimeout()I)
20:06:19.736 INFO  com.zaxxer.hikari.HikariDataSource - HikariPool-1 - Start completed.
20:16:31.293 INFO  x.myblog.controller.BaseController - {"title":"","keyWord":"","digest":"","id":"","operation":"save"}
20:16:31.294 INFO  x.myblog.controller.BaseController - 输入参数 {"title":"","keyWord":"","digest":"","id":"","operation":"save"}
20:16:31.294 ERROR x.myblog.controller.BaseController - java.lang.String cannot be cast to java.lang.Integer
20:16:31.295 ERROR x.myblog.controller.BaseController - xuecl.myblog.controller.BaseController.baseController(BaseController.java:51)
sun.reflect.NativeMethodAccessorImpl.invoke0(Native Method)
sun.reflect.NativeMethodAccessorImpl.invoke(Unknown Source)
sun.reflect.DelegatingMethodAccessorImpl.invoke(Unknown Source)
java.lang.reflect.Method.invoke(Unknown Source)
org.springframework.web.method.support.InvocableHandlerMethod.doInvoke(InvocableHandlerMethod.java:190)
org.springframework.web.method.support.InvocableHandlerMethod.invokeForRequest(InvocableHandlerMethod.java:138)
org.springframework.web.servlet.mvc.method.annotation.ServletInvocableHandlerMethod.invokeAndHandle(ServletInvocableHandlerMethod.java:105)
org.springframework.web.servlet.mvc.method.annotation.RequestMappingHandlerAdapter.invokeHandlerMethod(RequestMappingHandlerAdapter.java:879)
org.springframework.web.servlet.mvc.method.annotation.RequestMappingHandlerAdapter.handleInternal(RequestMappingHandlerAdapter.java:793)
org.springframework.web.servlet.mvc.method.AbstractHandlerMethodAdapter.handle(AbstractHandlerMethodAdapter.java:87)
org.springframework.web.servlet.DispatcherServlet.doDispatch(DispatcherServlet.java:1040)
org.springframework.web.servlet.DispatcherServlet.doService(DispatcherServlet.java:943)
org.springframework.web.servlet.FrameworkServlet.processRequest(FrameworkServlet.java:1006)
org.springframework.web.servlet.FrameworkServlet.doPost(FrameworkServlet.java:909)
javax.servlet.http.HttpServlet.service(HttpServlet.java:660)
org.springframework.web.servlet.FrameworkServlet.service(FrameworkServlet.java:883)
javax.servlet.http.HttpServlet.service(HttpServlet.java:741)
org.apache.catalina.core.ApplicationFilterChain.internalDoFilter(ApplicationFilterChain.java:231)
org.apache.catalina.core.ApplicationFilterChain.doFilter(ApplicationFilterChain.java:166)
org.apache.tomcat.websocket.server.WsFilter.doFilter(WsFilter.java:53)
org.apache.catalina.core.ApplicationFilterChain.internalDoFilter(ApplicationFilterChain.java:193)
org.apache.catalina.core.ApplicationFilterChain.doFilter(ApplicationFilterChain.java:166)
xuecl.myblog.filter.AddAllowOriginHttpHeaderFilter.doFilter(AddAllowOriginHttpHeaderFilter.java:29)
org.apache.catalina.core.ApplicationFilterChain.internalDoFilter(ApplicationFilterChain.java:193)
org.apache.catalina.core.ApplicationFilterChain.doFilter(ApplicationFilterChain.java:166)
org.springframework.web.filter.RequestContextFilter.doFilterInternal(RequestContextFilter.java:100)
org.springframework.web.filter.OncePerRequestFilter.doFilter(OncePerRequestFilter.java:119)
org.apache.catalina.core.ApplicationFilterChain.internalDoFilter(ApplicationFilterChain.java:193)
org.apache.catalina.core.ApplicationFilterChain.doFilter(ApplicationFilterChain.java:166)
org.springframework.web.filter.FormContentFilter.doFilterInternal(FormContentFilter.java:93)
org.springframework.web.filter.OncePerRequestFilter.doFilter(OncePerRequestFilter.java:119)
org.apache.catalina.core.ApplicationFilterChain.internalDoFilter(ApplicationFilterChain.java:193)
org.apache.catalina.core.ApplicationFilterChain.doFilter(ApplicationFilterChain.java:166)
org.springframework.web.filter.CharacterEncodingFilter.doFilterInternal(CharacterEncodingFilter.java:201)
org.springframework.web.filter.OncePerRequestFilter.doFilter(OncePerRequestFilter.java:119)
org.apache.catalina.core.ApplicationFilterChain.internalDoFilter(ApplicationFilterChain.java:193)
org.apache.catalina.core.ApplicationFilterChain.doFilter(ApplicationFilterChain.java:166)
org.apache.catalina.core.StandardWrapperValve.invoke(StandardWrapperValve.java:202)
org.apache.catalina.core.StandardContextValve.invoke(StandardContextValve.java:96)
org.apache.catalina.authenticator.AuthenticatorBase.invoke(AuthenticatorBase.java:541)
org.apache.catalina.core.StandardHostValve.invoke(StandardHostValve.java:139)
org.apache.catalina.valves.ErrorReportValve.invoke(ErrorReportValve.java:92)
org.apache.catalina.core.StandardEngineValve.invoke(StandardEngineValve.java:74)
org.apache.catalina.connector.CoyoteAdapter.service(CoyoteAdapter.java:343)
org.apache.coyote.http11.Http11Processor.service(Http11Processor.java:373)
org.apache.coyote.AbstractProcessorLight.process(AbstractProcessorLight.java:65)
org.apache.coyote.AbstractProtocol$ConnectionHandler.process(AbstractProtocol.java:868)
org.apache.tomcat.util.net.NioEndpoint$SocketProcessor.doRun(NioEndpoint.java:1594)
org.apache.tomcat.util.net.SocketProcessorBase.run(SocketProcessorBase.java:49)
java.util.concurrent.ThreadPoolExecutor.runWorker(Unknown Source)
java.util.concurrent.ThreadPoolExecutor$Worker.run(Unknown Source)
org.apache.tomcat.util.threads.TaskThread$WrappingRunnable.run(TaskThread.java:61)
java.lang.Thread.run(Unknown Source)

20:19:31.265 INFO  xuecl.myblog.MyblogApplication - Starting MyblogApplication on DESKTOP-O9S7IM3 with PID 17212 (D:\Software\java-2019-062\workspace\myblog\target\classes started by xuecl in D:\Software\java-2019-062\workspace\myblog)
20:19:31.265 INFO  xuecl.myblog.MyblogApplication - No active profile set, falling back to default profiles: default
20:19:33.187 INFO  o.s.b.w.e.tomcat.TomcatWebServer - Tomcat initialized with port(s): 8080 (http)
20:19:33.190 INFO  o.a.coyote.http11.Http11NioProtocol - Initializing ProtocolHandler ["http-nio-8080"]
20:19:33.190 INFO  o.a.catalina.core.StandardService - Starting service [Tomcat]
20:19:33.190 INFO  o.a.catalina.core.StandardEngine - Starting Servlet engine: [Apache Tomcat/9.0.33]
20:19:33.315 INFO  o.a.c.c.C.[Tomcat].[localhost].[/] - Initializing Spring embedded WebApplicationContext
20:19:33.315 INFO  o.s.web.context.ContextLoader - Root WebApplicationContext: initialization completed in 1941 ms
20:19:33.721 INFO  o.s.s.c.ThreadPoolTaskExecutor - Initializing ExecutorService 'applicationTaskExecutor'
20:19:33.846 INFO  o.s.b.a.w.s.WelcomePageHandlerMapping - Adding welcome page: class path resource [static/index.html]
20:19:34.018 INFO  o.a.coyote.http11.Http11NioProtocol - Starting ProtocolHandler ["http-nio-8080"]
20:19:34.034 INFO  o.a.coyote.http11.Http11NioProtocol - Pausing ProtocolHandler ["http-nio-8080"]
20:19:34.034 INFO  o.a.catalina.core.StandardService - Stopping service [Tomcat]
20:19:34.050 INFO  o.a.coyote.http11.Http11NioProtocol - Stopping ProtocolHandler ["http-nio-8080"]
20:19:34.050 INFO  o.a.coyote.http11.Http11NioProtocol - Destroying ProtocolHandler ["http-nio-8080"]
20:19:34.284 INFO  o.s.b.a.l.ConditionEvaluationReportLoggingListener - 

Error starting ApplicationContext. To display the conditions report re-run your application with 'debug' enabled.
20:19:34.287 ERROR o.s.b.d.LoggingFailureAnalysisReporter - 

***************************
APPLICATION FAILED TO START
***************************

Description:

Web server failed to start. Port 8080 was already in use.

Action:

Identify and stop the process that's listening on port 8080 or configure this application to listen on another port.

20:19:34.287 INFO  o.s.s.c.ThreadPoolTaskExecutor - Shutting down ExecutorService 'applicationTaskExecutor'
20:19:42.148 INFO  xuecl.myblog.MyblogApplication - Starting MyblogApplication on DESKTOP-O9S7IM3 with PID 4168 (D:\Software\java-2019-062\workspace\myblog\target\classes started by xuecl in D:\Software\java-2019-062\workspace\myblog)
20:19:42.148 INFO  xuecl.myblog.MyblogApplication - No active profile set, falling back to default profiles: default
20:19:43.991 INFO  o.s.b.w.e.tomcat.TomcatWebServer - Tomcat initialized with port(s): 8080 (http)
20:19:44.019 INFO  o.a.coyote.http11.Http11NioProtocol - Initializing ProtocolHandler ["http-nio-8080"]
20:19:44.019 INFO  o.a.catalina.core.StandardService - Starting service [Tomcat]
20:19:44.019 INFO  o.a.catalina.core.StandardEngine - Starting Servlet engine: [Apache Tomcat/9.0.33]
20:19:44.160 INFO  o.a.c.c.C.[Tomcat].[localhost].[/] - Initializing Spring embedded WebApplicationContext
20:19:44.160 INFO  o.s.web.context.ContextLoader - Root WebApplicationContext: initialization completed in 1919 ms
20:19:44.535 INFO  o.s.s.c.ThreadPoolTaskExecutor - Initializing ExecutorService 'applicationTaskExecutor'
20:19:44.675 INFO  o.s.b.a.w.s.WelcomePageHandlerMapping - Adding welcome page: class path resource [static/index.html]
20:19:44.832 INFO  o.a.coyote.http11.Http11NioProtocol - Starting ProtocolHandler ["http-nio-8080"]
20:19:44.879 INFO  o.s.b.w.e.tomcat.TomcatWebServer - Tomcat started on port(s): 8080 (http) with context path ''
20:19:44.879 INFO  xuecl.myblog.MyblogApplication - Started MyblogApplication in 3.402 seconds (JVM running for 3.922)
20:20:02.272 INFO  o.a.c.c.C.[Tomcat].[localhost].[/] - Initializing Spring DispatcherServlet 'dispatcherServlet'
20:20:02.272 INFO  o.s.web.servlet.DispatcherServlet - Initializing Servlet 'dispatcherServlet'
20:20:02.285 INFO  o.s.web.servlet.DispatcherServlet - Completed initialization in 12 ms
20:20:02.332 INFO  x.myblog.controller.BaseController - {"title":"","keyWord":"","digest":"","id":"","operation":"save"}
20:20:02.363 INFO  x.myblog.controller.BaseController - 输入参数 {"title":"","keyWord":"","digest":"","id":"","operation":"save"}
20:20:02.363 INFO  com.zaxxer.hikari.HikariDataSource - HikariPool-1 - Starting...
20:20:02.639 INFO  com.zaxxer.hikari.pool.PoolBase - HikariPool-1 - Driver does not support get/set network timeout for connections. (com.mysql.jdbc.JDBC4Connection.getNetworkTimeout()I)
20:20:02.639 INFO  com.zaxxer.hikari.HikariDataSource - HikariPool-1 - Start completed.
20:20:03.054 ERROR x.myblog.controller.BaseController - PreparedStatementCallback; Column 'createUser' cannot be null; nested exception is com.mysql.jdbc.exceptions.jdbc4.MySQLIntegrityConstraintViolationException: Column 'createUser' cannot be null
20:20:03.055 ERROR x.myblog.controller.BaseController - org.springframework.jdbc.support.SQLExceptionSubclassTranslator.doTranslate(SQLExceptionSubclassTranslator.java:87)
org.springframework.jdbc.support.AbstractFallbackSQLExceptionTranslator.translate(AbstractFallbackSQLExceptionTranslator.java:72)
org.springframework.jdbc.support.AbstractFallbackSQLExceptionTranslator.translate(AbstractFallbackSQLExceptionTranslator.java:81)
org.springframework.jdbc.core.JdbcTemplate.translateException(JdbcTemplate.java:1443)
org.springframework.jdbc.core.JdbcTemplate.execute(JdbcTemplate.java:633)
org.springframework.jdbc.core.JdbcTemplate.update(JdbcTemplate.java:893)
xuecl.myblog.controller.BaseController.insert(BaseController.java:179)
xuecl.myblog.controller.BaseController.save(BaseController.java:166)
xuecl.myblog.controller.BaseController.baseController(BaseController.java:52)
sun.reflect.NativeMethodAccessorImpl.invoke0(Native Method)
sun.reflect.NativeMethodAccessorImpl.invoke(Unknown Source)
sun.reflect.DelegatingMethodAccessorImpl.invoke(Unknown Source)
java.lang.reflect.Method.invoke(Unknown Source)
org.springframework.web.method.support.InvocableHandlerMethod.doInvoke(InvocableHandlerMethod.java:190)
org.springframework.web.method.support.InvocableHandlerMethod.invokeForRequest(InvocableHandlerMethod.java:138)
org.springframework.web.servlet.mvc.method.annotation.ServletInvocableHandlerMethod.invokeAndHandle(ServletInvocableHandlerMethod.java:105)
org.springframework.web.servlet.mvc.method.annotation.RequestMappingHandlerAdapter.invokeHandlerMethod(RequestMappingHandlerAdapter.java:879)
org.springframework.web.servlet.mvc.method.annotation.RequestMappingHandlerAdapter.handleInternal(RequestMappingHandlerAdapter.java:793)
org.springframework.web.servlet.mvc.method.AbstractHandlerMethodAdapter.handle(AbstractHandlerMethodAdapter.java:87)
org.springframework.web.servlet.DispatcherServlet.doDispatch(DispatcherServlet.java:1040)
org.springframework.web.servlet.DispatcherServlet.doService(DispatcherServlet.java:943)
org.springframework.web.servlet.FrameworkServlet.processRequest(FrameworkServlet.java:1006)
org.springframework.web.servlet.FrameworkServlet.doPost(FrameworkServlet.java:909)
javax.servlet.http.HttpServlet.service(HttpServlet.java:660)
org.springframework.web.servlet.FrameworkServlet.service(FrameworkServlet.java:883)
javax.servlet.http.HttpServlet.service(HttpServlet.java:741)
org.apache.catalina.core.ApplicationFilterChain.internalDoFilter(ApplicationFilterChain.java:231)
org.apache.catalina.core.ApplicationFilterChain.doFilter(ApplicationFilterChain.java:166)
org.apache.tomcat.websocket.server.WsFilter.doFilter(WsFilter.java:53)
org.apache.catalina.core.ApplicationFilterChain.internalDoFilter(ApplicationFilterChain.java:193)
org.apache.catalina.core.ApplicationFilterChain.doFilter(ApplicationFilterChain.java:166)
xuecl.myblog.filter.AddAllowOriginHttpHeaderFilter.doFilter(AddAllowOriginHttpHeaderFilter.java:29)
org.apache.catalina.core.ApplicationFilterChain.internalDoFilter(ApplicationFilterChain.java:193)
org.apache.catalina.core.ApplicationFilterChain.doFilter(ApplicationFilterChain.java:166)
org.springframework.web.filter.RequestContextFilter.doFilterInternal(RequestContextFilter.java:100)
org.springframework.web.filter.OncePerRequestFilter.doFilter(OncePerRequestFilter.java:119)
org.apache.catalina.core.ApplicationFilterChain.internalDoFilter(ApplicationFilterChain.java:193)
org.apache.catalina.core.ApplicationFilterChain.doFilter(ApplicationFilterChain.java:166)
org.springframework.web.filter.FormContentFilter.doFilterInternal(FormContentFilter.java:93)
org.springframework.web.filter.OncePerRequestFilter.doFilter(OncePerRequestFilter.java:119)
org.apache.catalina.core.ApplicationFilterChain.internalDoFilter(ApplicationFilterChain.java:193)
org.apache.catalina.core.ApplicationFilterChain.doFilter(ApplicationFilterChain.java:166)
org.springframework.web.filter.CharacterEncodingFilter.doFilterInternal(CharacterEncodingFilter.java:201)
org.springframework.web.filter.OncePerRequestFilter.doFilter(OncePerRequestFilter.java:119)
org.apache.catalina.core.ApplicationFilterChain.internalDoFilter(ApplicationFilterChain.java:193)
org.apache.catalina.core.ApplicationFilterChain.doFilter(ApplicationFilterChain.java:166)
org.apache.catalina.core.StandardWrapperValve.invoke(StandardWrapperValve.java:202)
org.apache.catalina.core.StandardContextValve.invoke(StandardContextValve.java:96)
org.apache.catalina.authenticator.AuthenticatorBase.invoke(AuthenticatorBase.java:541)
org.apache.catalina.core.StandardHostValve.invoke(StandardHostValve.java:139)
org.apache.catalina.valves.ErrorReportValve.invoke(ErrorReportValve.java:92)
org.apache.catalina.core.StandardEngineValve.invoke(StandardEngineValve.java:74)
org.apache.catalina.connector.CoyoteAdapter.service(CoyoteAdapter.java:343)
org.apache.coyote.http11.Http11Processor.service(Http11Processor.java:373)
org.apache.coyote.AbstractProcessorLight.process(AbstractProcessorLight.java:65)
org.apache.coyote.AbstractProtocol$ConnectionHandler.process(AbstractProtocol.java:868)
org.apache.tomcat.util.net.NioEndpoint$SocketProcessor.doRun(NioEndpoint.java:1594)
org.apache.tomcat.util.net.SocketProcessorBase.run(SocketProcessorBase.java:49)
java.util.concurrent.ThreadPoolExecutor.runWorker(Unknown Source)
java.util.concurrent.ThreadPoolExecutor$Worker.run(Unknown Source)
org.apache.tomcat.util.threads.TaskThread$WrappingRunnable.run(TaskThread.java:61)
java.lang.Thread.run(Unknown Source)

20:22:13.121 INFO  x.myblog.controller.BaseController - {"title":"","keyWord":"","digest":"","id":"","operation":"save"}
20:22:13.122 INFO  x.myblog.controller.BaseController - 输入参数 {"title":"","keyWord":"","digest":"","id":"","operation":"save"}
20:22:13.129 ERROR x.myblog.controller.BaseController - PreparedStatementCallback; Column 'createUser' cannot be null; nested exception is com.mysql.jdbc.exceptions.jdbc4.MySQLIntegrityConstraintViolationException: Column 'createUser' cannot be null
20:22:13.130 ERROR x.myblog.controller.BaseController - org.springframework.jdbc.support.SQLExceptionSubclassTranslator.doTranslate(SQLExceptionSubclassTranslator.java:87)
org.springframework.jdbc.support.AbstractFallbackSQLExceptionTranslator.translate(AbstractFallbackSQLExceptionTranslator.java:72)
org.springframework.jdbc.support.AbstractFallbackSQLExceptionTranslator.translate(AbstractFallbackSQLExceptionTranslator.java:81)
org.springframework.jdbc.core.JdbcTemplate.translateException(JdbcTemplate.java:1443)
org.springframework.jdbc.core.JdbcTemplate.execute(JdbcTemplate.java:633)
org.springframework.jdbc.core.JdbcTemplate.update(JdbcTemplate.java:893)
xuecl.myblog.controller.BaseController.insert(BaseController.java:179)
xuecl.myblog.controller.BaseController.save(BaseController.java:166)
xuecl.myblog.controller.BaseController.baseController(BaseController.java:52)
sun.reflect.NativeMethodAccessorImpl.invoke0(Native Method)
sun.reflect.NativeMethodAccessorImpl.invoke(Unknown Source)
sun.reflect.DelegatingMethodAccessorImpl.invoke(Unknown Source)
java.lang.reflect.Method.invoke(Unknown Source)
org.springframework.web.method.support.InvocableHandlerMethod.doInvoke(InvocableHandlerMethod.java:190)
org.springframework.web.method.support.InvocableHandlerMethod.invokeForRequest(InvocableHandlerMethod.java:138)
org.springframework.web.servlet.mvc.method.annotation.ServletInvocableHandlerMethod.invokeAndHandle(ServletInvocableHandlerMethod.java:105)
org.springframework.web.servlet.mvc.method.annotation.RequestMappingHandlerAdapter.invokeHandlerMethod(RequestMappingHandlerAdapter.java:879)
org.springframework.web.servlet.mvc.method.annotation.RequestMappingHandlerAdapter.handleInternal(RequestMappingHandlerAdapter.java:793)
org.springframework.web.servlet.mvc.method.AbstractHandlerMethodAdapter.handle(AbstractHandlerMethodAdapter.java:87)
org.springframework.web.servlet.DispatcherServlet.doDispatch(DispatcherServlet.java:1040)
org.springframework.web.servlet.DispatcherServlet.doService(DispatcherServlet.java:943)
org.springframework.web.servlet.FrameworkServlet.processRequest(FrameworkServlet.java:1006)
org.springframework.web.servlet.FrameworkServlet.doPost(FrameworkServlet.java:909)
javax.servlet.http.HttpServlet.service(HttpServlet.java:660)
org.springframework.web.servlet.FrameworkServlet.service(FrameworkServlet.java:883)
javax.servlet.http.HttpServlet.service(HttpServlet.java:741)
org.apache.catalina.core.ApplicationFilterChain.internalDoFilter(ApplicationFilterChain.java:231)
org.apache.catalina.core.ApplicationFilterChain.doFilter(ApplicationFilterChain.java:166)
org.apache.tomcat.websocket.server.WsFilter.doFilter(WsFilter.java:53)
org.apache.catalina.core.ApplicationFilterChain.internalDoFilter(ApplicationFilterChain.java:193)
org.apache.catalina.core.ApplicationFilterChain.doFilter(ApplicationFilterChain.java:166)
xuecl.myblog.filter.AddAllowOriginHttpHeaderFilter.doFilter(AddAllowOriginHttpHeaderFilter.java:29)
org.apache.catalina.core.ApplicationFilterChain.internalDoFilter(ApplicationFilterChain.java:193)
org.apache.catalina.core.ApplicationFilterChain.doFilter(ApplicationFilterChain.java:166)
org.springframework.web.filter.RequestContextFilter.doFilterInternal(RequestContextFilter.java:100)
org.springframework.web.filter.OncePerRequestFilter.doFilter(OncePerRequestFilter.java:119)
org.apache.catalina.core.ApplicationFilterChain.internalDoFilter(ApplicationFilterChain.java:193)
org.apache.catalina.core.ApplicationFilterChain.doFilter(ApplicationFilterChain.java:166)
org.springframework.web.filter.FormContentFilter.doFilterInternal(FormContentFilter.java:93)
org.springframework.web.filter.OncePerRequestFilter.doFilter(OncePerRequestFilter.java:119)
org.apache.catalina.core.ApplicationFilterChain.internalDoFilter(ApplicationFilterChain.java:193)
org.apache.catalina.core.ApplicationFilterChain.doFilter(ApplicationFilterChain.java:166)
org.springframework.web.filter.CharacterEncodingFilter.doFilterInternal(CharacterEncodingFilter.java:201)
org.springframework.web.filter.OncePerRequestFilter.doFilter(OncePerRequestFilter.java:119)
org.apache.catalina.core.ApplicationFilterChain.internalDoFilter(ApplicationFilterChain.java:193)
org.apache.catalina.core.ApplicationFilterChain.doFilter(ApplicationFilterChain.java:166)
org.apache.catalina.core.StandardWrapperValve.invoke(StandardWrapperValve.java:202)
org.apache.catalina.core.StandardContextValve.invoke(StandardContextValve.java:96)
org.apache.catalina.authenticator.AuthenticatorBase.invoke(AuthenticatorBase.java:541)
org.apache.catalina.core.StandardHostValve.invoke(StandardHostValve.java:139)
org.apache.catalina.valves.ErrorReportValve.invoke(ErrorReportValve.java:92)
org.apache.catalina.core.StandardEngineValve.invoke(StandardEngineValve.java:74)
org.apache.catalina.connector.CoyoteAdapter.service(CoyoteAdapter.java:343)
org.apache.coyote.http11.Http11Processor.service(Http11Processor.java:373)
org.apache.coyote.AbstractProcessorLight.process(AbstractProcessorLight.java:65)
org.apache.coyote.AbstractProtocol$ConnectionHandler.process(AbstractProtocol.java:868)
org.apache.tomcat.util.net.NioEndpoint$SocketProcessor.doRun(NioEndpoint.java:1594)
org.apache.tomcat.util.net.SocketProcessorBase.run(SocketProcessorBase.java:49)
java.util.concurrent.ThreadPoolExecutor.runWorker(Unknown Source)
java.util.concurrent.ThreadPoolExecutor$Worker.run(Unknown Source)
org.apache.tomcat.util.threads.TaskThread$WrappingRunnable.run(TaskThread.java:61)
java.lang.Thread.run(Unknown Source)

20:22:53.513 INFO  x.myblog.controller.BaseController - {"title":"","keyWord":"","digest":"","id":"","operation":"save"}
20:22:53.514 INFO  x.myblog.controller.BaseController - 输入参数 {"title":"","keyWord":"","digest":"","id":"","operation":"save"}
20:22:53.526 ERROR x.myblog.controller.BaseController - PreparedStatementCallback; Column 'createUser' cannot be null; nested exception is com.mysql.jdbc.exceptions.jdbc4.MySQLIntegrityConstraintViolationException: Column 'createUser' cannot be null
20:22:53.527 ERROR x.myblog.controller.BaseController - org.springframework.jdbc.support.SQLExceptionSubclassTranslator.doTranslate(SQLExceptionSubclassTranslator.java:87)
org.springframework.jdbc.support.AbstractFallbackSQLExceptionTranslator.translate(AbstractFallbackSQLExceptionTranslator.java:72)
org.springframework.jdbc.support.AbstractFallbackSQLExceptionTranslator.translate(AbstractFallbackSQLExceptionTranslator.java:81)
org.springframework.jdbc.core.JdbcTemplate.translateException(JdbcTemplate.java:1443)
org.springframework.jdbc.core.JdbcTemplate.execute(JdbcTemplate.java:633)
org.springframework.jdbc.core.JdbcTemplate.update(JdbcTemplate.java:893)
xuecl.myblog.controller.BaseController.insert(BaseController.java:179)
xuecl.myblog.controller.BaseController.save(BaseController.java:166)
xuecl.myblog.controller.BaseController.baseController(BaseController.java:52)
sun.reflect.NativeMethodAccessorImpl.invoke0(Native Method)
sun.reflect.NativeMethodAccessorImpl.invoke(Unknown Source)
sun.reflect.DelegatingMethodAccessorImpl.invoke(Unknown Source)
java.lang.reflect.Method.invoke(Unknown Source)
org.springframework.web.method.support.InvocableHandlerMethod.doInvoke(InvocableHandlerMethod.java:190)
org.springframework.web.method.support.InvocableHandlerMethod.invokeForRequest(InvocableHandlerMethod.java:138)
org.springframework.web.servlet.mvc.method.annotation.ServletInvocableHandlerMethod.invokeAndHandle(ServletInvocableHandlerMethod.java:105)
org.springframework.web.servlet.mvc.method.annotation.RequestMappingHandlerAdapter.invokeHandlerMethod(RequestMappingHandlerAdapter.java:879)
org.springframework.web.servlet.mvc.method.annotation.RequestMappingHandlerAdapter.handleInternal(RequestMappingHandlerAdapter.java:793)
org.springframework.web.servlet.mvc.method.AbstractHandlerMethodAdapter.handle(AbstractHandlerMethodAdapter.java:87)
org.springframework.web.servlet.DispatcherServlet.doDispatch(DispatcherServlet.java:1040)
org.springframework.web.servlet.DispatcherServlet.doService(DispatcherServlet.java:943)
org.springframework.web.servlet.FrameworkServlet.processRequest(FrameworkServlet.java:1006)
org.springframework.web.servlet.FrameworkServlet.doPost(FrameworkServlet.java:909)
javax.servlet.http.HttpServlet.service(HttpServlet.java:660)
org.springframework.web.servlet.FrameworkServlet.service(FrameworkServlet.java:883)
javax.servlet.http.HttpServlet.service(HttpServlet.java:741)
org.apache.catalina.core.ApplicationFilterChain.internalDoFilter(ApplicationFilterChain.java:231)
org.apache.catalina.core.ApplicationFilterChain.doFilter(ApplicationFilterChain.java:166)
org.apache.tomcat.websocket.server.WsFilter.doFilter(WsFilter.java:53)
org.apache.catalina.core.ApplicationFilterChain.internalDoFilter(ApplicationFilterChain.java:193)
org.apache.catalina.core.ApplicationFilterChain.doFilter(ApplicationFilterChain.java:166)
xuecl.myblog.filter.AddAllowOriginHttpHeaderFilter.doFilter(AddAllowOriginHttpHeaderFilter.java:29)
org.apache.catalina.core.ApplicationFilterChain.internalDoFilter(ApplicationFilterChain.java:193)
org.apache.catalina.core.ApplicationFilterChain.doFilter(ApplicationFilterChain.java:166)
org.springframework.web.filter.RequestContextFilter.doFilterInternal(RequestContextFilter.java:100)
org.springframework.web.filter.OncePerRequestFilter.doFilter(OncePerRequestFilter.java:119)
org.apache.catalina.core.ApplicationFilterChain.internalDoFilter(ApplicationFilterChain.java:193)
org.apache.catalina.core.ApplicationFilterChain.doFilter(ApplicationFilterChain.java:166)
org.springframework.web.filter.FormContentFilter.doFilterInternal(FormContentFilter.java:93)
org.springframework.web.filter.OncePerRequestFilter.doFilter(OncePerRequestFilter.java:119)
org.apache.catalina.core.ApplicationFilterChain.internalDoFilter(ApplicationFilterChain.java:193)
org.apache.catalina.core.ApplicationFilterChain.doFilter(ApplicationFilterChain.java:166)
org.springframework.web.filter.CharacterEncodingFilter.doFilterInternal(CharacterEncodingFilter.java:201)
org.springframework.web.filter.OncePerRequestFilter.doFilter(OncePerRequestFilter.java:119)
org.apache.catalina.core.ApplicationFilterChain.internalDoFilter(ApplicationFilterChain.java:193)
org.apache.catalina.core.ApplicationFilterChain.doFilter(ApplicationFilterChain.java:166)
org.apache.catalina.core.StandardWrapperValve.invoke(StandardWrapperValve.java:202)
org.apache.catalina.core.StandardContextValve.invoke(StandardContextValve.java:96)
org.apache.catalina.authenticator.AuthenticatorBase.invoke(AuthenticatorBase.java:541)
org.apache.catalina.core.StandardHostValve.invoke(StandardHostValve.java:139)
org.apache.catalina.valves.ErrorReportValve.invoke(ErrorReportValve.java:92)
org.apache.catalina.core.StandardEngineValve.invoke(StandardEngineValve.java:74)
org.apache.catalina.connector.CoyoteAdapter.service(CoyoteAdapter.java:343)
org.apache.coyote.http11.Http11Processor.service(Http11Processor.java:373)
org.apache.coyote.AbstractProcessorLight.process(AbstractProcessorLight.java:65)
org.apache.coyote.AbstractProtocol$ConnectionHandler.process(AbstractProtocol.java:868)
org.apache.tomcat.util.net.NioEndpoint$SocketProcessor.doRun(NioEndpoint.java:1594)
org.apache.tomcat.util.net.SocketProcessorBase.run(SocketProcessorBase.java:49)
java.util.concurrent.ThreadPoolExecutor.runWorker(Unknown Source)
java.util.concurrent.ThreadPoolExecutor$Worker.run(Unknown Source)
org.apache.tomcat.util.threads.TaskThread$WrappingRunnable.run(TaskThread.java:61)
java.lang.Thread.run(Unknown Source)

20:24:18.609 INFO  x.myblog.controller.BaseController - {"title":"","keyWord":"","digest":"","id":"","user":"xuecl","operation":"save"}
20:24:18.610 INFO  x.myblog.controller.BaseController - 输入参数 {"title":"","keyWord":"","digest":"","id":"","user":"xuecl","operation":"save"}
20:30:42.646 INFO  xuecl.myblog.MyblogApplication - Starting MyblogApplication on DESKTOP-O9S7IM3 with PID 13252 (D:\Software\java-2019-062\workspace\myblog\target\classes started by xuecl in D:\Software\java-2019-062\workspace\myblog)
20:30:42.646 INFO  xuecl.myblog.MyblogApplication - No active profile set, falling back to default profiles: default
20:30:44.505 INFO  o.s.b.w.e.tomcat.TomcatWebServer - Tomcat initialized with port(s): 8080 (http)
20:30:44.512 INFO  o.a.coyote.http11.Http11NioProtocol - Initializing ProtocolHandler ["http-nio-8080"]
20:30:44.512 INFO  o.a.catalina.core.StandardService - Starting service [Tomcat]
20:30:44.512 INFO  o.a.catalina.core.StandardEngine - Starting Servlet engine: [Apache Tomcat/9.0.33]
20:30:44.668 INFO  o.a.c.c.C.[Tomcat].[localhost].[/] - Initializing Spring embedded WebApplicationContext
20:30:44.668 INFO  o.s.web.context.ContextLoader - Root WebApplicationContext: initialization completed in 1928 ms
20:30:45.075 INFO  o.s.s.c.ThreadPoolTaskExecutor - Initializing ExecutorService 'applicationTaskExecutor'
20:30:45.200 INFO  o.s.b.a.w.s.WelcomePageHandlerMapping - Adding welcome page: class path resource [static/index.html]
20:30:45.387 INFO  o.a.coyote.http11.Http11NioProtocol - Starting ProtocolHandler ["http-nio-8080"]
20:30:45.434 INFO  o.s.b.w.e.tomcat.TomcatWebServer - Tomcat started on port(s): 8080 (http) with context path ''
20:30:45.434 INFO  xuecl.myblog.MyblogApplication - Started MyblogApplication in 3.488 seconds (JVM running for 4.324)
20:30:49.554 INFO  o.a.c.c.C.[Tomcat].[localhost].[/] - Initializing Spring DispatcherServlet 'dispatcherServlet'
20:30:49.554 INFO  o.s.web.servlet.DispatcherServlet - Initializing Servlet 'dispatcherServlet'
20:30:49.560 INFO  o.s.web.servlet.DispatcherServlet - Completed initialization in 6 ms
20:30:49.607 INFO  x.myblog.controller.BaseController - {"title":"","keyWord":"","digest":"","id":"","user":"xuecl","operation":"save"}
20:30:49.638 INFO  x.myblog.controller.BaseController - 输入参数 {"title":"","keyWord":"","digest":"","id":"","user":"xuecl","operation":"save"}
20:30:49.654 INFO  com.zaxxer.hikari.HikariDataSource - HikariPool-1 - Starting...
20:30:49.889 INFO  com.zaxxer.hikari.pool.PoolBase - HikariPool-1 - Driver does not support get/set network timeout for connections. (com.mysql.jdbc.JDBC4Connection.getNetworkTimeout()I)
20:30:49.889 INFO  com.zaxxer.hikari.HikariDataSource - HikariPool-1 - Start completed.
20:30:49.982 ERROR x.myblog.controller.BaseController - PreparedStatementCallback; Column 'blogTitle' cannot be null; nested exception is com.mysql.jdbc.exceptions.jdbc4.MySQLIntegrityConstraintViolationException: Column 'blogTitle' cannot be null
20:30:49.982 ERROR x.myblog.controller.BaseController - org.springframework.jdbc.support.SQLExceptionSubclassTranslator.doTranslate(SQLExceptionSubclassTranslator.java:87)
org.springframework.jdbc.support.AbstractFallbackSQLExceptionTranslator.translate(AbstractFallbackSQLExceptionTranslator.java:72)
org.springframework.jdbc.support.AbstractFallbackSQLExceptionTranslator.translate(AbstractFallbackSQLExceptionTranslator.java:81)
org.springframework.jdbc.core.JdbcTemplate.translateException(JdbcTemplate.java:1443)
org.springframework.jdbc.core.JdbcTemplate.execute(JdbcTemplate.java:633)
org.springframework.jdbc.core.JdbcTemplate.update(JdbcTemplate.java:893)
xuecl.myblog.controller.BaseController.insert(BaseController.java:188)
xuecl.myblog.controller.BaseController.save(BaseController.java:175)
xuecl.myblog.controller.BaseController.baseController(BaseController.java:57)
sun.reflect.NativeMethodAccessorImpl.invoke0(Native Method)
sun.reflect.NativeMethodAccessorImpl.invoke(Unknown Source)
sun.reflect.DelegatingMethodAccessorImpl.invoke(Unknown Source)
java.lang.reflect.Method.invoke(Unknown Source)
org.springframework.web.method.support.InvocableHandlerMethod.doInvoke(InvocableHandlerMethod.java:190)
org.springframework.web.method.support.InvocableHandlerMethod.invokeForRequest(InvocableHandlerMethod.java:138)
org.springframework.web.servlet.mvc.method.annotation.ServletInvocableHandlerMethod.invokeAndHandle(ServletInvocableHandlerMethod.java:105)
org.springframework.web.servlet.mvc.method.annotation.RequestMappingHandlerAdapter.invokeHandlerMethod(RequestMappingHandlerAdapter.java:879)
org.springframework.web.servlet.mvc.method.annotation.RequestMappingHandlerAdapter.handleInternal(RequestMappingHandlerAdapter.java:793)
org.springframework.web.servlet.mvc.method.AbstractHandlerMethodAdapter.handle(AbstractHandlerMethodAdapter.java:87)
org.springframework.web.servlet.DispatcherServlet.doDispatch(DispatcherServlet.java:1040)
org.springframework.web.servlet.DispatcherServlet.doService(DispatcherServlet.java:943)
org.springframework.web.servlet.FrameworkServlet.processRequest(FrameworkServlet.java:1006)
org.springframework.web.servlet.FrameworkServlet.doPost(FrameworkServlet.java:909)
javax.servlet.http.HttpServlet.service(HttpServlet.java:660)
org.springframework.web.servlet.FrameworkServlet.service(FrameworkServlet.java:883)
javax.servlet.http.HttpServlet.service(HttpServlet.java:741)
org.apache.catalina.core.ApplicationFilterChain.internalDoFilter(ApplicationFilterChain.java:231)
org.apache.catalina.core.ApplicationFilterChain.doFilter(ApplicationFilterChain.java:166)
org.apache.tomcat.websocket.server.WsFilter.doFilter(WsFilter.java:53)
org.apache.catalina.core.ApplicationFilterChain.internalDoFilter(ApplicationFilterChain.java:193)
org.apache.catalina.core.ApplicationFilterChain.doFilter(ApplicationFilterChain.java:166)
xuecl.myblog.filter.AddAllowOriginHttpHeaderFilter.doFilter(AddAllowOriginHttpHeaderFilter.java:29)
org.apache.catalina.core.ApplicationFilterChain.internalDoFilter(ApplicationFilterChain.java:193)
org.apache.catalina.core.ApplicationFilterChain.doFilter(ApplicationFilterChain.java:166)
org.springframework.web.filter.RequestContextFilter.doFilterInternal(RequestContextFilter.java:100)
org.springframework.web.filter.OncePerRequestFilter.doFilter(OncePerRequestFilter.java:119)
org.apache.catalina.core.ApplicationFilterChain.internalDoFilter(ApplicationFilterChain.java:193)
org.apache.catalina.core.ApplicationFilterChain.doFilter(ApplicationFilterChain.java:166)
org.springframework.web.filter.FormContentFilter.doFilterInternal(FormContentFilter.java:93)
org.springframework.web.filter.OncePerRequestFilter.doFilter(OncePerRequestFilter.java:119)
org.apache.catalina.core.ApplicationFilterChain.internalDoFilter(ApplicationFilterChain.java:193)
org.apache.catalina.core.ApplicationFilterChain.doFilter(ApplicationFilterChain.java:166)
org.springframework.web.filter.CharacterEncodingFilter.doFilterInternal(CharacterEncodingFilter.java:201)
org.springframework.web.filter.OncePerRequestFilter.doFilter(OncePerRequestFilter.java:119)
org.apache.catalina.core.ApplicationFilterChain.internalDoFilter(ApplicationFilterChain.java:193)
org.apache.catalina.core.ApplicationFilterChain.doFilter(ApplicationFilterChain.java:166)
org.apache.catalina.core.StandardWrapperValve.invoke(StandardWrapperValve.java:202)
org.apache.catalina.core.StandardContextValve.invoke(StandardContextValve.java:96)
org.apache.catalina.authenticator.AuthenticatorBase.invoke(AuthenticatorBase.java:541)
org.apache.catalina.core.StandardHostValve.invoke(StandardHostValve.java:139)
org.apache.catalina.valves.ErrorReportValve.invoke(ErrorReportValve.java:92)
org.apache.catalina.core.StandardEngineValve.invoke(StandardEngineValve.java:74)
org.apache.catalina.connector.CoyoteAdapter.service(CoyoteAdapter.java:343)
org.apache.coyote.http11.Http11Processor.service(Http11Processor.java:373)
org.apache.coyote.AbstractProcessorLight.process(AbstractProcessorLight.java:65)
org.apache.coyote.AbstractProtocol$ConnectionHandler.process(AbstractProtocol.java:868)
org.apache.tomcat.util.net.NioEndpoint$SocketProcessor.doRun(NioEndpoint.java:1594)
org.apache.tomcat.util.net.SocketProcessorBase.run(SocketProcessorBase.java:49)
java.util.concurrent.ThreadPoolExecutor.runWorker(Unknown Source)
java.util.concurrent.ThreadPoolExecutor$Worker.run(Unknown Source)
org.apache.tomcat.util.threads.TaskThread$WrappingRunnable.run(TaskThread.java:61)
java.lang.Thread.run(Unknown Source)

22:05:49.271 INFO  xuecl.myblog.MyblogApplication - Starting MyblogApplication on DESKTOP-O9S7IM3 with PID 16348 (D:\Software\java-2019-062\workspace\myblog\target\classes started by xuecl in D:\Software\java-2019-062\workspace\myblog)
22:05:49.282 INFO  xuecl.myblog.MyblogApplication - No active profile set, falling back to default profiles: default
22:05:52.148 INFO  o.s.b.w.e.tomcat.TomcatWebServer - Tomcat initialized with port(s): 8080 (http)
22:05:52.174 INFO  o.a.coyote.http11.Http11NioProtocol - Initializing ProtocolHandler ["http-nio-8080"]
22:05:52.175 INFO  o.a.catalina.core.StandardService - Starting service [Tomcat]
22:05:52.176 INFO  o.a.catalina.core.StandardEngine - Starting Servlet engine: [Apache Tomcat/9.0.33]
22:05:52.351 INFO  o.a.c.c.C.[Tomcat].[localhost].[/] - Initializing Spring embedded WebApplicationContext
22:05:52.352 INFO  o.s.web.context.ContextLoader - Root WebApplicationContext: initialization completed in 2970 ms
22:05:52.907 INFO  o.s.s.c.ThreadPoolTaskExecutor - Initializing ExecutorService 'applicationTaskExecutor'
22:05:53.076 INFO  o.s.b.a.w.s.WelcomePageHandlerMapping - Adding welcome page: class path resource [static/index.html]
22:05:53.439 INFO  o.a.coyote.http11.Http11NioProtocol - Starting ProtocolHandler ["http-nio-8080"]
22:05:53.516 INFO  o.s.b.w.e.tomcat.TomcatWebServer - Tomcat started on port(s): 8080 (http) with context path ''
22:05:53.521 INFO  xuecl.myblog.MyblogApplication - Started MyblogApplication in 5.19 seconds (JVM running for 5.96)
22:10:45.060 INFO  o.a.c.c.C.[Tomcat].[localhost].[/] - Initializing Spring DispatcherServlet 'dispatcherServlet'
22:10:45.060 INFO  o.s.web.servlet.DispatcherServlet - Initializing Servlet 'dispatcherServlet'
22:10:45.072 INFO  o.s.web.servlet.DispatcherServlet - Completed initialization in 12 ms
22:10:45.179 INFO  x.myblog.controller.BaseController - {"title":"","keyWord":"","modifyDate":"","operation":"query"}
22:10:45.220 INFO  x.myblog.controller.BaseController - 输入参数 {"title":"","keyWord":"","modifyDate":"","operation":"query"}
22:10:45.220 INFO  x.myblog.controller.BaseController - queryConditionSql:  1 = 1 
22:10:45.229 INFO  com.zaxxer.hikari.HikariDataSource - HikariPool-1 - Starting...
22:10:45.535 INFO  com.zaxxer.hikari.pool.PoolBase - HikariPool-1 - Driver does not support get/set network timeout for connections. (com.mysql.jdbc.JDBC4Connection.getNetworkTimeout()I)
22:10:45.539 INFO  com.zaxxer.hikari.HikariDataSource - HikariPool-1 - Start completed.
22:19:16.728 INFO  x.myblog.controller.BaseController - {"title":"","keyWord":"","modifyDate":"","operation":"query"}
22:19:16.729 INFO  x.myblog.controller.BaseController - 输入参数 {"title":"","keyWord":"","modifyDate":"","operation":"query"}
22:19:16.729 INFO  x.myblog.controller.BaseController - queryConditionSql:  1 = 1 
22:22:51.937 INFO  x.myblog.controller.BaseController - {"title":"","keyWord":"","modifyDate":"","operation":"query"}
22:22:51.938 INFO  x.myblog.controller.BaseController - 输入参数 {"title":"","keyWord":"","modifyDate":"","operation":"query"}
22:22:51.938 INFO  x.myblog.controller.BaseController - queryConditionSql:  1 = 1 
22:28:12.076 INFO  x.myblog.controller.BaseController - {"title":"","keyWord":"","modifyDate":"","operation":"query"}
22:28:12.077 INFO  x.myblog.controller.BaseController - 输入参数 {"title":"","keyWord":"","modifyDate":"","operation":"query"}
22:28:12.078 INFO  x.myblog.controller.BaseController - queryConditionSql:  1 = 1 
22:41:54.297 INFO  x.myblog.controller.BaseController - {"title":"123","user":"xuecl","operation":"save"}
22:41:54.298 INFO  x.myblog.controller.BaseController - 输入参数 {"title":"123","user":"xuecl","operation":"save"}
22:44:16.349 INFO  x.myblog.controller.BaseController - {"title":"123","user":"xuecl","operation":"save"}
22:44:16.350 INFO  x.myblog.controller.BaseController - 输入参数 {"title":"123","user":"xuecl","operation":"save"}
22:44:16.838 ERROR x.myblog.controller.BaseController - PreparedStatementCallback; Duplicate entry '123' for key 'blogTitle_UNIQUE'; nested exception is com.mysql.jdbc.exceptions.jdbc4.MySQLIntegrityConstraintViolationException: Duplicate entry '123' for key 'blogTitle_UNIQUE'
22:44:16.838 ERROR x.myblog.controller.BaseController - org.springframework.jdbc.support.SQLErrorCodeSQLExceptionTranslator.doTranslate(SQLErrorCodeSQLExceptionTranslator.java:243)
org.springframework.jdbc.support.AbstractFallbackSQLExceptionTranslator.translate(AbstractFallbackSQLExceptionTranslator.java:72)
org.springframework.jdbc.core.JdbcTemplate.translateException(JdbcTemplate.java:1443)
org.springframework.jdbc.core.JdbcTemplate.execute(JdbcTemplate.java:633)
org.springframework.jdbc.core.JdbcTemplate.update(JdbcTemplate.java:893)
xuecl.myblog.controller.BaseController.insert(BaseController.java:188)
xuecl.myblog.controller.BaseController.save(BaseController.java:175)
xuecl.myblog.controller.BaseController.baseController(BaseController.java:57)
sun.reflect.NativeMethodAccessorImpl.invoke0(Native Method)
sun.reflect.NativeMethodAccessorImpl.invoke(Unknown Source)
sun.reflect.DelegatingMethodAccessorImpl.invoke(Unknown Source)
java.lang.reflect.Method.invoke(Unknown Source)
org.springframework.web.method.support.InvocableHandlerMethod.doInvoke(InvocableHandlerMethod.java:190)
org.springframework.web.method.support.InvocableHandlerMethod.invokeForRequest(InvocableHandlerMethod.java:138)
org.springframework.web.servlet.mvc.method.annotation.ServletInvocableHandlerMethod.invokeAndHandle(ServletInvocableHandlerMethod.java:105)
org.springframework.web.servlet.mvc.method.annotation.RequestMappingHandlerAdapter.invokeHandlerMethod(RequestMappingHandlerAdapter.java:879)
org.springframework.web.servlet.mvc.method.annotation.RequestMappingHandlerAdapter.handleInternal(RequestMappingHandlerAdapter.java:793)
org.springframework.web.servlet.mvc.method.AbstractHandlerMethodAdapter.handle(AbstractHandlerMethodAdapter.java:87)
org.springframework.web.servlet.DispatcherServlet.doDispatch(DispatcherServlet.java:1040)
org.springframework.web.servlet.DispatcherServlet.doService(DispatcherServlet.java:943)
org.springframework.web.servlet.FrameworkServlet.processRequest(FrameworkServlet.java:1006)
org.springframework.web.servlet.FrameworkServlet.doPost(FrameworkServlet.java:909)
javax.servlet.http.HttpServlet.service(HttpServlet.java:660)
org.springframework.web.servlet.FrameworkServlet.service(FrameworkServlet.java:883)
javax.servlet.http.HttpServlet.service(HttpServlet.java:741)
org.apache.catalina.core.ApplicationFilterChain.internalDoFilter(ApplicationFilterChain.java:231)
org.apache.catalina.core.ApplicationFilterChain.doFilter(ApplicationFilterChain.java:166)
org.apache.tomcat.websocket.server.WsFilter.doFilter(WsFilter.java:53)
org.apache.catalina.core.ApplicationFilterChain.internalDoFilter(ApplicationFilterChain.java:193)
org.apache.catalina.core.ApplicationFilterChain.doFilter(ApplicationFilterChain.java:166)
xuecl.myblog.filter.AddAllowOriginHttpHeaderFilter.doFilter(AddAllowOriginHttpHeaderFilter.java:29)
org.apache.catalina.core.ApplicationFilterChain.internalDoFilter(ApplicationFilterChain.java:193)
org.apache.catalina.core.ApplicationFilterChain.doFilter(ApplicationFilterChain.java:166)
org.springframework.web.filter.RequestContextFilter.doFilterInternal(RequestContextFilter.java:100)
org.springframework.web.filter.OncePerRequestFilter.doFilter(OncePerRequestFilter.java:119)
org.apache.catalina.core.ApplicationFilterChain.internalDoFilter(ApplicationFilterChain.java:193)
org.apache.catalina.core.ApplicationFilterChain.doFilter(ApplicationFilterChain.java:166)
org.springframework.web.filter.FormContentFilter.doFilterInternal(FormContentFilter.java:93)
org.springframework.web.filter.OncePerRequestFilter.doFilter(OncePerRequestFilter.java:119)
org.apache.catalina.core.ApplicationFilterChain.internalDoFilter(ApplicationFilterChain.java:193)
org.apache.catalina.core.ApplicationFilterChain.doFilter(ApplicationFilterChain.java:166)
org.springframework.web.filter.CharacterEncodingFilter.doFilterInternal(CharacterEncodingFilter.java:201)
org.springframework.web.filter.OncePerRequestFilter.doFilter(OncePerRequestFilter.java:119)
org.apache.catalina.core.ApplicationFilterChain.internalDoFilter(ApplicationFilterChain.java:193)
org.apache.catalina.core.ApplicationFilterChain.doFilter(ApplicationFilterChain.java:166)
org.apache.catalina.core.StandardWrapperValve.invoke(StandardWrapperValve.java:202)
org.apache.catalina.core.StandardContextValve.invoke(StandardContextValve.java:96)
org.apache.catalina.authenticator.AuthenticatorBase.invoke(AuthenticatorBase.java:541)
org.apache.catalina.core.StandardHostValve.invoke(StandardHostValve.java:139)
org.apache.catalina.valves.ErrorReportValve.invoke(ErrorReportValve.java:92)
org.apache.catalina.core.StandardEngineValve.invoke(StandardEngineValve.java:74)
org.apache.catalina.connector.CoyoteAdapter.service(CoyoteAdapter.java:343)
org.apache.coyote.http11.Http11Processor.service(Http11Processor.java:373)
org.apache.coyote.AbstractProcessorLight.process(AbstractProcessorLight.java:65)
org.apache.coyote.AbstractProtocol$ConnectionHandler.process(AbstractProtocol.java:868)
org.apache.tomcat.util.net.NioEndpoint$SocketProcessor.doRun(NioEndpoint.java:1594)
org.apache.tomcat.util.net.SocketProcessorBase.run(SocketProcessorBase.java:49)
java.util.concurrent.ThreadPoolExecutor.runWorker(Unknown Source)
java.util.concurrent.ThreadPoolExecutor$Worker.run(Unknown Source)
org.apache.tomcat.util.threads.TaskThread$WrappingRunnable.run(TaskThread.java:61)
java.lang.Thread.run(Unknown Source)

22:44:20.084 INFO  x.myblog.controller.BaseController - {"title":"1234","user":"xuecl","operation":"save"}
22:44:20.085 INFO  x.myblog.controller.BaseController - 输入参数 {"title":"1234","user":"xuecl","operation":"save"}
22:51:07.842 INFO  x.myblog.controller.BaseController - {"title":"","keyWord":"","modifyDate":"","operation":"query"}
22:51:07.844 INFO  x.myblog.controller.BaseController - 输入参数 {"title":"","keyWord":"","modifyDate":"","operation":"query"}
22:51:07.845 INFO  x.myblog.controller.BaseController - queryConditionSql:  1 = 1 
22:52:10.697 INFO  x.myblog.controller.BaseController - {"title":"","keyWord":"","modifyDate":"","operation":"query"}
22:52:10.698 INFO  x.myblog.controller.BaseController - 输入参数 {"title":"","keyWord":"","modifyDate":"","operation":"query"}
22:52:10.698 INFO  x.myblog.controller.BaseController - queryConditionSql:  1 = 1 
22:53:44.221 INFO  x.myblog.controller.BaseController - {"title":"","keyWord":"","modifyDate":"","operation":"query"}
22:53:44.222 INFO  x.myblog.controller.BaseController - 输入参数 {"title":"","keyWord":"","modifyDate":"","operation":"query"}
22:53:44.222 INFO  x.myblog.controller.BaseController - queryConditionSql:  1 = 1 
22:58:22.939 INFO  x.myblog.controller.BaseController - {"title":"","keyWord":"","modifyDate":"","operation":"query"}
22:58:22.940 INFO  x.myblog.controller.BaseController - 输入参数 {"title":"","keyWord":"","modifyDate":"","operation":"query"}
22:58:22.940 INFO  x.myblog.controller.BaseController - queryConditionSql:  1 = 1 
22:58:44.448 INFO  x.myblog.controller.BaseController - {"id":30,"title":"123","keyWord":"123sfsaf","digest":"fs fsa","user":"xuecl","operation":"save"}
22:58:44.451 INFO  x.myblog.controller.BaseController - 输入参数 {"id":30,"title":"123","keyWord":"123sfsaf","digest":"fs fsa","user":"xuecl","operation":"save"}
23:11:28.414 INFO  x.myblog.controller.BaseController - {"title":"","keyWord":"","modifyDate":"","operation":"query"}
23:11:28.416 INFO  x.myblog.controller.BaseController - 输入参数 {"title":"","keyWord":"","modifyDate":"","operation":"query"}
23:11:28.416 INFO  x.myblog.controller.BaseController - queryConditionSql:  1 = 1 
23:12:33.095 INFO  x.myblog.controller.BaseController - {"title":"","keyWord":"","modifyDate":"","operation":"query"}
23:12:33.096 INFO  x.myblog.controller.BaseController - 输入参数 {"title":"","keyWord":"","modifyDate":"","operation":"query"}
23:12:33.096 INFO  x.myblog.controller.BaseController - queryConditionSql:  1 = 1 
23:12:39.210 INFO  x.myblog.controller.BaseController - {"id":29,"title":"111","keyWord":"222","digest":"333","user":"xuecl","operation":"save"}
23:12:39.211 INFO  x.myblog.controller.BaseController - 输入参数 {"id":29,"title":"111","keyWord":"222","digest":"333","user":"xuecl","operation":"save"}
23:15:26.581 INFO  x.myblog.controller.BaseController - {"title":"","keyWord":"","modifyDate":"","operation":"query"}
23:15:26.582 INFO  x.myblog.controller.BaseController - 输入参数 {"title":"","keyWord":"","modifyDate":"","operation":"query"}
23:15:26.582 INFO  x.myblog.controller.BaseController - queryConditionSql:  1 = 1 
23:15:35.227 INFO  x.myblog.controller.BaseController - {"id":29,"title":"1111","keyWord":"2222","digest":"3333","user":"xuecl","operation":"save"}
23:15:35.228 INFO  x.myblog.controller.BaseController - 输入参数 {"id":29,"title":"1111","keyWord":"2222","digest":"3333","user":"xuecl","operation":"save"}
23:17:35.436 INFO  x.myblog.controller.BaseController - {"title":"","keyWord":"","modifyDate":"","operation":"query"}
23:17:35.437 INFO  x.myblog.controller.BaseController - 输入参数 {"title":"","keyWord":"","modifyDate":"","operation":"query"}
23:17:35.438 INFO  x.myblog.controller.BaseController - queryConditionSql:  1 = 1 
23:17:45.308 INFO  x.myblog.controller.BaseController - {"id":29,"title":"11111","keyWord":"22222","digest":"33333","user":"xuecl","operation":"save"}
23:17:45.310 INFO  x.myblog.controller.BaseController - 输入参数 {"id":29,"title":"11111","keyWord":"22222","digest":"33333","user":"xuecl","operation":"save"}
23:17:45.356 INFO  x.myblog.controller.BaseController - {"title":"","keyWord":"","modifyDate":"","operation":"query"}
23:17:45.357 INFO  x.myblog.controller.BaseController - 输入参数 {"title":"","keyWord":"","modifyDate":"","operation":"query"}
23:17:45.357 INFO  x.myblog.controller.BaseController - queryConditionSql:  1 = 1 
23:20:40.923 INFO  x.myblog.controller.BaseController - {"title":"","keyWord":"","modifyDate":"","operation":"query"}
23:20:40.924 INFO  x.myblog.controller.BaseController - 输入参数 {"title":"","keyWord":"","modifyDate":"","operation":"query"}
23:20:40.925 INFO  x.myblog.controller.BaseController - queryConditionSql:  1 = 1 
23:20:46.342 INFO  x.myblog.controller.BaseController - {"id":30,"operation":"delete"}
23:20:46.343 INFO  x.myblog.controller.BaseController - 输入参数 {"id":30,"operation":"delete"}
23:20:46.458 INFO  x.myblog.controller.BaseController - {"title":"","keyWord":"","modifyDate":"","operation":"query"}
23:20:46.460 INFO  x.myblog.controller.BaseController - 输入参数 {"title":"","keyWord":"","modifyDate":"","operation":"query"}
23:20:46.460 INFO  x.myblog.controller.BaseController - queryConditionSql:  1 = 1 
23:20:51.574 INFO  x.myblog.controller.BaseController - {"id":29,"operation":"delete"}
23:20:51.575 INFO  x.myblog.controller.BaseController - 输入参数 {"id":29,"operation":"delete"}
23:20:51.667 INFO  x.myblog.controller.BaseController - {"title":"","keyWord":"","modifyDate":"","operation":"query"}
23:20:51.668 INFO  x.myblog.controller.BaseController - 输入参数 {"title":"","keyWord":"","modifyDate":"","operation":"query"}
23:20:51.668 INFO  x.myblog.controller.BaseController - queryConditionSql:  1 = 1 
23:20:54.126 INFO  x.myblog.controller.BaseController - {"id":32,"operation":"delete"}
23:20:54.127 INFO  x.myblog.controller.BaseController - 输入参数 {"id":32,"operation":"delete"}
23:20:54.208 INFO  x.myblog.controller.BaseController - {"title":"","keyWord":"","modifyDate":"","operation":"query"}
23:20:54.209 INFO  x.myblog.controller.BaseController - 输入参数 {"title":"","keyWord":"","modifyDate":"","operation":"query"}
23:20:54.209 INFO  x.myblog.controller.BaseController - queryConditionSql:  1 = 1 
23:20:56.734 INFO  x.myblog.controller.BaseController - {"id":28,"operation":"delete"}
23:20:56.735 INFO  x.myblog.controller.BaseController - 输入参数 {"id":28,"operation":"delete"}
23:20:56.810 INFO  x.myblog.controller.BaseController - {"title":"","keyWord":"","modifyDate":"","operation":"query"}
23:20:56.811 INFO  x.myblog.controller.BaseController - 输入参数 {"title":"","keyWord":"","modifyDate":"","operation":"query"}
23:20:56.811 INFO  x.myblog.controller.BaseController - queryConditionSql:  1 = 1 
23:25:31.806 INFO  x.myblog.controller.BaseController - {"title":"123","keyWord":"123","digest":"123","user":"xuecl","operation":"save"}
23:25:31.807 INFO  x.myblog.controller.BaseController - 输入参数 {"title":"123","keyWord":"123","digest":"123","user":"xuecl","operation":"save"}
23:25:31.889 ERROR x.myblog.controller.BaseController - PreparedStatementCallback; Duplicate entry '123' for key 'blogTitle_UNIQUE'; nested exception is com.mysql.jdbc.exceptions.jdbc4.MySQLIntegrityConstraintViolationException: Duplicate entry '123' for key 'blogTitle_UNIQUE'
23:25:31.889 ERROR x.myblog.controller.BaseController - org.springframework.jdbc.support.SQLErrorCodeSQLExceptionTranslator.doTranslate(SQLErrorCodeSQLExceptionTranslator.java:243)
org.springframework.jdbc.support.AbstractFallbackSQLExceptionTranslator.translate(AbstractFallbackSQLExceptionTranslator.java:72)
org.springframework.jdbc.core.JdbcTemplate.translateException(JdbcTemplate.java:1443)
org.springframework.jdbc.core.JdbcTemplate.execute(JdbcTemplate.java:633)
org.springframework.jdbc.core.JdbcTemplate.update(JdbcTemplate.java:893)
xuecl.myblog.controller.BaseController.insert(BaseController.java:188)
xuecl.myblog.controller.BaseController.save(BaseController.java:175)
xuecl.myblog.controller.BaseController.baseController(BaseController.java:57)
sun.reflect.GeneratedMethodAccessor24.invoke(Unknown Source)
sun.reflect.DelegatingMethodAccessorImpl.invoke(Unknown Source)
java.lang.reflect.Method.invoke(Unknown Source)
org.springframework.web.method.support.InvocableHandlerMethod.doInvoke(InvocableHandlerMethod.java:190)
org.springframework.web.method.support.InvocableHandlerMethod.invokeForRequest(InvocableHandlerMethod.java:138)
org.springframework.web.servlet.mvc.method.annotation.ServletInvocableHandlerMethod.invokeAndHandle(ServletInvocableHandlerMethod.java:105)
org.springframework.web.servlet.mvc.method.annotation.RequestMappingHandlerAdapter.invokeHandlerMethod(RequestMappingHandlerAdapter.java:879)
org.springframework.web.servlet.mvc.method.annotation.RequestMappingHandlerAdapter.handleInternal(RequestMappingHandlerAdapter.java:793)
org.springframework.web.servlet.mvc.method.AbstractHandlerMethodAdapter.handle(AbstractHandlerMethodAdapter.java:87)
org.springframework.web.servlet.DispatcherServlet.doDispatch(DispatcherServlet.java:1040)
org.springframework.web.servlet.DispatcherServlet.doService(DispatcherServlet.java:943)
org.springframework.web.servlet.FrameworkServlet.processRequest(FrameworkServlet.java:1006)
org.springframework.web.servlet.FrameworkServlet.doPost(FrameworkServlet.java:909)
javax.servlet.http.HttpServlet.service(HttpServlet.java:660)
org.springframework.web.servlet.FrameworkServlet.service(FrameworkServlet.java:883)
javax.servlet.http.HttpServlet.service(HttpServlet.java:741)
org.apache.catalina.core.ApplicationFilterChain.internalDoFilter(ApplicationFilterChain.java:231)
org.apache.catalina.core.ApplicationFilterChain.doFilter(ApplicationFilterChain.java:166)
org.apache.tomcat.websocket.server.WsFilter.doFilter(WsFilter.java:53)
org.apache.catalina.core.ApplicationFilterChain.internalDoFilter(ApplicationFilterChain.java:193)
org.apache.catalina.core.ApplicationFilterChain.doFilter(ApplicationFilterChain.java:166)
xuecl.myblog.filter.AddAllowOriginHttpHeaderFilter.doFilter(AddAllowOriginHttpHeaderFilter.java:29)
org.apache.catalina.core.ApplicationFilterChain.internalDoFilter(ApplicationFilterChain.java:193)
org.apache.catalina.core.ApplicationFilterChain.doFilter(ApplicationFilterChain.java:166)
org.springframework.web.filter.RequestContextFilter.doFilterInternal(RequestContextFilter.java:100)
org.springframework.web.filter.OncePerRequestFilter.doFilter(OncePerRequestFilter.java:119)
org.apache.catalina.core.ApplicationFilterChain.internalDoFilter(ApplicationFilterChain.java:193)
org.apache.catalina.core.ApplicationFilterChain.doFilter(ApplicationFilterChain.java:166)
org.springframework.web.filter.FormContentFilter.doFilterInternal(FormContentFilter.java:93)
org.springframework.web.filter.OncePerRequestFilter.doFilter(OncePerRequestFilter.java:119)
org.apache.catalina.core.ApplicationFilterChain.internalDoFilter(ApplicationFilterChain.java:193)
org.apache.catalina.core.ApplicationFilterChain.doFilter(ApplicationFilterChain.java:166)
org.springframework.web.filter.CharacterEncodingFilter.doFilterInternal(CharacterEncodingFilter.java:201)
org.springframework.web.filter.OncePerRequestFilter.doFilter(OncePerRequestFilter.java:119)
org.apache.catalina.core.ApplicationFilterChain.internalDoFilter(ApplicationFilterChain.java:193)
org.apache.catalina.core.ApplicationFilterChain.doFilter(ApplicationFilterChain.java:166)
org.apache.catalina.core.StandardWrapperValve.invoke(StandardWrapperValve.java:202)
org.apache.catalina.core.StandardContextValve.invoke(StandardContextValve.java:96)
org.apache.catalina.authenticator.AuthenticatorBase.invoke(AuthenticatorBase.java:541)
org.apache.catalina.core.StandardHostValve.invoke(StandardHostValve.java:139)
org.apache.catalina.valves.ErrorReportValve.invoke(ErrorReportValve.java:92)
org.apache.catalina.core.StandardEngineValve.invoke(StandardEngineValve.java:74)
org.apache.catalina.connector.CoyoteAdapter.service(CoyoteAdapter.java:343)
org.apache.coyote.http11.Http11Processor.service(Http11Processor.java:373)
org.apache.coyote.AbstractProcessorLight.process(AbstractProcessorLight.java:65)
org.apache.coyote.AbstractProtocol$ConnectionHandler.process(AbstractProtocol.java:868)
org.apache.tomcat.util.net.NioEndpoint$SocketProcessor.doRun(NioEndpoint.java:1594)
org.apache.tomcat.util.net.SocketProcessorBase.run(SocketProcessorBase.java:49)
java.util.concurrent.ThreadPoolExecutor.runWorker(Unknown Source)
java.util.concurrent.ThreadPoolExecutor$Worker.run(Unknown Source)
org.apache.tomcat.util.threads.TaskThread$WrappingRunnable.run(TaskThread.java:61)
java.lang.Thread.run(Unknown Source)

