17:48:15.065 INFO  xuecl.myblog.MyblogApplication - Starting MyblogApplication on DESKTOP-O9S7IM3 with PID 9620 (D:\Software\java-2019-062\workspace\myblog\target\classes started by xuecl in D:\Software\java-2019-062\workspace\myblog)
17:48:15.068 INFO  xuecl.myblog.MyblogApplication - No active profile set, falling back to default profiles: default
17:48:17.190 INFO  o.s.b.w.e.tomcat.TomcatWebServer - Tomcat initialized with port(s): 8080 (http)
17:48:17.216 INFO  o.a.coyote.http11.Http11NioProtocol - Initializing ProtocolHandler ["http-nio-8080"]
17:48:17.217 INFO  o.a.catalina.core.StandardService - Starting service [Tomcat]
17:48:17.218 INFO  o.a.catalina.core.StandardEngine - Starting Servlet engine: [Apache Tomcat/9.0.33]
17:48:17.378 INFO  o.a.c.c.C.[Tomcat].[localhost].[/] - Initializing Spring embedded WebApplicationContext
17:48:17.378 INFO  o.s.web.context.ContextLoader - Root WebApplicationContext: initialization completed in 2225 ms
17:48:17.753 INFO  o.s.s.c.ThreadPoolTaskExecutor - Initializing ExecutorService 'applicationTaskExecutor'
17:48:17.904 INFO  o.s.b.a.w.s.WelcomePageHandlerMapping - Adding welcome page: class path resource [static/index.html]
17:48:18.105 INFO  o.a.coyote.http11.Http11NioProtocol - Starting ProtocolHandler ["http-nio-8080"]
17:48:18.145 INFO  o.s.b.w.e.tomcat.TomcatWebServer - Tomcat started on port(s): 8080 (http) with context path ''
17:48:18.150 INFO  xuecl.myblog.MyblogApplication - Started MyblogApplication in 3.847 seconds (JVM running for 4.472)
17:52:23.534 INFO  o.a.c.c.C.[Tomcat].[localhost].[/] - Initializing Spring DispatcherServlet 'dispatcherServlet'
17:52:23.534 INFO  o.s.web.servlet.DispatcherServlet - Initializing Servlet 'dispatcherServlet'
17:52:23.577 INFO  o.s.web.servlet.DispatcherServlet - Completed initialization in 42 ms
17:52:23.837 INFO  x.myblog.controller.BaseController - {"title":"","keyWord":"","modifyDate":"","operation":"query"}
17:52:23.907 INFO  x.myblog.controller.BaseController - 输入参数 {"title":"","keyWord":"","modifyDate":"","operation":"query"}
17:52:23.907 INFO  x.myblog.controller.BaseController - queryConditionSql:  1 = 1 
17:52:23.942 INFO  com.zaxxer.hikari.HikariDataSource - HikariPool-1 - Starting...
17:52:24.322 INFO  com.zaxxer.hikari.pool.PoolBase - HikariPool-1 - Driver does not support get/set network timeout for connections. (com.mysql.jdbc.JDBC4Connection.getNetworkTimeout()I)
17:52:24.329 INFO  com.zaxxer.hikari.HikariDataSource - HikariPool-1 - Start completed.
17:52:27.296 INFO  x.myblog.controller.BaseController - {"operation":"queryById","id":60}
17:52:27.299 INFO  x.myblog.controller.BaseController - 输入参数 {"operation":"queryById","id":60}
17:53:26.594 INFO  x.myblog.controller.BaseController - {"id":60,"title":"优先度事项","keyWord":null,"content":"* [ ] git的学习，毕竟没有代码管理工具没法更新代码\n* [ ] 新增blog时，原本已删除的标题也不能使用的bug修复下\n* [ ] 查看的页面完成，查看文章的时候没有必要将编辑部分也展示出来。看有没有办法像网上的那些教程一样在查看的时候分成一节一节的\n    * 查询页面和编辑页面可以使用同一个vue文件\n    * 先进入查询页面，在查询页面中可以切换为编辑模式\n* [x] 劫持ctrl s快捷键用于保存文章\n* [ ] 每个api加上防抖\n* [ ] 文章保存完成之前如果退出页面要有提示\n    * 每次保存的时候，后端把保存后的内容返回，前端存储。\n    * 前端要退出的时候将编辑器里的内容同之前后端返回的内容对比看是否一致,不一致要提示\n* [ ] electron的学习，好像能将前端项目打包成exe\n* [ ] 考虑下备份功能，程序有bug的话一不下心就把内容全删了，坑的一笔\n* [ ] 考虑下新的功能模块。随想，知识，action-list应该分为三个模块\n* [ ] 后端的日志考虑下怎么打印更合理，每个功能或者每个接口单独输出日志？\n* [ ] 学习下后端项目要怎么部署，不能每次开eclipse启动项目。部署之后要检查下图片的路径，和之前可能会不一样\n* [ ] 增加登陆功能\n* [ ] 项目美化下，能不能弄个黑色背景？","digest":"项目的优先度列表","user":"xuecl","operation":"save"}
17:53:26.596 INFO  x.myblog.controller.BaseController - 输入参数 {"id":60,"title":"优先度事项","keyWord":null,"content":"* [ ] git的学习，毕竟没有代码管理工具没法更新代码\n* [ ] 新增blog时，原本已删除的标题也不能使用的bug修复下\n* [ ] 查看的页面完成，查看文章的时候没有必要将编辑部分也展示出来。看有没有办法像网上的那些教程一样在查看的时候分成一节一节的\n    * 查询页面和编辑页面可以使用同一个vue文件\n    * 先进入查询页面，在查询页面中可以切换为编辑模式\n* [x] 劫持ctrl s快捷键用于保存文章\n* [ ] 每个api加上防抖\n* [ ] 文章保存完成之前如果退出页面要有提示\n    * 每次保存的时候，后端把保存后的内容返回，前端存储。\n    * 前端要退出的时候将编辑器里的内容同之前后端返回的内容对比看是否一致,不一致要提示\n* [ ] electron的学习，好像能将前端项目打包成exe\n* [ ] 考虑下备份功能，程序有bug的话一不下心就把内容全删了，坑的一笔\n* [ ] 考虑下新的功能模块。随想，知识，action-list应该分为三个模块\n* [ ] 后端的日志考虑下怎么打印更合理，每个功能或者每个接口单独输出日志？\n* [ ] 学习下后端项目要怎么部署，不能每次开eclipse启动项目。部署之后要检查下图片的路径，和之前可能会不一样\n* [ ] 增加登陆功能\n* [ ] 项目美化下，能不能弄个黑色背景？","digest":"项目的优先度列表","user":"xuecl","operation":"save"}
18:02:16.162 INFO  xuecl.myblog.MyblogApplication - Starting MyblogApplication on DESKTOP-O9S7IM3 with PID 12300 (D:\Software\java-2019-062\workspace\myblog\target\classes started by xuecl in D:\Software\java-2019-062\workspace\myblog)
18:02:16.168 INFO  xuecl.myblog.MyblogApplication - No active profile set, falling back to default profiles: default
18:02:18.331 INFO  o.s.b.w.e.tomcat.TomcatWebServer - Tomcat initialized with port(s): 8080 (http)
18:02:18.347 INFO  o.a.coyote.http11.Http11NioProtocol - Initializing ProtocolHandler ["http-nio-8080"]
18:02:18.348 INFO  o.a.catalina.core.StandardService - Starting service [Tomcat]
18:02:18.348 INFO  o.a.catalina.core.StandardEngine - Starting Servlet engine: [Apache Tomcat/9.0.33]
18:02:18.647 INFO  o.a.c.c.C.[Tomcat].[localhost].[/] - Initializing Spring embedded WebApplicationContext
18:02:18.647 INFO  o.s.web.context.ContextLoader - Root WebApplicationContext: initialization completed in 2375 ms
18:02:19.545 INFO  o.s.s.c.ThreadPoolTaskExecutor - Initializing ExecutorService 'applicationTaskExecutor'
18:02:19.699 INFO  o.s.b.a.w.s.WelcomePageHandlerMapping - Adding welcome page: class path resource [static/index.html]
18:02:19.903 INFO  o.a.coyote.http11.Http11NioProtocol - Starting ProtocolHandler ["http-nio-8080"]
18:02:19.946 INFO  o.s.b.w.e.tomcat.TomcatWebServer - Tomcat started on port(s): 8080 (http) with context path ''
18:02:19.951 INFO  xuecl.myblog.MyblogApplication - Started MyblogApplication in 4.529 seconds (JVM running for 5.138)
18:02:28.760 INFO  o.a.c.c.C.[Tomcat].[localhost].[/] - Initializing Spring DispatcherServlet 'dispatcherServlet'
18:02:28.760 INFO  o.s.web.servlet.DispatcherServlet - Initializing Servlet 'dispatcherServlet'
18:02:28.773 INFO  o.s.web.servlet.DispatcherServlet - Completed initialization in 13 ms
18:02:28.845 INFO  x.myblog.controller.BaseController - {"title":"123","keyWord":"123","digest":"123","user":"xuecl","operation":"save"}
18:02:28.896 INFO  x.myblog.controller.BaseController - 输入参数 {"title":"123","keyWord":"123","digest":"123","user":"xuecl","operation":"save"}
18:02:28.896 INFO  x.myblog.controller.BaseController - queryConditionSql: blogTitle='123'  
18:02:28.904 INFO  com.zaxxer.hikari.HikariDataSource - HikariPool-1 - Starting...
18:02:29.212 INFO  com.zaxxer.hikari.pool.PoolBase - HikariPool-1 - Driver does not support get/set network timeout for connections. (com.mysql.jdbc.JDBC4Connection.getNetworkTimeout()I)
18:02:29.216 INFO  com.zaxxer.hikari.HikariDataSource - HikariPool-1 - Start completed.
18:02:29.235 ERROR x.myblog.controller.BaseController - 新增的文章标题已存在
18:02:29.236 ERROR x.myblog.controller.BaseController - xuecl.myblog.controller.BaseController.save(BaseController.java:215)
xuecl.myblog.controller.BaseController.baseController(BaseController.java:69)
sun.reflect.NativeMethodAccessorImpl.invoke0(Native Method)
sun.reflect.NativeMethodAccessorImpl.invoke(Unknown Source)
sun.reflect.DelegatingMethodAccessorImpl.invoke(Unknown Source)
java.lang.reflect.Method.invoke(Unknown Source)
org.springframework.web.method.support.InvocableHandlerMethod.doInvoke(InvocableHandlerMethod.java:190)
org.springframework.web.method.support.InvocableHandlerMethod.invokeForRequest(InvocableHandlerMethod.java:138)
org.springframework.web.servlet.mvc.method.annotation.ServletInvocableHandlerMethod.invokeAndHandle(ServletInvocableHandlerMethod.java:105)
org.springframework.web.servlet.mvc.method.annotation.RequestMappingHandlerAdapter.invokeHandlerMethod(RequestMappingHandlerAdapter.java:879)
org.springframework.web.servlet.mvc.method.annotation.RequestMappingHandlerAdapter.handleInternal(RequestMappingHandlerAdapter.java:793)
org.springframework.web.servlet.mvc.method.AbstractHandlerMethodAdapter.handle(AbstractHandlerMethodAdapter.java:87)
org.springframework.web.servlet.DispatcherServlet.doDispatch(DispatcherServlet.java:1040)
org.springframework.web.servlet.DispatcherServlet.doService(DispatcherServlet.java:943)
org.springframework.web.servlet.FrameworkServlet.processRequest(FrameworkServlet.java:1006)
org.springframework.web.servlet.FrameworkServlet.doPost(FrameworkServlet.java:909)
javax.servlet.http.HttpServlet.service(HttpServlet.java:660)
org.springframework.web.servlet.FrameworkServlet.service(FrameworkServlet.java:883)
javax.servlet.http.HttpServlet.service(HttpServlet.java:741)
org.apache.catalina.core.ApplicationFilterChain.internalDoFilter(ApplicationFilterChain.java:231)
org.apache.catalina.core.ApplicationFilterChain.doFilter(ApplicationFilterChain.java:166)
org.apache.tomcat.websocket.server.WsFilter.doFilter(WsFilter.java:53)
org.apache.catalina.core.ApplicationFilterChain.internalDoFilter(ApplicationFilterChain.java:193)
org.apache.catalina.core.ApplicationFilterChain.doFilter(ApplicationFilterChain.java:166)
xuecl.myblog.filter.AddAllowOriginHttpHeaderFilter.doFilter(AddAllowOriginHttpHeaderFilter.java:29)
org.apache.catalina.core.ApplicationFilterChain.internalDoFilter(ApplicationFilterChain.java:193)
org.apache.catalina.core.ApplicationFilterChain.doFilter(ApplicationFilterChain.java:166)
org.springframework.web.filter.RequestContextFilter.doFilterInternal(RequestContextFilter.java:100)
org.springframework.web.filter.OncePerRequestFilter.doFilter(OncePerRequestFilter.java:119)
org.apache.catalina.core.ApplicationFilterChain.internalDoFilter(ApplicationFilterChain.java:193)
org.apache.catalina.core.ApplicationFilterChain.doFilter(ApplicationFilterChain.java:166)
org.springframework.web.filter.FormContentFilter.doFilterInternal(FormContentFilter.java:93)
org.springframework.web.filter.OncePerRequestFilter.doFilter(OncePerRequestFilter.java:119)
org.apache.catalina.core.ApplicationFilterChain.internalDoFilter(ApplicationFilterChain.java:193)
org.apache.catalina.core.ApplicationFilterChain.doFilter(ApplicationFilterChain.java:166)
org.springframework.web.filter.CharacterEncodingFilter.doFilterInternal(CharacterEncodingFilter.java:201)
org.springframework.web.filter.OncePerRequestFilter.doFilter(OncePerRequestFilter.java:119)
org.apache.catalina.core.ApplicationFilterChain.internalDoFilter(ApplicationFilterChain.java:193)
org.apache.catalina.core.ApplicationFilterChain.doFilter(ApplicationFilterChain.java:166)
org.apache.catalina.core.StandardWrapperValve.invoke(StandardWrapperValve.java:202)
org.apache.catalina.core.StandardContextValve.invoke(StandardContextValve.java:96)
org.apache.catalina.authenticator.AuthenticatorBase.invoke(AuthenticatorBase.java:541)
org.apache.catalina.core.StandardHostValve.invoke(StandardHostValve.java:139)
org.apache.catalina.valves.ErrorReportValve.invoke(ErrorReportValve.java:92)
org.apache.catalina.core.StandardEngineValve.invoke(StandardEngineValve.java:74)
org.apache.catalina.connector.CoyoteAdapter.service(CoyoteAdapter.java:343)
org.apache.coyote.http11.Http11Processor.service(Http11Processor.java:373)
org.apache.coyote.AbstractProcessorLight.process(AbstractProcessorLight.java:65)
org.apache.coyote.AbstractProtocol$ConnectionHandler.process(AbstractProtocol.java:868)
org.apache.tomcat.util.net.NioEndpoint$SocketProcessor.doRun(NioEndpoint.java:1594)
org.apache.tomcat.util.net.SocketProcessorBase.run(SocketProcessorBase.java:49)
java.util.concurrent.ThreadPoolExecutor.runWorker(Unknown Source)
java.util.concurrent.ThreadPoolExecutor$Worker.run(Unknown Source)
org.apache.tomcat.util.threads.TaskThread$WrappingRunnable.run(TaskThread.java:61)
java.lang.Thread.run(Unknown Source)

18:02:33.282 INFO  x.myblog.controller.BaseController - {"title":"","keyWord":"","modifyDate":"","operation":"query"}
18:02:33.283 INFO  x.myblog.controller.BaseController - 输入参数 {"title":"","keyWord":"","modifyDate":"","operation":"query"}
18:02:33.283 INFO  x.myblog.controller.BaseController - queryConditionSql:  1 = 1 
18:03:21.328 INFO  x.myblog.controller.BaseController - {"title":"11","keyWord":"11","digest":"11","user":"xuecl","operation":"save"}
18:03:21.329 INFO  x.myblog.controller.BaseController - 输入参数 {"title":"11","keyWord":"11","digest":"11","user":"xuecl","operation":"save"}
18:03:21.329 INFO  x.myblog.controller.BaseController - queryConditionSql: blogTitle='11'  
18:03:21.574 INFO  x.myblog.controller.BaseController - {"operation":"queryById","id":64}
18:03:21.577 INFO  x.myblog.controller.BaseController - 输入参数 {"operation":"queryById","id":64}
18:03:42.731 INFO  x.myblog.controller.BaseController - {"title":"","keyWord":"","modifyDate":"","operation":"query"}
18:03:42.732 INFO  x.myblog.controller.BaseController - 输入参数 {"title":"","keyWord":"","modifyDate":"","operation":"query"}
18:03:42.732 INFO  x.myblog.controller.BaseController - queryConditionSql:  1 = 1 
18:03:47.158 INFO  x.myblog.controller.BaseController - {"id":64,"operation":"delete"}
18:03:47.160 INFO  x.myblog.controller.BaseController - 输入参数 {"id":64,"operation":"delete"}
18:03:47.250 INFO  x.myblog.controller.BaseController - {"title":"","keyWord":"","modifyDate":"","operation":"query"}
18:03:47.251 INFO  x.myblog.controller.BaseController - 输入参数 {"title":"","keyWord":"","modifyDate":"","operation":"query"}
18:03:47.251 INFO  x.myblog.controller.BaseController - queryConditionSql:  1 = 1 
18:04:08.564 INFO  x.myblog.controller.BaseController - {"id":63,"title":"123","keyWord":"11","digest":"111","user":"xuecl","operation":"save"}
18:04:08.566 INFO  x.myblog.controller.BaseController - 输入参数 {"id":63,"title":"123","keyWord":"11","digest":"111","user":"xuecl","operation":"save"}
18:04:08.663 INFO  x.myblog.controller.BaseController - {"title":"","keyWord":"","modifyDate":"","operation":"query"}
18:04:08.664 INFO  x.myblog.controller.BaseController - 输入参数 {"title":"","keyWord":"","modifyDate":"","operation":"query"}
18:04:08.664 INFO  x.myblog.controller.BaseController - queryConditionSql:  1 = 1 
18:05:46.604 INFO  x.myblog.controller.BaseController - {"operation":"queryById","id":63}
18:05:46.605 INFO  x.myblog.controller.BaseController - 输入参数 {"operation":"queryById","id":63}
18:05:50.381 INFO  x.myblog.controller.BaseController - {"title":"","keyWord":"","modifyDate":"","operation":"query"}
18:05:50.382 INFO  x.myblog.controller.BaseController - 输入参数 {"title":"","keyWord":"","modifyDate":"","operation":"query"}
18:05:50.382 INFO  x.myblog.controller.BaseController - queryConditionSql:  1 = 1 
18:05:52.449 INFO  x.myblog.controller.BaseController - {"operation":"queryById","id":60}
18:05:52.450 INFO  x.myblog.controller.BaseController - 输入参数 {"operation":"queryById","id":60}
18:06:04.746 INFO  x.myblog.controller.BaseController - {"id":60,"title":"优先度事项","keyWord":null,"content":"* [ ] git的学习，毕竟没有代码管理工具没法更新代码\n* [x] 新增blog时，原本已删除的标题也不能使用的bug修复下\n* [ ] 查看的页面完成，查看文章的时候没有必要将编辑部分也展示出来。看有没有办法像网上的那些教程一样在查看的时候分成一节一节的\n    * 查询页面和编辑页面可以使用同一个vue文件\n    * 先进入查询页面，在查询页面中可以切换为编辑模式\n* [x] 劫持ctrl s快捷键用于保存文章\n* [ ] 每个api加上防抖\n* [ ] 文章保存完成之前如果退出页面要有提示\n    * 每次保存的时候，后端把保存后的内容返回，前端存储。\n    * 前端要退出的时候将编辑器里的内容同之前后端返回的内容对比看是否一致,不一致要提示\n* [ ] electron的学习，好像能将前端项目打包成exe\n* [ ] 考虑下备份功能，程序有bug的话一不下心就把内容全删了，坑的一笔\n* [ ] 考虑下新的功能模块。随想，知识，action-list应该分为三个模块\n* [ ] 后端的日志考虑下怎么打印更合理，每个功能或者每个接口单独输出日志？\n* [ ] 学习下后端项目要怎么部署，不能每次开eclipse启动项目。部署之后要检查下图片的路径，和之前可能会不一样\n* [ ] 增加登陆功能\n* [ ] 项目美化下，能不能弄个黑色背景？","digest":"项目的优先度列表","user":"xuecl","operation":"save"}
18:06:04.748 INFO  x.myblog.controller.BaseController - 输入参数 {"id":60,"title":"优先度事项","keyWord":null,"content":"* [ ] git的学习，毕竟没有代码管理工具没法更新代码\n* [x] 新增blog时，原本已删除的标题也不能使用的bug修复下\n* [ ] 查看的页面完成，查看文章的时候没有必要将编辑部分也展示出来。看有没有办法像网上的那些教程一样在查看的时候分成一节一节的\n    * 查询页面和编辑页面可以使用同一个vue文件\n    * 先进入查询页面，在查询页面中可以切换为编辑模式\n* [x] 劫持ctrl s快捷键用于保存文章\n* [ ] 每个api加上防抖\n* [ ] 文章保存完成之前如果退出页面要有提示\n    * 每次保存的时候，后端把保存后的内容返回，前端存储。\n    * 前端要退出的时候将编辑器里的内容同之前后端返回的内容对比看是否一致,不一致要提示\n* [ ] electron的学习，好像能将前端项目打包成exe\n* [ ] 考虑下备份功能，程序有bug的话一不下心就把内容全删了，坑的一笔\n* [ ] 考虑下新的功能模块。随想，知识，action-list应该分为三个模块\n* [ ] 后端的日志考虑下怎么打印更合理，每个功能或者每个接口单独输出日志？\n* [ ] 学习下后端项目要怎么部署，不能每次开eclipse启动项目。部署之后要检查下图片的路径，和之前可能会不一样\n* [ ] 增加登陆功能\n* [ ] 项目美化下，能不能弄个黑色背景？","digest":"项目的优先度列表","user":"xuecl","operation":"save"}
18:25:47.850 INFO  x.myblog.controller.BaseController - {"title":"","keyWord":"","modifyDate":"","operation":"query"}
18:25:47.851 INFO  x.myblog.controller.BaseController - 输入参数 {"title":"","keyWord":"","modifyDate":"","operation":"query"}
18:25:47.851 INFO  x.myblog.controller.BaseController - queryConditionSql:  1 = 1 
18:25:49.440 INFO  x.myblog.controller.BaseController - {"operation":"queryById","id":63}
18:25:49.441 INFO  x.myblog.controller.BaseController - 输入参数 {"operation":"queryById","id":63}
18:26:03.136 INFO  x.myblog.controller.BaseController - {"title":"","keyWord":"","modifyDate":"","operation":"query"}
18:26:03.137 INFO  x.myblog.controller.BaseController - 输入参数 {"title":"","keyWord":"","modifyDate":"","operation":"query"}
18:26:03.137 INFO  x.myblog.controller.BaseController - queryConditionSql:  1 = 1 
18:26:05.321 INFO  x.myblog.controller.BaseController - {"operation":"queryById","id":63}
18:26:05.322 INFO  x.myblog.controller.BaseController - 输入参数 {"operation":"queryById","id":63}
18:26:15.800 INFO  x.myblog.controller.BaseController - {"operation":"queryById","id":63}
18:26:15.801 INFO  x.myblog.controller.BaseController - 输入参数 {"operation":"queryById","id":63}
18:26:45.133 INFO  x.myblog.controller.BaseController - {"title":"","keyWord":"","modifyDate":"","operation":"query"}
18:26:45.135 INFO  x.myblog.controller.BaseController - 输入参数 {"title":"","keyWord":"","modifyDate":"","operation":"query"}
18:26:45.135 INFO  x.myblog.controller.BaseController - queryConditionSql:  1 = 1 
18:26:46.474 INFO  x.myblog.controller.BaseController - {"operation":"queryById","id":59}
18:26:46.476 INFO  x.myblog.controller.BaseController - 输入参数 {"operation":"queryById","id":59}
18:28:42.903 INFO  x.myblog.controller.BaseController - {"title":"","keyWord":"","modifyDate":"","operation":"query"}
18:28:42.905 INFO  x.myblog.controller.BaseController - 输入参数 {"title":"","keyWord":"","modifyDate":"","operation":"query"}
18:28:42.906 INFO  x.myblog.controller.BaseController - queryConditionSql:  1 = 1 
18:28:44.276 INFO  x.myblog.controller.BaseController - {"operation":"queryById","id":58}
18:28:44.277 INFO  x.myblog.controller.BaseController - 输入参数 {"operation":"queryById","id":58}
18:31:13.362 INFO  x.myblog.controller.BaseController - {"title":"","keyWord":"","modifyDate":"","operation":"query"}
18:31:13.363 INFO  x.myblog.controller.BaseController - 输入参数 {"title":"","keyWord":"","modifyDate":"","operation":"query"}
18:31:13.363 INFO  x.myblog.controller.BaseController - queryConditionSql:  1 = 1 
18:31:16.263 INFO  x.myblog.controller.BaseController - {"operation":"queryById","id":60}
18:31:16.264 INFO  x.myblog.controller.BaseController - 输入参数 {"operation":"queryById","id":60}
18:31:51.136 INFO  x.myblog.controller.BaseController - {"title":"","keyWord":"","modifyDate":"","operation":"query"}
18:31:51.138 INFO  x.myblog.controller.BaseController - 输入参数 {"title":"","keyWord":"","modifyDate":"","operation":"query"}
18:31:51.139 INFO  x.myblog.controller.BaseController - queryConditionSql:  1 = 1 
18:31:52.606 INFO  x.myblog.controller.BaseController - {"operation":"queryById","id":60}
18:31:52.607 INFO  x.myblog.controller.BaseController - 输入参数 {"operation":"queryById","id":60}
18:47:02.840 INFO  x.myblog.controller.BaseController - {"title":"","keyWord":"","modifyDate":"","operation":"query"}
18:47:02.841 INFO  x.myblog.controller.BaseController - 输入参数 {"title":"","keyWord":"","modifyDate":"","operation":"query"}
18:47:02.841 INFO  x.myblog.controller.BaseController - queryConditionSql:  1 = 1 
18:47:04.081 INFO  x.myblog.controller.BaseController - {"operation":"queryById","id":63}
18:47:04.082 INFO  x.myblog.controller.BaseController - 输入参数 {"operation":"queryById","id":63}
18:47:12.181 INFO  x.myblog.controller.BaseController - {"title":"","keyWord":"","modifyDate":"","operation":"query"}
18:47:12.182 INFO  x.myblog.controller.BaseController - 输入参数 {"title":"","keyWord":"","modifyDate":"","operation":"query"}
18:47:12.182 INFO  x.myblog.controller.BaseController - queryConditionSql:  1 = 1 
18:47:14.291 INFO  x.myblog.controller.BaseController - {"operation":"queryById","id":60}
18:47:14.294 INFO  x.myblog.controller.BaseController - 输入参数 {"operation":"queryById","id":60}
18:48:14.444 INFO  x.myblog.controller.BaseController - {"title":"","keyWord":"","modifyDate":"","operation":"query"}
18:48:14.445 INFO  x.myblog.controller.BaseController - 输入参数 {"title":"","keyWord":"","modifyDate":"","operation":"query"}
18:48:14.445 INFO  x.myblog.controller.BaseController - queryConditionSql:  1 = 1 
18:48:15.697 INFO  x.myblog.controller.BaseController - {"operation":"queryById","id":60}
18:48:15.698 INFO  x.myblog.controller.BaseController - 输入参数 {"operation":"queryById","id":60}
18:49:54.275 INFO  x.myblog.controller.BaseController - {"title":"","keyWord":"","modifyDate":"","operation":"query"}
18:49:54.276 INFO  x.myblog.controller.BaseController - 输入参数 {"title":"","keyWord":"","modifyDate":"","operation":"query"}
18:49:54.276 INFO  x.myblog.controller.BaseController - queryConditionSql:  1 = 1 
18:49:55.865 INFO  x.myblog.controller.BaseController - {"operation":"queryById","id":60}
18:49:55.866 INFO  x.myblog.controller.BaseController - 输入参数 {"operation":"queryById","id":60}
18:50:30.636 INFO  x.myblog.controller.BaseController - {"title":"","keyWord":"","modifyDate":"","operation":"query"}
18:50:30.637 INFO  x.myblog.controller.BaseController - 输入参数 {"title":"","keyWord":"","modifyDate":"","operation":"query"}
18:50:30.637 INFO  x.myblog.controller.BaseController - queryConditionSql:  1 = 1 
18:50:35.018 INFO  x.myblog.controller.BaseController - {"operation":"queryById","id":60}
18:50:35.020 INFO  x.myblog.controller.BaseController - 输入参数 {"operation":"queryById","id":60}
18:54:15.001 INFO  x.myblog.controller.BaseController - {"title":"","keyWord":"","modifyDate":"","operation":"query"}
18:54:15.003 INFO  x.myblog.controller.BaseController - 输入参数 {"title":"","keyWord":"","modifyDate":"","operation":"query"}
18:54:15.003 INFO  x.myblog.controller.BaseController - queryConditionSql:  1 = 1 
18:54:16.941 INFO  x.myblog.controller.BaseController - {"operation":"queryById","id":60}
18:54:16.942 INFO  x.myblog.controller.BaseController - 输入参数 {"operation":"queryById","id":60}
18:55:06.009 INFO  x.myblog.controller.BaseController - {"title":"","keyWord":"","modifyDate":"","operation":"query"}
18:55:06.010 INFO  x.myblog.controller.BaseController - 输入参数 {"title":"","keyWord":"","modifyDate":"","operation":"query"}
18:55:06.011 INFO  x.myblog.controller.BaseController - queryConditionSql:  1 = 1 
18:55:07.842 INFO  x.myblog.controller.BaseController - {"operation":"queryById","id":60}
18:55:07.843 INFO  x.myblog.controller.BaseController - 输入参数 {"operation":"queryById","id":60}
18:58:46.882 INFO  x.myblog.controller.BaseController - {"title":"","keyWord":"","modifyDate":"","operation":"query"}
18:58:46.884 INFO  x.myblog.controller.BaseController - 输入参数 {"title":"","keyWord":"","modifyDate":"","operation":"query"}
18:58:46.884 INFO  x.myblog.controller.BaseController - queryConditionSql:  1 = 1 
18:58:51.328 INFO  x.myblog.controller.BaseController - {"operation":"queryById","id":60}
18:58:51.329 INFO  x.myblog.controller.BaseController - 输入参数 {"operation":"queryById","id":60}
18:59:35.654 INFO  x.myblog.controller.BaseController - {"title":"","keyWord":"","modifyDate":"","operation":"query"}
18:59:35.656 INFO  x.myblog.controller.BaseController - 输入参数 {"title":"","keyWord":"","modifyDate":"","operation":"query"}
18:59:35.656 INFO  x.myblog.controller.BaseController - queryConditionSql:  1 = 1 
18:59:39.206 INFO  x.myblog.controller.BaseController - {"operation":"queryById","id":60}
18:59:39.207 INFO  x.myblog.controller.BaseController - 输入参数 {"operation":"queryById","id":60}
19:44:27.136 INFO  x.myblog.controller.BaseController - {"operation":"queryById","id":60}
19:44:27.137 INFO  x.myblog.controller.BaseController - 输入参数 {"operation":"queryById","id":60}
19:44:38.179 INFO  x.myblog.controller.BaseController - {"title":"","keyWord":"","modifyDate":"","operation":"query"}
19:44:38.180 INFO  x.myblog.controller.BaseController - 输入参数 {"title":"","keyWord":"","modifyDate":"","operation":"query"}
19:44:38.180 INFO  x.myblog.controller.BaseController - queryConditionSql:  1 = 1 
19:44:40.583 INFO  x.myblog.controller.BaseController - {"operation":"queryById","id":60}
19:44:40.585 INFO  x.myblog.controller.BaseController - 输入参数 {"operation":"queryById","id":60}
19:45:03.366 INFO  x.myblog.controller.BaseController - {"title":"","keyWord":"","modifyDate":"","operation":"query"}
19:45:03.367 INFO  x.myblog.controller.BaseController - 输入参数 {"title":"","keyWord":"","modifyDate":"","operation":"query"}
19:45:03.367 INFO  x.myblog.controller.BaseController - queryConditionSql:  1 = 1 
19:45:04.395 INFO  x.myblog.controller.BaseController - {"operation":"queryById","id":60}
19:45:04.396 INFO  x.myblog.controller.BaseController - 输入参数 {"operation":"queryById","id":60}
19:46:59.275 INFO  x.myblog.controller.BaseController - {"title":"","keyWord":"","modifyDate":"","operation":"query"}
19:46:59.276 INFO  x.myblog.controller.BaseController - 输入参数 {"title":"","keyWord":"","modifyDate":"","operation":"query"}
19:46:59.277 INFO  x.myblog.controller.BaseController - queryConditionSql:  1 = 1 
19:50:48.116 INFO  x.myblog.controller.BaseController - {"operation":"queryById","id":60}
19:50:48.118 INFO  x.myblog.controller.BaseController - 输入参数 {"operation":"queryById","id":60}
19:50:53.491 INFO  x.myblog.controller.BaseController - {"title":"","keyWord":"","modifyDate":"","operation":"query"}
19:50:53.492 INFO  x.myblog.controller.BaseController - 输入参数 {"title":"","keyWord":"","modifyDate":"","operation":"query"}
19:50:53.492 INFO  x.myblog.controller.BaseController - queryConditionSql:  1 = 1 
19:50:54.385 INFO  x.myblog.controller.BaseController - {"operation":"queryById","id":60}
19:50:54.388 INFO  x.myblog.controller.BaseController - 输入参数 {"operation":"queryById","id":60}
19:51:38.238 INFO  x.myblog.controller.BaseController - {"title":"","keyWord":"","modifyDate":"","operation":"query"}
19:51:38.240 INFO  x.myblog.controller.BaseController - 输入参数 {"title":"","keyWord":"","modifyDate":"","operation":"query"}
19:51:38.240 INFO  x.myblog.controller.BaseController - queryConditionSql:  1 = 1 
19:51:39.882 INFO  x.myblog.controller.BaseController - {"operation":"queryById","id":60}
19:51:39.883 INFO  x.myblog.controller.BaseController - 输入参数 {"operation":"queryById","id":60}
19:52:58.779 INFO  x.myblog.controller.BaseController - {"title":"","keyWord":"","modifyDate":"","operation":"query"}
19:52:58.780 INFO  x.myblog.controller.BaseController - 输入参数 {"title":"","keyWord":"","modifyDate":"","operation":"query"}
19:52:58.780 INFO  x.myblog.controller.BaseController - queryConditionSql:  1 = 1 
19:53:00.067 INFO  x.myblog.controller.BaseController - {"operation":"queryById","id":60}
19:53:00.068 INFO  x.myblog.controller.BaseController - 输入参数 {"operation":"queryById","id":60}
19:53:37.093 INFO  x.myblog.controller.BaseController - {"operation":"queryById","id":60}
19:53:37.095 INFO  x.myblog.controller.BaseController - 输入参数 {"operation":"queryById","id":60}
19:53:54.490 INFO  x.myblog.controller.BaseController - {"operation":"queryById","id":60}
19:53:54.491 INFO  x.myblog.controller.BaseController - 输入参数 {"operation":"queryById","id":60}
19:54:00.826 INFO  x.myblog.controller.BaseController - {"operation":"queryById","id":60}
19:54:00.827 INFO  x.myblog.controller.BaseController - 输入参数 {"operation":"queryById","id":60}
19:54:12.563 INFO  x.myblog.controller.BaseController - {"id":60,"title":"优先度事项","keyWord":null,"content":"* [ ] git的学习，毕竟没有代码管理工具没法更新代码\n* [x] 新增blog时，原本已删除的标题也不能使用的bug修复下\n* [ ] 查看的页面完成，查看文章的时候没有必要将编辑部分也展示出来。看有没有办法像网上的那些教程一样在查看的时候分成一节一节的\n    * 查询页面和编辑页面可以使用同一个vue文件\n    * 先进入查询页面，在查询页面中可以切换为编辑模式\n* [x] 劫持ctrl s快捷键用于保存文章\n* [ ] 每个api加上防抖\n* [ ] 文章保存完成之前如果退出页面要有提示\n    * 每次保存的时候，后端把保存后的内容返回，前端存储。\n    * 前端要退出的时候将编辑器里的内容同之前后端返回的内容对比看是否一致,不一致要提示\n* [ ] electron的学习，好像能将前端项目打包成exe\n* [ ] 考虑下备份功能，程序有bug的话一不下心就把内容全删了，坑的一笔\n* [ ] 考虑下新的功能模块。随想，知识，action-list应该分为三个模块\n* [ ] 后端的日志考虑下怎么打印更合理，每个功能或者每个接口单独输出日志？\n* [ ] 学习下后端项目要怎么部署，不能每次开eclipse启动项目。部署之后要检查下图片的路径，和之前可能会不一样\n* [ ] 增加登陆功能\n* [ ] 项目美化下，能不能弄个黑色背景？","digest":"项目的优先度列表","user":"xuecl","operation":"save"}
19:54:12.565 INFO  x.myblog.controller.BaseController - 输入参数 {"id":60,"title":"优先度事项","keyWord":null,"content":"* [ ] git的学习，毕竟没有代码管理工具没法更新代码\n* [x] 新增blog时，原本已删除的标题也不能使用的bug修复下\n* [ ] 查看的页面完成，查看文章的时候没有必要将编辑部分也展示出来。看有没有办法像网上的那些教程一样在查看的时候分成一节一节的\n    * 查询页面和编辑页面可以使用同一个vue文件\n    * 先进入查询页面，在查询页面中可以切换为编辑模式\n* [x] 劫持ctrl s快捷键用于保存文章\n* [ ] 每个api加上防抖\n* [ ] 文章保存完成之前如果退出页面要有提示\n    * 每次保存的时候，后端把保存后的内容返回，前端存储。\n    * 前端要退出的时候将编辑器里的内容同之前后端返回的内容对比看是否一致,不一致要提示\n* [ ] electron的学习，好像能将前端项目打包成exe\n* [ ] 考虑下备份功能，程序有bug的话一不下心就把内容全删了，坑的一笔\n* [ ] 考虑下新的功能模块。随想，知识，action-list应该分为三个模块\n* [ ] 后端的日志考虑下怎么打印更合理，每个功能或者每个接口单独输出日志？\n* [ ] 学习下后端项目要怎么部署，不能每次开eclipse启动项目。部署之后要检查下图片的路径，和之前可能会不一样\n* [ ] 增加登陆功能\n* [ ] 项目美化下，能不能弄个黑色背景？","digest":"项目的优先度列表","user":"xuecl","operation":"save"}
19:54:23.976 INFO  x.myblog.controller.BaseController - {"operation":"queryById","id":60}
19:54:23.976 INFO  x.myblog.controller.BaseController - 输入参数 {"operation":"queryById","id":60}
19:54:32.110 INFO  x.myblog.controller.BaseController - {"title":"","keyWord":"","modifyDate":"","operation":"query"}
19:54:32.111 INFO  x.myblog.controller.BaseController - 输入参数 {"title":"","keyWord":"","modifyDate":"","operation":"query"}
19:54:32.111 INFO  x.myblog.controller.BaseController - queryConditionSql:  1 = 1 
19:54:34.557 INFO  x.myblog.controller.BaseController - {"operation":"queryById","id":63}
19:54:34.559 INFO  x.myblog.controller.BaseController - 输入参数 {"operation":"queryById","id":63}
19:54:36.321 INFO  x.myblog.controller.BaseController - {"operation":"queryById","id":63}
19:54:36.322 INFO  x.myblog.controller.BaseController - 输入参数 {"operation":"queryById","id":63}
19:55:02.920 INFO  x.myblog.controller.BaseController - {"title":"","keyWord":"","modifyDate":"","operation":"query"}
19:55:02.921 INFO  x.myblog.controller.BaseController - 输入参数 {"title":"","keyWord":"","modifyDate":"","operation":"query"}
19:55:02.921 INFO  x.myblog.controller.BaseController - queryConditionSql:  1 = 1 
19:55:04.293 INFO  x.myblog.controller.BaseController - {"operation":"queryById","id":60}
19:55:04.294 INFO  x.myblog.controller.BaseController - 输入参数 {"operation":"queryById","id":60}
19:55:12.773 INFO  x.myblog.controller.BaseController - {"operation":"queryById","id":60}
19:55:12.774 INFO  x.myblog.controller.BaseController - 输入参数 {"operation":"queryById","id":60}
19:55:29.062 INFO  x.myblog.controller.BaseController - {"id":60,"title":"优先度事项","keyWord":null,"content":"* [ ] git的学习，毕竟没有代码管理工具没法更新代码\n* [x] 新增blog时，原本已删除的标题也不能使用的bug修复下\n* [ ] 查看的页面完成，查看文章的时候没有必要将编辑部分也展示出来。看有没有办法像网上的那些教程一样在查看的时候分成一节一节的\n    * ~~查询页面和编辑页面可以使用同一个vue文件~~\n    * 先进入查询页面，在查询页面中可以切换为编辑模式\n* [x] 劫持ctrl s快捷键用于保存文章\n* [ ] 每个api加上防抖\n* [ ] 文章保存完成之前如果退出页面要有提示\n    * 每次保存的时候，后端把保存后的内容返回，前端存储。\n    * 前端要退出的时候将编辑器里的内容同之前后端返回的内容对比看是否一致,不一致要提示\n* [ ] electron的学习，好像能将前端项目打包成exe\n* [ ] 考虑下备份功能，程序有bug的话一不下心就把内容全删了，坑的一笔\n* [ ] 考虑下新的功能模块。随想，知识，action-list应该分为三个模块\n* [ ] 后端的日志考虑下怎么打印更合理，每个功能或者每个接口单独输出日志？\n* [ ] 学习下后端项目要怎么部署，不能每次开eclipse启动项目。部署之后要检查下图片的路径，和之前可能会不一样\n* [ ] 增加登陆功能\n* [ ] 项目美化下，能不能弄个黑色背景？","digest":"项目的优先度列表","user":"xuecl","operation":"save"}
19:55:29.063 INFO  x.myblog.controller.BaseController - 输入参数 {"id":60,"title":"优先度事项","keyWord":null,"content":"* [ ] git的学习，毕竟没有代码管理工具没法更新代码\n* [x] 新增blog时，原本已删除的标题也不能使用的bug修复下\n* [ ] 查看的页面完成，查看文章的时候没有必要将编辑部分也展示出来。看有没有办法像网上的那些教程一样在查看的时候分成一节一节的\n    * ~~查询页面和编辑页面可以使用同一个vue文件~~\n    * 先进入查询页面，在查询页面中可以切换为编辑模式\n* [x] 劫持ctrl s快捷键用于保存文章\n* [ ] 每个api加上防抖\n* [ ] 文章保存完成之前如果退出页面要有提示\n    * 每次保存的时候，后端把保存后的内容返回，前端存储。\n    * 前端要退出的时候将编辑器里的内容同之前后端返回的内容对比看是否一致,不一致要提示\n* [ ] electron的学习，好像能将前端项目打包成exe\n* [ ] 考虑下备份功能，程序有bug的话一不下心就把内容全删了，坑的一笔\n* [ ] 考虑下新的功能模块。随想，知识，action-list应该分为三个模块\n* [ ] 后端的日志考虑下怎么打印更合理，每个功能或者每个接口单独输出日志？\n* [ ] 学习下后端项目要怎么部署，不能每次开eclipse启动项目。部署之后要检查下图片的路径，和之前可能会不一样\n* [ ] 增加登陆功能\n* [ ] 项目美化下，能不能弄个黑色背景？","digest":"项目的优先度列表","user":"xuecl","operation":"save"}
