18:06:00.805 INFO  xuecl.myblog.MyblogApplication - Starting MyblogApplication on DESKTOP-O9S7IM3 with PID 12396 (D:\Software\java-2019-062\workspace\myblog\target\classes started by xuecl in D:\Software\java-2019-062\workspace\myblog)
18:06:00.820 INFO  xuecl.myblog.MyblogApplication - No active profile set, falling back to default profiles: default
18:06:07.284 INFO  o.s.b.w.e.tomcat.TomcatWebServer - Tomcat initialized with port(s): 8080 (http)
18:06:07.320 INFO  o.a.coyote.http11.Http11NioProtocol - Initializing ProtocolHandler ["http-nio-8080"]
18:06:07.335 INFO  o.a.catalina.core.StandardService - Starting service [Tomcat]
18:06:07.335 INFO  o.a.catalina.core.StandardEngine - Starting Servlet engine: [Apache Tomcat/9.0.33]
18:06:07.641 INFO  o.a.c.c.C.[Tomcat].[localhost].[/] - Initializing Spring embedded WebApplicationContext
18:06:07.641 INFO  o.s.web.context.ContextLoader - Root WebApplicationContext: initialization completed in 6590 ms
18:06:08.837 INFO  o.s.s.c.ThreadPoolTaskExecutor - Initializing ExecutorService 'applicationTaskExecutor'
18:06:09.333 INFO  o.s.b.a.w.s.WelcomePageHandlerMapping - Adding welcome page: class path resource [static/index.html]
18:06:09.825 INFO  o.a.coyote.http11.Http11NioProtocol - Starting ProtocolHandler ["http-nio-8080"]
18:06:10.013 INFO  o.s.b.w.e.tomcat.TomcatWebServer - Tomcat started on port(s): 8080 (http) with context path ''
18:06:10.019 INFO  xuecl.myblog.MyblogApplication - Started MyblogApplication in 11.359 seconds (JVM running for 12.154)
18:48:45.072 INFO  xuecl.myblog.MyblogApplication - Starting MyblogApplication on DESKTOP-O9S7IM3 with PID 13268 (D:\Software\java-2019-062\workspace\myblog\target\classes started by xuecl in D:\Software\java-2019-062\workspace\myblog)
18:48:45.081 INFO  xuecl.myblog.MyblogApplication - No active profile set, falling back to default profiles: default
18:48:50.038 INFO  o.s.b.w.e.tomcat.TomcatWebServer - Tomcat initialized with port(s): 8080 (http)
18:48:50.067 INFO  o.a.coyote.http11.Http11NioProtocol - Initializing ProtocolHandler ["http-nio-8080"]
18:48:50.069 INFO  o.a.catalina.core.StandardService - Starting service [Tomcat]
18:48:50.069 INFO  o.a.catalina.core.StandardEngine - Starting Servlet engine: [Apache Tomcat/9.0.33]
18:48:50.270 INFO  o.a.c.c.C.[Tomcat].[localhost].[/] - Initializing Spring embedded WebApplicationContext
18:48:50.271 INFO  o.s.web.context.ContextLoader - Root WebApplicationContext: initialization completed in 5053 ms
18:48:50.991 INFO  o.s.s.c.ThreadPoolTaskExecutor - Initializing ExecutorService 'applicationTaskExecutor'
18:48:51.367 INFO  o.s.b.a.w.s.WelcomePageHandlerMapping - Adding welcome page: class path resource [static/index.html]
18:48:51.593 INFO  o.a.coyote.http11.Http11NioProtocol - Starting ProtocolHandler ["http-nio-8080"]
18:48:51.641 INFO  o.s.b.w.e.tomcat.TomcatWebServer - Tomcat started on port(s): 8080 (http) with context path ''
18:48:51.645 INFO  xuecl.myblog.MyblogApplication - Started MyblogApplication in 7.615 seconds (JVM running for 8.242)
19:15:44.546 INFO  o.a.c.c.C.[Tomcat].[localhost].[/] - Initializing Spring DispatcherServlet 'dispatcherServlet'
19:15:44.547 INFO  o.s.web.servlet.DispatcherServlet - Initializing Servlet 'dispatcherServlet'
19:15:44.560 INFO  o.s.web.servlet.DispatcherServlet - Completed initialization in 13 ms
